<?xml version="1.0" encoding="UTF-8"?>
<testsuite name="com.woowahan.sample.modules.forum.PasswordProtectableTest" tests="1" skipped="0" failures="0" errors="0" timestamp="2016-09-13T06:05:56" hostname="macprong.local" time="0.367">
  <properties/>
  <testcase name="verify" classname="com.woowahan.sample.modules.forum.PasswordProtectableTest" time="0.367"/>
  <system-out><![CDATA[]]></system-out>
  <system-err><![CDATA[]]></system-err>
</testsuite>
