<?xml version="1.0" encoding="UTF-8"?>
<testsuite name="com.woowahan.sample.modules.forum.PasswordHelperTest" tests="2" skipped="0" failures="0" errors="0" timestamp="2016-09-13T06:05:56" hostname="macprong.local" time="0.115">
  <properties/>
  <testcase name="passwordEncoderInjection" classname="com.woowahan.sample.modules.forum.PasswordHelperTest" time="0.001"/>
  <testcase name="printEncodedPassword" classname="com.woowahan.sample.modules.forum.PasswordHelperTest" time="0.113"/>
  <system-out><![CDATA[2016-09-13 15:05:56.487  INFO 26868 --- [    Test worker] o.s.t.c.s.DefaultTestContextBootstrapper : Loaded default TestExecutionListener class names from location [META-INF/spring.factories]: [org.springframework.boot.test.mock.mockito.MockitoTestExecutionListener, org.springframework.boot.test.mock.mockito.ResetMocksTestExecutionListener, org.springframework.boot.test.autoconfigure.AutoConfigureReportTestExecutionListener, org.springframework.boot.test.autoconfigure.restdocs.RestDocsTestExecutionListener, org.springframework.boot.test.autoconfigure.web.client.MockRestServiceServerResetTestExecutionListener, org.springframework.test.context.web.ServletTestExecutionListener, org.springframework.test.context.support.DirtiesContextBeforeModesTestExecutionListener, org.springframework.test.context.support.DependencyInjectionTestExecutionListener, org.springframework.test.context.support.DirtiesContextTestExecutionListener, org.springframework.test.context.transaction.TransactionalTestExecutionListener, org.springframework.test.context.jdbc.SqlScriptsTestExecutionListener]
2016-09-13 15:05:56.487  INFO 26868 --- [    Test worker] o.s.t.c.s.DefaultTestContextBootstrapper : Using TestExecutionListeners: [org.springframework.test.context.web.ServletTestExecutionListener@5598f226, org.springframework.test.context.support.DirtiesContextBeforeModesTestExecutionListener@2f02ec2b, org.springframework.boot.test.autoconfigure.AutoConfigureReportTestExecutionListener@975b7a8, org.springframework.test.context.support.DependencyInjectionTestExecutionListener@bf87df, org.springframework.test.context.support.DirtiesContextTestExecutionListener@12245c2c, org.springframework.test.context.transaction.TransactionalTestExecutionListener@2aff89f7, org.springframework.test.context.jdbc.SqlScriptsTestExecutionListener@e93a3f7, org.springframework.boot.test.mock.mockito.ResetMocksTestExecutionListener@726e5c85, org.springframework.boot.test.autoconfigure.web.client.MockRestServiceServerResetTestExecutionListener@429babd8, org.springframework.boot.test.autoconfigure.restdocs.RestDocsTestExecutionListener@147d224d, org.springframework.boot.test.mock.mockito.MockitoTestExecutionListener@762b72e]
2016-09-13 15:05:56.489  INFO 26868 --- [    Test worker] o.s.c.support.GenericApplicationContext  : Refreshing org.springframework.context.support.GenericApplicationContext@7e85933: startup date [Tue Sep 13 15:05:56 KST 2016]; root of context hierarchy
2016-09-13 15:05:56.628  INFO 26868 --- [    Test worker] c.w.s.modules.forum.PasswordHelperTest   : password -> $2a$10$db72WVRuTtZLrDwcXUIMbeKH/RP.xii6hgzRiZVIq3GbVtqmlywGu
]]></system-out>
  <system-err><![CDATA[]]></system-err>
</testsuite>
