<?xml version="1.0" encoding="UTF-8"?>
<testsuite name="com.woowahan.sample.modules.forum.components.SampleForumServiceTest" tests="2" skipped="0" failures="0" errors="0" timestamp="2016-09-13T06:05:56" hostname="macprong.local" time="0.034">
  <properties/>
  <testcase name="categoryNotFound" classname="com.woowahan.sample.modules.forum.components.SampleForumServiceTest" time="0.022"/>
  <testcase name="categoryFound" classname="com.woowahan.sample.modules.forum.components.SampleForumServiceTest" time="0.01"/>
  <system-out><![CDATA[2016-09-13 15:05:56.256  INFO 26868 --- [    Test worker] o.s.t.c.s.DefaultTestContextBootstrapper : Loaded default TestExecutionListener class names from location [META-INF/spring.factories]: [org.springframework.boot.test.mock.mockito.MockitoTestExecutionListener, org.springframework.boot.test.mock.mockito.ResetMocksTestExecutionListener, org.springframework.boot.test.autoconfigure.AutoConfigureReportTestExecutionListener, org.springframework.boot.test.autoconfigure.restdocs.RestDocsTestExecutionListener, org.springframework.boot.test.autoconfigure.web.client.MockRestServiceServerResetTestExecutionListener, org.springframework.test.context.web.ServletTestExecutionListener, org.springframework.test.context.support.DirtiesContextBeforeModesTestExecutionListener, org.springframework.test.context.support.DependencyInjectionTestExecutionListener, org.springframework.test.context.support.DirtiesContextTestExecutionListener, org.springframework.test.context.transaction.TransactionalTestExecutionListener, org.springframework.test.context.jdbc.SqlScriptsTestExecutionListener]
2016-09-13 15:05:56.258  INFO 26868 --- [    Test worker] o.s.t.c.s.DefaultTestContextBootstrapper : Using TestExecutionListeners: [org.springframework.test.context.web.ServletTestExecutionListener@381165fc, org.springframework.test.context.support.DirtiesContextBeforeModesTestExecutionListener@5e60d218, org.springframework.boot.test.autoconfigure.AutoConfigureReportTestExecutionListener@3a761130, org.springframework.test.context.support.DependencyInjectionTestExecutionListener@2db90505, org.springframework.test.context.support.DirtiesContextTestExecutionListener@1eb4bbcb, org.springframework.test.context.transaction.TransactionalTestExecutionListener@469c5a17, org.springframework.test.context.jdbc.SqlScriptsTestExecutionListener@4ce92c65, org.springframework.boot.test.mock.mockito.ResetMocksTestExecutionListener@299d99d0, org.springframework.boot.test.autoconfigure.web.client.MockRestServiceServerResetTestExecutionListener@124c05cb, org.springframework.boot.test.autoconfigure.restdocs.RestDocsTestExecutionListener@3624a977, org.springframework.boot.test.mock.mockito.MockitoTestExecutionListener@33ab21d2]
2016-09-13 15:05:56.262  INFO 26868 --- [    Test worker] o.s.c.support.GenericApplicationContext  : Refreshing org.springframework.context.support.GenericApplicationContext@76bd6d6e: startup date [Tue Sep 13 15:05:56 KST 2016]; root of context hierarchy
]]></system-out>
  <system-err><![CDATA[]]></system-err>
</testsuite>
