<?xml version="1.0" encoding="UTF-8"?>
<testsuite name="com.woowahan.sample.api.ForumRestControllerTest" tests="3" skipped="0" failures="0" errors="0" timestamp="2016-09-13T06:05:55" hostname="macprong.local" time="0.869">
  <properties/>
  <testcase name="writeTopic_ValidationFailed" classname="com.woowahan.sample.api.ForumRestControllerTest" time="0.445"/>
  <testcase name="topics" classname="com.woowahan.sample.api.ForumRestControllerTest" time="0.229"/>
  <testcase name="writeTopic" classname="com.woowahan.sample.api.ForumRestControllerTest" time="0.191"/>
  <system-out><![CDATA[2016-09-13 15:05:52.799  INFO 26868 --- [    Test worker] .b.t.c.SpringBootTestContextBootstrapper : Neither @ContextConfiguration nor @ContextHierarchy found for test class [com.woowahan.sample.api.ForumRestControllerTest], using SpringBootContextLoader
2016-09-13 15:05:52.800  INFO 26868 --- [    Test worker] o.s.t.c.support.AbstractContextLoader    : Could not detect default resource locations for test class [com.woowahan.sample.api.ForumRestControllerTest]: no resource found for suffixes {-context.xml, Context.groovy}.
2016-09-13 15:05:52.805 DEBUG 26868 --- [    Test worker] .b.t.c.SpringBootTestContextBootstrapper : @TestExecutionListeners is not present for class [com.woowahan.sample.api.ForumRestControllerTest]: using defaults.
2016-09-13 15:05:52.808  INFO 26868 --- [    Test worker] .b.t.c.SpringBootTestContextBootstrapper : Loaded default TestExecutionListener class names from location [META-INF/spring.factories]: [org.springframework.boot.test.mock.mockito.MockitoTestExecutionListener, org.springframework.boot.test.mock.mockito.ResetMocksTestExecutionListener, org.springframework.boot.test.autoconfigure.AutoConfigureReportTestExecutionListener, org.springframework.boot.test.autoconfigure.restdocs.RestDocsTestExecutionListener, org.springframework.boot.test.autoconfigure.web.client.MockRestServiceServerResetTestExecutionListener, org.springframework.test.context.web.ServletTestExecutionListener, org.springframework.test.context.support.DirtiesContextBeforeModesTestExecutionListener, org.springframework.test.context.support.DependencyInjectionTestExecutionListener, org.springframework.test.context.support.DirtiesContextTestExecutionListener, org.springframework.test.context.transaction.TransactionalTestExecutionListener, org.springframework.test.context.jdbc.SqlScriptsTestExecutionListener]
2016-09-13 15:05:52.808  INFO 26868 --- [    Test worker] .b.t.c.SpringBootTestContextBootstrapper : Using TestExecutionListeners: [org.springframework.test.context.web.ServletTestExecutionListener@2f6dee4a, org.springframework.test.context.support.DirtiesContextBeforeModesTestExecutionListener@1c710955, org.springframework.boot.test.autoconfigure.AutoConfigureReportTestExecutionListener@2466a7ec, org.springframework.test.context.support.DependencyInjectionTestExecutionListener@4b06750f, org.springframework.test.context.support.DirtiesContextTestExecutionListener@bd9dd9b, org.springframework.test.context.transaction.TransactionalTestExecutionListener@1ff65614, org.springframework.test.context.jdbc.SqlScriptsTestExecutionListener@ebedbc1, org.springframework.boot.test.mock.mockito.ResetMocksTestExecutionListener@76686914, org.springframework.boot.test.autoconfigure.web.client.MockRestServiceServerResetTestExecutionListener@33184747, org.springframework.boot.test.autoconfigure.restdocs.RestDocsTestExecutionListener@1e73e1c6, org.springframework.boot.test.mock.mockito.MockitoTestExecutionListener@666b411a]
2016-09-13 15:05:52.858 DEBUG 26868 --- [    Test worker] .b.l.ClasspathLoggingApplicationListener : Application started with classpath: [file:/Users/ykpark/.gradle/caches/3.0/workerMain/gradle-worker.jar, file:/Users/ykpark/office/projects/ng-baeminfresh/baeminfresh-api/build/classes/test/, file:/Users/ykpark/office/projects/ng-baeminfresh/baeminfresh-api/build/resources/test, file:/Users/ykpark/office/projects/ng-baeminfresh/baeminfresh-api/build/classes/main/, file:/Users/ykpark/office/projects/ng-baeminfresh/baeminfresh-api/build/resources/main/, file:/Users/ykpark/.gradle/caches/modules-2/files-2.1/org.springframework.boot/spring-boot-starter-web/1.4.0.RELEASE/bcefa854b75a7e0bcf612bfbe030bdcb05c9da82/spring-boot-starter-web-1.4.0.RELEASE.jar, file:/Users/ykpark/.gradle/caches/modules-2/files-2.1/org.springframework.boot/spring-boot-starter-data-jpa/1.4.0.RELEASE/d373fd566589910cdde69ca3b9de79c433eb29dd/spring-boot-starter-data-jpa-1.4.0.RELEASE.jar, file:/Users/ykpark/.gradle/caches/modules-2/files-2.1/org.springframework.security/spring-security-crypto/4.1.1.RELEASE/b3f11688603f33947bc5b89481c98a0c31864dde/spring-security-crypto-4.1.1.RELEASE.jar, file:/Users/ykpark/.gradle/caches/modules-2/files-2.1/org.projectlombok/lombok/1.16.10/7bd6fc5b3fb7a77c710226ffaa785b404b620ba0/lombok-1.16.10.jar, file:/Users/ykpark/.gradle/caches/modules-2/files-2.1/mysql/mysql-connector-java/5.1.38/dbbd7cd309ce167ec8367de4e41c63c2c8593cc5/mysql-connector-java-5.1.38.jar, file:/Users/ykpark/.gradle/caches/modules-2/files-2.1/com.h2database/h2/1.4.192/1106492605db135523d2817881cdf029d9292afa/h2-1.4.192.jar, file:/Users/ykpark/.gradle/caches/modules-2/files-2.1/org.webjars/swagger-ui/2.2.2/65d298708e27d1bec5f622a45d5953bda8de65d8/swagger-ui-2.2.2.jar, file:/Users/ykpark/.gradle/caches/modules-2/files-2.1/org.springframework.boot/spring-boot-starter-test/1.4.0.RELEASE/8960b7357acd9819bc357fe96a9768a9fb010ccf/spring-boot-starter-test-1.4.0.RELEASE.jar, file:/Users/ykpark/.gradle/caches/modules-2/files-2.1/org.springframework.restdocs/spring-restdocs-mockmvc/1.1.1.RELEASE/1dbefd2d7023776f816c6a4ed4850c9f4b8c6c13/spring-restdocs-mockmvc-1.1.1.RELEASE.jar, file:/Users/ykpark/.gradle/caches/modules-2/files-2.1/org.springframework.boot/spring-boot-starter/1.4.0.RELEASE/9eb9be27958cc17de9673a6fbbdaf16fb65a7fdc/spring-boot-starter-1.4.0.RELEASE.jar, file:/Users/ykpark/.gradle/caches/modules-2/files-2.1/org.springframework.boot/spring-boot-starter-tomcat/1.4.0.RELEASE/9f3530cbc1998b9aeebd0a5c070f5d4f24357610/spring-boot-starter-tomcat-1.4.0.RELEASE.jar, file:/Users/ykpark/.gradle/caches/modules-2/files-2.1/org.hibernate/hibernate-validator/5.2.4.Final/fb18766b576aa6632bcfe9a20a023cbd52bf9769/hibernate-validator-5.2.4.Final.jar, file:/Users/ykpark/.gradle/caches/modules-2/files-2.1/com.fasterxml.jackson.core/jackson-databind/2.8.1/c04eb2cc599cd1742889bfa7cc41878db0d152f5/jackson-databind-2.8.1.jar, file:/Users/ykpark/.gradle/caches/modules-2/files-2.1/org.springframework/spring-web/4.3.2.RELEASE/562b3b775b6e8e7113b5d23b21946f939658bd19/spring-web-4.3.2.RELEASE.jar, file:/Users/ykpark/.gradle/caches/modules-2/files-2.1/org.springframework/spring-webmvc/4.3.2.RELEASE/99b68a8aca2ed67ad523e7341a90dd1c90fd669e/spring-webmvc-4.3.2.RELEASE.jar, file:/Users/ykpark/.gradle/caches/modules-2/files-2.1/org.springframework.boot/spring-boot-starter-aop/1.4.0.RELEASE/68109cfdd0e86e301528f3722e28f6c98f0b7d5e/spring-boot-starter-aop-1.4.0.RELEASE.jar, file:/Users/ykpark/.gradle/caches/modules-2/files-2.1/org.springframework.boot/spring-boot-starter-jdbc/1.4.0.RELEASE/46ab1fc323e5e6483ee94c1c17d20b3fadb42fa4/spring-boot-starter-jdbc-1.4.0.RELEASE.jar, file:/Users/ykpark/.gradle/caches/modules-2/files-2.1/org.hibernate/hibernate-core/5.0.9.Final/7e06db0b4365876419daafc9b40c9088ba40f64d/hibernate-core-5.0.9.Final.jar, file:/Users/ykpark/.gradle/caches/modules-2/files-2.1/org.hibernate/hibernate-entitymanager/5.0.9.Final/9eed86e58baf4a3fb9d5156cf03e59051e2bc6c5/hibernate-entitymanager-5.0.9.Final.jar, file:/Users/ykpark/.gradle/caches/modules-2/files-2.1/javax.transaction/javax.transaction-api/1.2/d81aff979d603edd90dcd8db2abc1f4ce6479e3e/javax.transaction-api-1.2.jar, file:/Users/ykpark/.gradle/caches/modules-2/files-2.1/org.springframework.data/spring-data-jpa/1.10.2.RELEASE/b3ead163139cfc19a493b2fd141ab6f7836abfa8/spring-data-jpa-1.10.2.RELEASE.jar, file:/Users/ykpark/.gradle/caches/modules-2/files-2.1/org.springframework/spring-aspects/4.3.2.RELEASE/bdb8ccdfd7e52c6e7b9a187327b1be04e0e2ac1f/spring-aspects-4.3.2.RELEASE.jar, file:/Users/ykpark/.gradle/caches/modules-2/files-2.1/org.springframework.boot/spring-boot-test/1.4.0.RELEASE/2fd44f79ea69c6e2b485d895cbc89e314c6f886c/spring-boot-test-1.4.0.RELEASE.jar, file:/Users/ykpark/.gradle/caches/modules-2/files-2.1/org.springframework.boot/spring-boot-test-autoconfigure/1.4.0.RELEASE/632e93da48afb7a2f4185cdb7b2bd300b7322579/spring-boot-test-autoconfigure-1.4.0.RELEASE.jar, file:/Users/ykpark/.gradle/caches/modules-2/files-2.1/com.jayway.jsonpath/json-path/2.2.0/22290d17944bd239fabf5ac69005a60a7ecbbbcb/json-path-2.2.0.jar, file:/Users/ykpark/.gradle/caches/modules-2/files-2.1/junit/junit/4.12/2973d150c0dc1fefe998f834810d68f278ea58ec/junit-4.12.jar, file:/Users/ykpark/.gradle/caches/modules-2/files-2.1/org.assertj/assertj-core/2.5.0/fcd21db4c5f33e5dcac69bf1816415fe0647582f/assertj-core-2.5.0.jar, file:/Users/ykpark/.gradle/caches/modules-2/files-2.1/org.mockito/mockito-core/1.10.19/e8546f5bef4e061d8dd73895b4e8f40e3fe6effe/mockito-core-1.10.19.jar, file:/Users/ykpark/.gradle/caches/modules-2/files-2.1/org.hamcrest/hamcrest-core/1.3/42a25dc3219429f0e5d060061f71acb49bf010a0/hamcrest-core-1.3.jar, file:/Users/ykpark/.gradle/caches/modules-2/files-2.1/org.hamcrest/hamcrest-library/1.3/4785a3c21320980282f9f33d0d1264a69040538f/hamcrest-library-1.3.jar, file:/Users/ykpark/.gradle/caches/modules-2/files-2.1/org.skyscreamer/jsonassert/1.3.0/d5c250eb122496866de36dc84f98e2945845ecdd/jsonassert-1.3.0.jar, file:/Users/ykpark/.gradle/caches/modules-2/files-2.1/org.springframework/spring-core/4.3.2.RELEASE/fd2f3cf45d3c84f293cb7ee3ab7d24c979495552/spring-core-4.3.2.RELEASE.jar, file:/Users/ykpark/.gradle/caches/modules-2/files-2.1/org.springframework/spring-test/4.3.2.RELEASE/9ed0fa8f5d9596d28f1ea9961177e2a7cb815c79/spring-test-4.3.2.RELEASE.jar, file:/Users/ykpark/.gradle/caches/modules-2/files-2.1/org.springframework.restdocs/spring-restdocs-core/1.1.1.RELEASE/e31c1f116a35744bbfa7513b587318659dcb8cef/spring-restdocs-core-1.1.1.RELEASE.jar, file:/Users/ykpark/.gradle/caches/modules-2/files-2.1/org.springframework.boot/spring-boot/1.4.0.RELEASE/3b4ea475b40eb9dc966fb3c650c97bfabb988f9/spring-boot-1.4.0.RELEASE.jar, file:/Users/ykpark/.gradle/caches/modules-2/files-2.1/org.springframework.boot/spring-boot-autoconfigure/1.4.0.RELEASE/9fa1ac16ac6fd96d7df2c72b55ba9814be082ffc/spring-boot-autoconfigure-1.4.0.RELEASE.jar, file:/Users/ykpark/.gradle/caches/modules-2/files-2.1/org.springframework.boot/spring-boot-starter-logging/1.4.0.RELEASE/53303110c92c921e09e1c9bc8b9bf4c1935c2f12/spring-boot-starter-logging-1.4.0.RELEASE.jar, file:/Users/ykpark/.gradle/caches/modules-2/files-2.1/org.yaml/snakeyaml/1.17/7a27ea250c5130b2922b86dea63cbb1cc10a660c/snakeyaml-1.17.jar, file:/Users/ykpark/.gradle/caches/modules-2/files-2.1/org.apache.tomcat.embed/tomcat-embed-core/8.5.4/48ee085e4b3f71e98535e4c17c0ce1394812a94a/tomcat-embed-core-8.5.4.jar, file:/Users/ykpark/.gradle/caches/modules-2/files-2.1/org.apache.tomcat.embed/tomcat-embed-el/8.5.4/2d53f2e3b6b456cb7ac82e1549a944db7f5b05bf/tomcat-embed-el-8.5.4.jar, file:/Users/ykpark/.gradle/caches/modules-2/files-2.1/org.apache.tomcat.embed/tomcat-embed-websocket/8.5.4/211d26f536aee3283345aa5b1c479e937401fcd2/tomcat-embed-websocket-8.5.4.jar, file:/Users/ykpark/.gradle/caches/modules-2/files-2.1/javax.validation/validation-api/1.1.0.Final/8613ae82954779d518631e05daa73a6a954817d5/validation-api-1.1.0.Final.jar, file:/Users/ykpark/.gradle/caches/modules-2/files-2.1/org.jboss.logging/jboss-logging/3.3.0.Final/3616bb87707910296e2c195dc016287080bba5af/jboss-logging-3.3.0.Final.jar, file:/Users/ykpark/.gradle/caches/modules-2/files-2.1/com.fasterxml/classmate/1.3.1/2ad2fd09dcf5607ca96f8ef432096a96986c40a/classmate-1.3.1.jar, file:/Users/ykpark/.gradle/caches/modules-2/files-2.1/com.fasterxml.jackson.core/jackson-annotations/2.8.1/4465fda9834ab27eac2a76f9a378738d15a9b4fa/jackson-annotations-2.8.1.jar, file:/Users/ykpark/.gradle/caches/modules-2/files-2.1/com.fasterxml.jackson.core/jackson-core/2.8.1/fd13b1c033741d48291315c6370f7d475a42dccf/jackson-core-2.8.1.jar, file:/Users/ykpark/.gradle/caches/modules-2/files-2.1/org.springframework/spring-aop/4.3.2.RELEASE/caef216e995f565dd4ab165ec5918ff44487615d/spring-aop-4.3.2.RELEASE.jar, file:/Users/ykpark/.gradle/caches/modules-2/files-2.1/org.springframework/spring-beans/4.3.2.RELEASE/9e87f48f65a33a017f2dd027911947a28be29f93/spring-beans-4.3.2.RELEASE.jar, file:/Users/ykpark/.gradle/caches/modules-2/files-2.1/org.springframework/spring-context/4.3.2.RELEASE/e52782b824e097c3b1586b497fc6be0e95020770/spring-context-4.3.2.RELEASE.jar, file:/Users/ykpark/.gradle/caches/modules-2/files-2.1/org.springframework/spring-expression/4.3.2.RELEASE/7676acd4dde9d186b7f882edce3131dc62dcb590/spring-expression-4.3.2.RELEASE.jar, file:/Users/ykpark/.gradle/caches/modules-2/files-2.1/org.aspectj/aspectjweaver/1.8.9/db28774f477f07220eac18d5ec9c4e01f48589d7/aspectjweaver-1.8.9.jar, file:/Users/ykpark/.gradle/caches/modules-2/files-2.1/org.apache.tomcat/tomcat-jdbc/8.5.4/bebaa475e69c649dcd9616bd204712cfd8551321/tomcat-jdbc-8.5.4.jar, file:/Users/ykpark/.gradle/caches/modules-2/files-2.1/org.springframework/spring-jdbc/4.3.2.RELEASE/d60bd9daf7d819c72e6a27fad16c4683b2e7df11/spring-jdbc-4.3.2.RELEASE.jar, file:/Users/ykpark/.gradle/caches/modules-2/files-2.1/org.hibernate.javax.persistence/hibernate-jpa-2.1-api/1.0.0.Final/5e731d961297e5a07290bfaf3db1fbc8bbbf405a/hibernate-jpa-2.1-api-1.0.0.Final.jar, file:/Users/ykpark/.gradle/caches/modules-2/files-2.1/org.javassist/javassist/3.20.0-GA/a9cbcdfb7e9f86fbc74d3afae65f2248bfbf82a0/javassist-3.20.0-GA.jar, file:/Users/ykpark/.gradle/caches/modules-2/files-2.1/antlr/antlr/2.7.7/83cd2cd674a217ade95a4bb83a8a14f351f48bd0/antlr-2.7.7.jar, file:/Users/ykpark/.gradle/caches/modules-2/files-2.1/org.jboss/jandex/2.0.0.Final/3e899258936f94649c777193e1be846387ed54b3/jandex-2.0.0.Final.jar, file:/Users/ykpark/.gradle/caches/modules-2/files-2.1/dom4j/dom4j/1.6.1/5d3ccc056b6f056dbf0dddfdf43894b9065a8f94/dom4j-1.6.1.jar, file:/Users/ykpark/.gradle/caches/modules-2/files-2.1/org.hibernate.common/hibernate-commons-annotations/5.0.1.Final/71e1cff3fcb20d3b3af4f3363c3ddb24d33c6879/hibernate-commons-annotations-5.0.1.Final.jar, file:/Users/ykpark/.gradle/caches/modules-2/files-2.1/org.springframework.data/spring-data-commons/1.12.2.RELEASE/636b7ae7389322b029c1757e0104e73c369837a/spring-data-commons-1.12.2.RELEASE.jar, file:/Users/ykpark/.gradle/caches/modules-2/files-2.1/org.springframework/spring-orm/4.3.2.RELEASE/1afea599c72aef7362b469a5b322e3e7e37d0dfc/spring-orm-4.3.2.RELEASE.jar, file:/Users/ykpark/.gradle/caches/modules-2/files-2.1/org.springframework/spring-tx/4.3.2.RELEASE/dd75075485ddebb1f912102527ff91c4bfbae903/spring-tx-4.3.2.RELEASE.jar, file:/Users/ykpark/.gradle/caches/modules-2/files-2.1/org.slf4j/slf4j-api/1.7.21/139535a69a4239db087de9bab0bee568bf8e0b70/slf4j-api-1.7.21.jar, file:/Users/ykpark/.gradle/caches/modules-2/files-2.1/org.slf4j/jcl-over-slf4j/1.7.21/331b564a3a42f002a0004b039c1c430da89062cd/jcl-over-slf4j-1.7.21.jar, file:/Users/ykpark/.gradle/caches/modules-2/files-2.1/net.minidev/json-smart/2.2.1/5b9e5df7a62d1279b70dc882b041d249c4f0b002/json-smart-2.2.1.jar, file:/Users/ykpark/.gradle/caches/modules-2/files-2.1/org.objenesis/objenesis/2.1/87c0ea803b69252868d09308b4618f766f135a96/objenesis-2.1.jar, file:/Users/ykpark/.gradle/caches/modules-2/files-2.1/org.json/json/20140107/d1ffca6e2482b002702c6a576166fd685e3370e3/json-20140107.jar, file:/Users/ykpark/.gradle/caches/modules-2/files-2.1/javax.servlet/javax.servlet-api/3.1.0/3cd63d075497751784b2fa84be59432f4905bf7c/javax.servlet-api-3.1.0.jar, file:/Users/ykpark/.gradle/caches/modules-2/files-2.1/ch.qos.logback/logback-classic/1.1.7/9865cf6994f9ff13fce0bf93f2054ef6c65bb462/logback-classic-1.1.7.jar, file:/Users/ykpark/.gradle/caches/modules-2/files-2.1/org.slf4j/jul-to-slf4j/1.7.21/2f22c882ffa479d1e9ff4eb0e8e2c29f2a0871ed/jul-to-slf4j-1.7.21.jar, file:/Users/ykpark/.gradle/caches/modules-2/files-2.1/org.slf4j/log4j-over-slf4j/1.7.21/b3700d97464d99bdcd42c0177d6e7951c94d75ff/log4j-over-slf4j-1.7.21.jar, file:/Users/ykpark/.gradle/caches/modules-2/files-2.1/org.apache.tomcat/tomcat-juli/8.5.4/d4312ba583aa62f08a0b22beddc816a2da419d4c/tomcat-juli-8.5.4.jar, file:/Users/ykpark/.gradle/caches/modules-2/files-2.1/xml-apis/xml-apis/1.4.01/3789d9fada2d3d458c4ba2de349d48780f381ee3/xml-apis-1.4.01.jar, file:/Users/ykpark/.gradle/caches/modules-2/files-2.1/net.minidev/accessors-smart/1.1/a527213f2fea112a04c9bdf0ec0264e34104cd08/accessors-smart-1.1.jar, file:/Users/ykpark/.gradle/caches/modules-2/files-2.1/ch.qos.logback/logback-core/1.1.7/7873092d39ef741575ca91378a6a21c388363ac8/logback-core-1.1.7.jar, file:/Users/ykpark/.gradle/caches/modules-2/files-2.1/org.ow2.asm/asm/5.0.3/dcc2193db20e19e1feca8b1240dbbc4e190824fa/asm-5.0.3.jar]

  .   ____          _            __ _ _
 /\\ / ___'_ __ _ _(_)_ __  __ _ \ \ \ \
( ( )\___ | '_ | '_| | '_ \/ _` | \ \ \ \
 \\/  ___)| |_)| | | | | || (_| |  ) ) ) )
  '  |____| .__|_| |_|_| |_\__, | / / / /
 =========|_|==============|___/=/_/_/_/
 :: Spring Boot ::        (v1.4.0.RELEASE)

2016-09-13 15:05:52.864 DEBUG 26868 --- [    Test worker] o.s.w.c.s.StandardServletEnvironment     : Adding [servletConfigInitParams] PropertySource with lowest search precedence
2016-09-13 15:05:52.865 DEBUG 26868 --- [    Test worker] o.s.w.c.s.StandardServletEnvironment     : Adding [servletContextInitParams] PropertySource with lowest search precedence
2016-09-13 15:05:52.866 DEBUG 26868 --- [    Test worker] o.s.w.c.s.StandardServletEnvironment     : Adding [systemProperties] PropertySource with lowest search precedence
2016-09-13 15:05:52.866 DEBUG 26868 --- [    Test worker] o.s.w.c.s.StandardServletEnvironment     : Adding [systemEnvironment] PropertySource with lowest search precedence
2016-09-13 15:05:52.866 DEBUG 26868 --- [    Test worker] o.s.w.c.s.StandardServletEnvironment     : Initialized StandardServletEnvironment with PropertySources [servletConfigInitParams,servletContextInitParams,systemProperties,systemEnvironment]
2016-09-13 15:05:52.869  INFO 26868 --- [    Test worker] c.w.sample.api.ForumRestControllerTest   : Starting ForumRestControllerTest on macprong.local with PID 26868 (started by ykpark in /Users/ykpark/office/projects/ng-baeminfresh/baeminfresh-api)
2016-09-13 15:05:52.869 DEBUG 26868 --- [    Test worker] c.w.sample.api.ForumRestControllerTest   : Running with Spring Boot v1.4.0.RELEASE, Spring v4.3.2.RELEASE
2016-09-13 15:05:52.869  INFO 26868 --- [    Test worker] c.w.sample.api.ForumRestControllerTest   : No active profile set, falling back to default profiles: default
2016-09-13 15:05:52.870 DEBUG 26868 --- [    Test worker] o.s.boot.SpringApplication               : Loading source class com.woowahan.baeminfresh.BaeminfreshAPIApplication
2016-09-13 15:05:52.872 DEBUG 26868 --- [    Test worker] o.s.b.c.c.ConfigFileApplicationListener  : Loaded config file 'file:/Users/ykpark/office/projects/ng-baeminfresh/baeminfresh-api/build/resources/main/application.yml' (classpath:/application.yml)
2016-09-13 15:05:52.872 DEBUG 26868 --- [    Test worker] o.s.b.c.c.ConfigFileApplicationListener  : Skipped (empty) config file 'file:/Users/ykpark/office/projects/ng-baeminfresh/baeminfresh-api/build/resources/main/application.yml' (classpath:/application.yml) for profile default
2016-09-13 15:05:52.873  INFO 26868 --- [    Test worker] ationConfigEmbeddedWebApplicationContext : Refreshing org.springframework.boot.context.embedded.AnnotationConfigEmbeddedWebApplicationContext@7b9c7f73: startup date [Tue Sep 13 15:05:52 KST 2016]; root of context hierarchy
2016-09-13 15:05:52.873 DEBUG 26868 --- [    Test worker] ationConfigEmbeddedWebApplicationContext : Bean factory for org.springframework.boot.context.embedded.AnnotationConfigEmbeddedWebApplicationContext@7b9c7f73: org.springframework.beans.factory.support.DefaultListableBeanFactory@4ce68c3e: defining beans [org.springframework.context.annotation.internalConfigurationAnnotationProcessor,org.springframework.context.annotation.internalAutowiredAnnotationProcessor,org.springframework.context.annotation.internalRequiredAnnotationProcessor,org.springframework.context.annotation.internalCommonAnnotationProcessor,org.springframework.context.annotation.internalPersistenceAnnotationProcessor,org.springframework.context.event.internalEventListenerProcessor,org.springframework.context.event.internalEventListenerFactory,testRestTemplate,org.springframework.boot.test.mock.mockito.MockitoPostProcessor$SpyPostProcessor,org.springframework.boot.test.mock.mockito.MockitoPostProcessor,baeminfreshAPIApplication]; root of factory hierarchy
2016-09-13 15:05:53.628 DEBUG 26868 --- [    Test worker] o.s.b.a.AutoConfigurationPackages        : @EnableAutoConfiguration was declared on a class in the package 'com.woowahan.sample,com.woowahan.baeminfresh'. Automatic @Repository and @Entity scanning is enabled.
2016-09-13 15:05:53.763  INFO 26868 --- [    Test worker] trationDelegate$BeanPostProcessorChecker : Bean 'org.springframework.transaction.annotation.ProxyTransactionManagementConfiguration' of type [class org.springframework.transaction.annotation.ProxyTransactionManagementConfiguration$$EnhancerBySpringCGLIB$$3fad02f9] is not eligible for getting processed by all BeanPostProcessors (for example: not eligible for auto-proxying)
2016-09-13 15:05:53.818 DEBUG 26868 --- [    Test worker] ationConfigEmbeddedWebApplicationContext : Using MessageSource [org.springframework.context.support.ResourceBundleMessageSource: basenames=[messages]]
2016-09-13 15:05:53.819 DEBUG 26868 --- [    Test worker] ationConfigEmbeddedWebApplicationContext : Unable to locate ApplicationEventMulticaster with name 'applicationEventMulticaster': using default [org.springframework.context.event.SimpleApplicationEventMulticaster@61120909]
2016-09-13 15:05:54.050 DEBUG 26868 --- [    Test worker] .t.TomcatEmbeddedServletContainerFactory : Code archive: /Users/ykpark/.gradle/caches/modules-2/files-2.1/org.springframework.boot/spring-boot/1.4.0.RELEASE/3b4ea475b40eb9dc966fb3c650c97bfabb988f9/spring-boot-1.4.0.RELEASE.jar
2016-09-13 15:05:54.050 DEBUG 26868 --- [    Test worker] .t.TomcatEmbeddedServletContainerFactory : Code archive: /Users/ykpark/.gradle/caches/modules-2/files-2.1/org.springframework.boot/spring-boot/1.4.0.RELEASE/3b4ea475b40eb9dc966fb3c650c97bfabb988f9/spring-boot-1.4.0.RELEASE.jar
2016-09-13 15:05:54.051 DEBUG 26868 --- [    Test worker] .t.TomcatEmbeddedServletContainerFactory : None of the document roots [src/main/webapp, public, static] point to a directory and will be ignored.
2016-09-13 15:05:54.143  INFO 26868 --- [    Test worker] s.b.c.e.t.TomcatEmbeddedServletContainer : Tomcat initialized with port(s): 0 (http)
2016-09-13 15:05:54.167  INFO 26868 --- [    Test worker] o.apache.catalina.core.StandardService   : Starting service Tomcat
2016-09-13 15:05:54.169  INFO 26868 --- [    Test worker] org.apache.catalina.core.StandardEngine  : Starting Servlet Engine: Apache Tomcat/8.5.4
2016-09-13 15:05:54.312  INFO 26868 --- [ost-startStop-1] o.a.c.c.C.[Tomcat].[localhost].[/]       : Initializing Spring embedded WebApplicationContext
2016-09-13 15:05:54.313 DEBUG 26868 --- [ost-startStop-1] o.s.web.context.ContextLoader            : Published root WebApplicationContext as ServletContext attribute with name [org.springframework.web.context.WebApplicationContext.ROOT]
2016-09-13 15:05:54.313  INFO 26868 --- [ost-startStop-1] o.s.web.context.ContextLoader            : Root WebApplicationContext: initialization completed in 1440 ms
2016-09-13 15:05:54.392 DEBUG 26868 --- [ost-startStop-1] o.s.b.w.s.ServletContextInitializerBeans : Added existing Servlet initializer bean 'swagger'; order=2147483647, resource=com.woowahan.swagger.Swagger
2016-09-13 15:05:54.393 DEBUG 26868 --- [ost-startStop-1] o.s.b.w.s.ServletContextInitializerBeans : Added existing Servlet initializer bean 'dispatcherServletRegistration'; order=2147483647, resource=class path resource [org/springframework/boot/autoconfigure/web/DispatcherServletAutoConfiguration$DispatcherServletRegistrationConfiguration.class]
2016-09-13 15:05:54.398 DEBUG 26868 --- [ost-startStop-1] o.s.w.c.s.StandardServletEnvironment     : Adding [servletConfigInitParams] PropertySource with lowest search precedence
2016-09-13 15:05:54.398 DEBUG 26868 --- [ost-startStop-1] o.s.w.c.s.StandardServletEnvironment     : Adding [servletContextInitParams] PropertySource with lowest search precedence
2016-09-13 15:05:54.399 DEBUG 26868 --- [ost-startStop-1] o.s.w.c.s.StandardServletEnvironment     : Adding [systemProperties] PropertySource with lowest search precedence
2016-09-13 15:05:54.399 DEBUG 26868 --- [ost-startStop-1] o.s.w.c.s.StandardServletEnvironment     : Adding [systemEnvironment] PropertySource with lowest search precedence
2016-09-13 15:05:54.399 DEBUG 26868 --- [ost-startStop-1] o.s.w.c.s.StandardServletEnvironment     : Initialized StandardServletEnvironment with PropertySources [servletConfigInitParams,servletContextInitParams,systemProperties,systemEnvironment]
2016-09-13 15:05:54.414 DEBUG 26868 --- [ost-startStop-1] o.s.w.c.s.StandardServletEnvironment     : Adding [servletConfigInitParams] PropertySource with lowest search precedence
2016-09-13 15:05:54.414 DEBUG 26868 --- [ost-startStop-1] o.s.w.c.s.StandardServletEnvironment     : Adding [servletContextInitParams] PropertySource with lowest search precedence
2016-09-13 15:05:54.414 DEBUG 26868 --- [ost-startStop-1] o.s.w.c.s.StandardServletEnvironment     : Adding [systemProperties] PropertySource with lowest search precedence
2016-09-13 15:05:54.414 DEBUG 26868 --- [ost-startStop-1] o.s.w.c.s.StandardServletEnvironment     : Adding [systemEnvironment] PropertySource with lowest search precedence
2016-09-13 15:05:54.414 DEBUG 26868 --- [ost-startStop-1] o.s.w.c.s.StandardServletEnvironment     : Initialized StandardServletEnvironment with PropertySources [servletConfigInitParams,servletContextInitParams,systemProperties,systemEnvironment]
2016-09-13 15:05:54.423 DEBUG 26868 --- [ost-startStop-1] o.s.w.c.s.StandardServletEnvironment     : Adding [servletConfigInitParams] PropertySource with lowest search precedence
2016-09-13 15:05:54.423 DEBUG 26868 --- [ost-startStop-1] o.s.w.c.s.StandardServletEnvironment     : Adding [servletContextInitParams] PropertySource with lowest search precedence
2016-09-13 15:05:54.424 DEBUG 26868 --- [ost-startStop-1] o.s.w.c.s.StandardServletEnvironment     : Adding [systemProperties] PropertySource with lowest search precedence
2016-09-13 15:05:54.424 DEBUG 26868 --- [ost-startStop-1] o.s.w.c.s.StandardServletEnvironment     : Adding [systemEnvironment] PropertySource with lowest search precedence
2016-09-13 15:05:54.424 DEBUG 26868 --- [ost-startStop-1] o.s.w.c.s.StandardServletEnvironment     : Initialized StandardServletEnvironment with PropertySources [servletConfigInitParams,servletContextInitParams,systemProperties,systemEnvironment]
2016-09-13 15:05:54.433 DEBUG 26868 --- [ost-startStop-1] o.s.w.c.s.StandardServletEnvironment     : Adding [servletConfigInitParams] PropertySource with lowest search precedence
2016-09-13 15:05:54.434 DEBUG 26868 --- [ost-startStop-1] o.s.w.c.s.StandardServletEnvironment     : Adding [servletContextInitParams] PropertySource with lowest search precedence
2016-09-13 15:05:54.434 DEBUG 26868 --- [ost-startStop-1] o.s.w.c.s.StandardServletEnvironment     : Adding [systemProperties] PropertySource with lowest search precedence
2016-09-13 15:05:54.434 DEBUG 26868 --- [ost-startStop-1] o.s.w.c.s.StandardServletEnvironment     : Adding [systemEnvironment] PropertySource with lowest search precedence
2016-09-13 15:05:54.434 DEBUG 26868 --- [ost-startStop-1] o.s.w.c.s.StandardServletEnvironment     : Initialized StandardServletEnvironment with PropertySources [servletConfigInitParams,servletContextInitParams,systemProperties,systemEnvironment]
2016-09-13 15:05:54.444 DEBUG 26868 --- [ost-startStop-1] o.s.b.w.s.ServletContextInitializerBeans : Created Filter initializer for bean 'characterEncodingFilter'; order=-2147483648, resource=class path resource [org/springframework/boot/autoconfigure/web/HttpEncodingAutoConfiguration.class]
2016-09-13 15:05:54.444 DEBUG 26868 --- [ost-startStop-1] o.s.b.w.s.ServletContextInitializerBeans : Created Filter initializer for bean 'hiddenHttpMethodFilter'; order=-10000, resource=class path resource [org/springframework/boot/autoconfigure/web/WebMvcAutoConfiguration.class]
2016-09-13 15:05:54.445 DEBUG 26868 --- [ost-startStop-1] o.s.b.w.s.ServletContextInitializerBeans : Created Filter initializer for bean 'httpPutFormContentFilter'; order=-9900, resource=class path resource [org/springframework/boot/autoconfigure/web/WebMvcAutoConfiguration.class]
2016-09-13 15:05:54.445 DEBUG 26868 --- [ost-startStop-1] o.s.b.w.s.ServletContextInitializerBeans : Created Filter initializer for bean 'requestContextFilter'; order=-105, resource=class path resource [org/springframework/boot/autoconfigure/web/WebMvcAutoConfiguration$WebMvcAutoConfigurationAdapter.class]
2016-09-13 15:05:54.451  INFO 26868 --- [ost-startStop-1] o.s.b.w.servlet.ServletRegistrationBean  : Mapping servlet: 'swagger' to [/swagger/*]
2016-09-13 15:05:54.453  INFO 26868 --- [ost-startStop-1] o.s.b.w.servlet.ServletRegistrationBean  : Mapping servlet: 'dispatcherServlet' to [/]
2016-09-13 15:05:54.459  INFO 26868 --- [ost-startStop-1] o.s.b.w.servlet.FilterRegistrationBean   : Mapping filter: 'characterEncodingFilter' to: [/*]
2016-09-13 15:05:54.459  INFO 26868 --- [ost-startStop-1] o.s.b.w.servlet.FilterRegistrationBean   : Mapping filter: 'hiddenHttpMethodFilter' to: [/*]
2016-09-13 15:05:54.459  INFO 26868 --- [ost-startStop-1] o.s.b.w.servlet.FilterRegistrationBean   : Mapping filter: 'httpPutFormContentFilter' to: [/*]
2016-09-13 15:05:54.459  INFO 26868 --- [ost-startStop-1] o.s.b.w.servlet.FilterRegistrationBean   : Mapping filter: 'requestContextFilter' to: [/*]
2016-09-13 15:05:54.502 DEBUG 26868 --- [ost-startStop-1] o.s.b.w.f.OrderedRequestContextFilter    : Initializing filter 'requestContextFilter'
2016-09-13 15:05:54.504 DEBUG 26868 --- [ost-startStop-1] o.s.b.w.f.OrderedRequestContextFilter    : Filter 'requestContextFilter' configured successfully
2016-09-13 15:05:54.505 DEBUG 26868 --- [ost-startStop-1] .s.b.w.f.OrderedHttpPutFormContentFilter : Initializing filter 'httpPutFormContentFilter'
2016-09-13 15:05:54.505 DEBUG 26868 --- [ost-startStop-1] .s.b.w.f.OrderedHttpPutFormContentFilter : Filter 'httpPutFormContentFilter' configured successfully
2016-09-13 15:05:54.506 DEBUG 26868 --- [ost-startStop-1] o.s.b.w.f.OrderedHiddenHttpMethodFilter  : Initializing filter 'hiddenHttpMethodFilter'
2016-09-13 15:05:54.506 DEBUG 26868 --- [ost-startStop-1] o.s.b.w.f.OrderedHiddenHttpMethodFilter  : Filter 'hiddenHttpMethodFilter' configured successfully
2016-09-13 15:05:54.506 DEBUG 26868 --- [ost-startStop-1] o.s.b.w.f.OrderedCharacterEncodingFilter : Initializing filter 'characterEncodingFilter'
2016-09-13 15:05:54.506 DEBUG 26868 --- [ost-startStop-1] o.s.b.w.f.OrderedCharacterEncodingFilter : Filter 'characterEncodingFilter' configured successfully
2016-09-13 15:05:54.643  INFO 26868 --- [    Test worker] j.LocalContainerEntityManagerFactoryBean : Building JPA container EntityManagerFactory for persistence unit 'default'
2016-09-13 15:05:54.643  INFO 26868 --- [    Test worker] o.hibernate.jpa.internal.util.LogHelper  : HHH000204: Processing PersistenceUnitInfo [
	name: default
	...]
2016-09-13 15:05:54.650 DEBUG 26868 --- [    Test worker] org.hibernate.type.BasicTypeRegistry     : Adding type registration boolean -> org.hibernate.type.BooleanType@6012c3ef
2016-09-13 15:05:54.650 DEBUG 26868 --- [    Test worker] org.hibernate.type.BasicTypeRegistry     : Adding type registration boolean -> org.hibernate.type.BooleanType@6012c3ef
2016-09-13 15:05:54.650 DEBUG 26868 --- [    Test worker] org.hibernate.type.BasicTypeRegistry     : Adding type registration java.lang.Boolean -> org.hibernate.type.BooleanType@6012c3ef
2016-09-13 15:05:54.650 DEBUG 26868 --- [    Test worker] org.hibernate.type.BasicTypeRegistry     : Adding type registration numeric_boolean -> org.hibernate.type.NumericBooleanType@7c6bb86a
2016-09-13 15:05:54.650 DEBUG 26868 --- [    Test worker] org.hibernate.type.BasicTypeRegistry     : Adding type registration true_false -> org.hibernate.type.TrueFalseType@9c93843
2016-09-13 15:05:54.650 DEBUG 26868 --- [    Test worker] org.hibernate.type.BasicTypeRegistry     : Adding type registration yes_no -> org.hibernate.type.YesNoType@45165d11
2016-09-13 15:05:54.650 DEBUG 26868 --- [    Test worker] org.hibernate.type.BasicTypeRegistry     : Adding type registration byte -> org.hibernate.type.ByteType@5661b5da
2016-09-13 15:05:54.650 DEBUG 26868 --- [    Test worker] org.hibernate.type.BasicTypeRegistry     : Adding type registration byte -> org.hibernate.type.ByteType@5661b5da
2016-09-13 15:05:54.651 DEBUG 26868 --- [    Test worker] org.hibernate.type.BasicTypeRegistry     : Adding type registration java.lang.Byte -> org.hibernate.type.ByteType@5661b5da
2016-09-13 15:05:54.651 DEBUG 26868 --- [    Test worker] org.hibernate.type.BasicTypeRegistry     : Adding type registration character -> org.hibernate.type.CharacterType@3d50db62
2016-09-13 15:05:54.651 DEBUG 26868 --- [    Test worker] org.hibernate.type.BasicTypeRegistry     : Adding type registration char -> org.hibernate.type.CharacterType@3d50db62
2016-09-13 15:05:54.651 DEBUG 26868 --- [    Test worker] org.hibernate.type.BasicTypeRegistry     : Adding type registration java.lang.Character -> org.hibernate.type.CharacterType@3d50db62
2016-09-13 15:05:54.651 DEBUG 26868 --- [    Test worker] org.hibernate.type.BasicTypeRegistry     : Adding type registration short -> org.hibernate.type.ShortType@32dd34ce
2016-09-13 15:05:54.651 DEBUG 26868 --- [    Test worker] org.hibernate.type.BasicTypeRegistry     : Adding type registration short -> org.hibernate.type.ShortType@32dd34ce
2016-09-13 15:05:54.651 DEBUG 26868 --- [    Test worker] org.hibernate.type.BasicTypeRegistry     : Adding type registration java.lang.Short -> org.hibernate.type.ShortType@32dd34ce
2016-09-13 15:05:54.651 DEBUG 26868 --- [    Test worker] org.hibernate.type.BasicTypeRegistry     : Adding type registration integer -> org.hibernate.type.IntegerType@574660b8
2016-09-13 15:05:54.651 DEBUG 26868 --- [    Test worker] org.hibernate.type.BasicTypeRegistry     : Adding type registration int -> org.hibernate.type.IntegerType@574660b8
2016-09-13 15:05:54.651 DEBUG 26868 --- [    Test worker] org.hibernate.type.BasicTypeRegistry     : Adding type registration java.lang.Integer -> org.hibernate.type.IntegerType@574660b8
2016-09-13 15:05:54.651 DEBUG 26868 --- [    Test worker] org.hibernate.type.BasicTypeRegistry     : Adding type registration long -> org.hibernate.type.LongType@331b113e
2016-09-13 15:05:54.651 DEBUG 26868 --- [    Test worker] org.hibernate.type.BasicTypeRegistry     : Adding type registration long -> org.hibernate.type.LongType@331b113e
2016-09-13 15:05:54.651 DEBUG 26868 --- [    Test worker] org.hibernate.type.BasicTypeRegistry     : Adding type registration java.lang.Long -> org.hibernate.type.LongType@331b113e
2016-09-13 15:05:54.651 DEBUG 26868 --- [    Test worker] org.hibernate.type.BasicTypeRegistry     : Adding type registration float -> org.hibernate.type.FloatType@1ec77a21
2016-09-13 15:05:54.651 DEBUG 26868 --- [    Test worker] org.hibernate.type.BasicTypeRegistry     : Adding type registration float -> org.hibernate.type.FloatType@1ec77a21
2016-09-13 15:05:54.652 DEBUG 26868 --- [    Test worker] org.hibernate.type.BasicTypeRegistry     : Adding type registration java.lang.Float -> org.hibernate.type.FloatType@1ec77a21
2016-09-13 15:05:54.652 DEBUG 26868 --- [    Test worker] org.hibernate.type.BasicTypeRegistry     : Adding type registration double -> org.hibernate.type.DoubleType@484f48b9
2016-09-13 15:05:54.652 DEBUG 26868 --- [    Test worker] org.hibernate.type.BasicTypeRegistry     : Adding type registration double -> org.hibernate.type.DoubleType@484f48b9
2016-09-13 15:05:54.652 DEBUG 26868 --- [    Test worker] org.hibernate.type.BasicTypeRegistry     : Adding type registration java.lang.Double -> org.hibernate.type.DoubleType@484f48b9
2016-09-13 15:05:54.652 DEBUG 26868 --- [    Test worker] org.hibernate.type.BasicTypeRegistry     : Adding type registration big_decimal -> org.hibernate.type.BigDecimalType@5b6e9b30
2016-09-13 15:05:54.652 DEBUG 26868 --- [    Test worker] org.hibernate.type.BasicTypeRegistry     : Adding type registration java.math.BigDecimal -> org.hibernate.type.BigDecimalType@5b6e9b30
2016-09-13 15:05:54.652 DEBUG 26868 --- [    Test worker] org.hibernate.type.BasicTypeRegistry     : Adding type registration big_integer -> org.hibernate.type.BigIntegerType@3b68152b
2016-09-13 15:05:54.652 DEBUG 26868 --- [    Test worker] org.hibernate.type.BasicTypeRegistry     : Adding type registration java.math.BigInteger -> org.hibernate.type.BigIntegerType@3b68152b
2016-09-13 15:05:54.652 DEBUG 26868 --- [    Test worker] org.hibernate.type.BasicTypeRegistry     : Adding type registration string -> org.hibernate.type.StringType@3dd0d023
2016-09-13 15:05:54.652 DEBUG 26868 --- [    Test worker] org.hibernate.type.BasicTypeRegistry     : Adding type registration java.lang.String -> org.hibernate.type.StringType@3dd0d023
2016-09-13 15:05:54.652 DEBUG 26868 --- [    Test worker] org.hibernate.type.BasicTypeRegistry     : Adding type registration nstring -> org.hibernate.type.StringNVarcharType@2d81048d
2016-09-13 15:05:54.652 DEBUG 26868 --- [    Test worker] org.hibernate.type.BasicTypeRegistry     : Adding type registration ncharacter -> org.hibernate.type.CharacterNCharType@64ae2733
2016-09-13 15:05:54.652 DEBUG 26868 --- [    Test worker] org.hibernate.type.BasicTypeRegistry     : Adding type registration url -> org.hibernate.type.UrlType@3b0964cf
2016-09-13 15:05:54.652 DEBUG 26868 --- [    Test worker] org.hibernate.type.BasicTypeRegistry     : Adding type registration java.net.URL -> org.hibernate.type.UrlType@3b0964cf
2016-09-13 15:05:54.652 DEBUG 26868 --- [    Test worker] org.hibernate.type.BasicTypeRegistry     : Adding type registration date -> org.hibernate.type.DateType@3e0060a1
2016-09-13 15:05:54.652 DEBUG 26868 --- [    Test worker] org.hibernate.type.BasicTypeRegistry     : Adding type registration java.sql.Date -> org.hibernate.type.DateType@3e0060a1
2016-09-13 15:05:54.653 DEBUG 26868 --- [    Test worker] org.hibernate.type.BasicTypeRegistry     : Adding type registration time -> org.hibernate.type.TimeType@5f074ad6
2016-09-13 15:05:54.653 DEBUG 26868 --- [    Test worker] org.hibernate.type.BasicTypeRegistry     : Adding type registration java.sql.Time -> org.hibernate.type.TimeType@5f074ad6
2016-09-13 15:05:54.653 DEBUG 26868 --- [    Test worker] org.hibernate.type.BasicTypeRegistry     : Adding type registration timestamp -> org.hibernate.type.TimestampType@6531dcaf
2016-09-13 15:05:54.653 DEBUG 26868 --- [    Test worker] org.hibernate.type.BasicTypeRegistry     : Adding type registration java.sql.Timestamp -> org.hibernate.type.TimestampType@6531dcaf
2016-09-13 15:05:54.653 DEBUG 26868 --- [    Test worker] org.hibernate.type.BasicTypeRegistry     : Adding type registration java.util.Date -> org.hibernate.type.TimestampType@6531dcaf
2016-09-13 15:05:54.653 DEBUG 26868 --- [    Test worker] org.hibernate.type.BasicTypeRegistry     : Adding type registration dbtimestamp -> org.hibernate.type.DbTimestampType@77e2f0db
2016-09-13 15:05:54.653 DEBUG 26868 --- [    Test worker] org.hibernate.type.BasicTypeRegistry     : Adding type registration calendar -> org.hibernate.type.CalendarType@13758a0a
2016-09-13 15:05:54.653 DEBUG 26868 --- [    Test worker] org.hibernate.type.BasicTypeRegistry     : Adding type registration java.util.Calendar -> org.hibernate.type.CalendarType@13758a0a
2016-09-13 15:05:54.653 DEBUG 26868 --- [    Test worker] org.hibernate.type.BasicTypeRegistry     : Adding type registration java.util.GregorianCalendar -> org.hibernate.type.CalendarType@13758a0a
2016-09-13 15:05:54.653 DEBUG 26868 --- [    Test worker] org.hibernate.type.BasicTypeRegistry     : Adding type registration calendar_date -> org.hibernate.type.CalendarDateType@5157583c
2016-09-13 15:05:54.653 DEBUG 26868 --- [    Test worker] org.hibernate.type.BasicTypeRegistry     : Adding type registration locale -> org.hibernate.type.LocaleType@543142d5
2016-09-13 15:05:54.653 DEBUG 26868 --- [    Test worker] org.hibernate.type.BasicTypeRegistry     : Adding type registration java.util.Locale -> org.hibernate.type.LocaleType@543142d5
2016-09-13 15:05:54.654 DEBUG 26868 --- [    Test worker] org.hibernate.type.BasicTypeRegistry     : Adding type registration currency -> org.hibernate.type.CurrencyType@47ce213e
2016-09-13 15:05:54.654 DEBUG 26868 --- [    Test worker] org.hibernate.type.BasicTypeRegistry     : Adding type registration java.util.Currency -> org.hibernate.type.CurrencyType@47ce213e
2016-09-13 15:05:54.654 DEBUG 26868 --- [    Test worker] org.hibernate.type.BasicTypeRegistry     : Adding type registration timezone -> org.hibernate.type.TimeZoneType@d4e3df4
2016-09-13 15:05:54.654 DEBUG 26868 --- [    Test worker] org.hibernate.type.BasicTypeRegistry     : Adding type registration java.util.TimeZone -> org.hibernate.type.TimeZoneType@d4e3df4
2016-09-13 15:05:54.654 DEBUG 26868 --- [    Test worker] org.hibernate.type.BasicTypeRegistry     : Adding type registration class -> org.hibernate.type.ClassType@42f47f59
2016-09-13 15:05:54.654 DEBUG 26868 --- [    Test worker] org.hibernate.type.BasicTypeRegistry     : Adding type registration java.lang.Class -> org.hibernate.type.ClassType@42f47f59
2016-09-13 15:05:54.654 DEBUG 26868 --- [    Test worker] org.hibernate.type.BasicTypeRegistry     : Adding type registration uuid-binary -> org.hibernate.type.UUIDBinaryType@64ac7f74
2016-09-13 15:05:54.654 DEBUG 26868 --- [    Test worker] org.hibernate.type.BasicTypeRegistry     : Adding type registration java.util.UUID -> org.hibernate.type.UUIDBinaryType@64ac7f74
2016-09-13 15:05:54.654 DEBUG 26868 --- [    Test worker] org.hibernate.type.BasicTypeRegistry     : Adding type registration uuid-char -> org.hibernate.type.UUIDCharType@272875cc
2016-09-13 15:05:54.654 DEBUG 26868 --- [    Test worker] org.hibernate.type.BasicTypeRegistry     : Adding type registration binary -> org.hibernate.type.BinaryType@6f3fc0d6
2016-09-13 15:05:54.654 DEBUG 26868 --- [    Test worker] org.hibernate.type.BasicTypeRegistry     : Adding type registration byte[] -> org.hibernate.type.BinaryType@6f3fc0d6
2016-09-13 15:05:54.654 DEBUG 26868 --- [    Test worker] org.hibernate.type.BasicTypeRegistry     : Adding type registration [B -> org.hibernate.type.BinaryType@6f3fc0d6
2016-09-13 15:05:54.654 DEBUG 26868 --- [    Test worker] org.hibernate.type.BasicTypeRegistry     : Adding type registration wrapper-binary -> org.hibernate.type.WrapperBinaryType@374aa72d
2016-09-13 15:05:54.655 DEBUG 26868 --- [    Test worker] org.hibernate.type.BasicTypeRegistry     : Adding type registration Byte[] -> org.hibernate.type.WrapperBinaryType@374aa72d
2016-09-13 15:05:54.655 DEBUG 26868 --- [    Test worker] org.hibernate.type.BasicTypeRegistry     : Adding type registration [Ljava.lang.Byte; -> org.hibernate.type.WrapperBinaryType@374aa72d
2016-09-13 15:05:54.655 DEBUG 26868 --- [    Test worker] org.hibernate.type.BasicTypeRegistry     : Adding type registration image -> org.hibernate.type.ImageType@69cc4a9a
2016-09-13 15:05:54.655 DEBUG 26868 --- [    Test worker] org.hibernate.type.BasicTypeRegistry     : Adding type registration characters -> org.hibernate.type.CharArrayType@3ab93754
2016-09-13 15:05:54.655 DEBUG 26868 --- [    Test worker] org.hibernate.type.BasicTypeRegistry     : Adding type registration char[] -> org.hibernate.type.CharArrayType@3ab93754
2016-09-13 15:05:54.655 DEBUG 26868 --- [    Test worker] org.hibernate.type.BasicTypeRegistry     : Adding type registration [C -> org.hibernate.type.CharArrayType@3ab93754
2016-09-13 15:05:54.655 DEBUG 26868 --- [    Test worker] org.hibernate.type.BasicTypeRegistry     : Adding type registration wrapper-characters -> org.hibernate.type.CharacterArrayType@4bca3a2b
2016-09-13 15:05:54.655 DEBUG 26868 --- [    Test worker] org.hibernate.type.BasicTypeRegistry     : Adding type registration [Ljava.lang.Character; -> org.hibernate.type.CharacterArrayType@4bca3a2b
2016-09-13 15:05:54.655 DEBUG 26868 --- [    Test worker] org.hibernate.type.BasicTypeRegistry     : Adding type registration Character[] -> org.hibernate.type.CharacterArrayType@4bca3a2b
2016-09-13 15:05:54.655 DEBUG 26868 --- [    Test worker] org.hibernate.type.BasicTypeRegistry     : Adding type registration text -> org.hibernate.type.TextType@2ce4b408
2016-09-13 15:05:54.655 DEBUG 26868 --- [    Test worker] org.hibernate.type.BasicTypeRegistry     : Adding type registration ntext -> org.hibernate.type.NTextType@17f7c311
2016-09-13 15:05:54.655 DEBUG 26868 --- [    Test worker] org.hibernate.type.BasicTypeRegistry     : Adding type registration blob -> org.hibernate.type.BlobType@3384339b
2016-09-13 15:05:54.656 DEBUG 26868 --- [    Test worker] org.hibernate.type.BasicTypeRegistry     : Adding type registration java.sql.Blob -> org.hibernate.type.BlobType@3384339b
2016-09-13 15:05:54.656 DEBUG 26868 --- [    Test worker] org.hibernate.type.BasicTypeRegistry     : Adding type registration materialized_blob -> org.hibernate.type.MaterializedBlobType@b9094a2
2016-09-13 15:05:54.656 DEBUG 26868 --- [    Test worker] org.hibernate.type.BasicTypeRegistry     : Adding type registration clob -> org.hibernate.type.ClobType@7f93b77e
2016-09-13 15:05:54.656 DEBUG 26868 --- [    Test worker] org.hibernate.type.BasicTypeRegistry     : Adding type registration java.sql.Clob -> org.hibernate.type.ClobType@7f93b77e
2016-09-13 15:05:54.656 DEBUG 26868 --- [    Test worker] org.hibernate.type.BasicTypeRegistry     : Adding type registration nclob -> org.hibernate.type.NClobType@5bd12ada
2016-09-13 15:05:54.656 DEBUG 26868 --- [    Test worker] org.hibernate.type.BasicTypeRegistry     : Adding type registration java.sql.NClob -> org.hibernate.type.NClobType@5bd12ada
2016-09-13 15:05:54.656 DEBUG 26868 --- [    Test worker] org.hibernate.type.BasicTypeRegistry     : Adding type registration materialized_clob -> org.hibernate.type.MaterializedClobType@5643640a
2016-09-13 15:05:54.656 DEBUG 26868 --- [    Test worker] org.hibernate.type.BasicTypeRegistry     : Adding type registration materialized_nclob -> org.hibernate.type.MaterializedNClobType@67cfa1d6
2016-09-13 15:05:54.656 DEBUG 26868 --- [    Test worker] org.hibernate.type.BasicTypeRegistry     : Adding type registration serializable -> org.hibernate.type.SerializableType@7c9423c6
2016-09-13 15:05:54.656 DEBUG 26868 --- [    Test worker] org.hibernate.type.BasicTypeRegistry     : Adding type registration object -> org.hibernate.type.ObjectType@42ea9e18
2016-09-13 15:05:54.656 DEBUG 26868 --- [    Test worker] org.hibernate.type.BasicTypeRegistry     : Adding type registration java.lang.Object -> org.hibernate.type.ObjectType@42ea9e18
2016-09-13 15:05:54.657 DEBUG 26868 --- [    Test worker] org.hibernate.type.BasicTypeRegistry     : Adding type registration imm_date -> org.hibernate.type.AdaptedImmutableType@3db2de3e
2016-09-13 15:05:54.657 DEBUG 26868 --- [    Test worker] org.hibernate.type.BasicTypeRegistry     : Adding type registration imm_time -> org.hibernate.type.AdaptedImmutableType@31fdec16
2016-09-13 15:05:54.657 DEBUG 26868 --- [    Test worker] org.hibernate.type.BasicTypeRegistry     : Adding type registration imm_timestamp -> org.hibernate.type.AdaptedImmutableType@4cabd80a
2016-09-13 15:05:54.657 DEBUG 26868 --- [    Test worker] org.hibernate.type.BasicTypeRegistry     : Adding type registration imm_dbtimestamp -> org.hibernate.type.AdaptedImmutableType@66ddbb9a
2016-09-13 15:05:54.657 DEBUG 26868 --- [    Test worker] org.hibernate.type.BasicTypeRegistry     : Adding type registration imm_calendar -> org.hibernate.type.AdaptedImmutableType@4db5ca51
2016-09-13 15:05:54.657 DEBUG 26868 --- [    Test worker] org.hibernate.type.BasicTypeRegistry     : Adding type registration imm_calendar_date -> org.hibernate.type.AdaptedImmutableType@137612ad
2016-09-13 15:05:54.657 DEBUG 26868 --- [    Test worker] org.hibernate.type.BasicTypeRegistry     : Adding type registration imm_binary -> org.hibernate.type.AdaptedImmutableType@10fe341
2016-09-13 15:05:54.657 DEBUG 26868 --- [    Test worker] org.hibernate.type.BasicTypeRegistry     : Adding type registration imm_serializable -> org.hibernate.type.AdaptedImmutableType@a059991
2016-09-13 15:05:54.658  INFO 26868 --- [    Test worker] org.hibernate.dialect.Dialect            : HHH000400: Using dialect: org.hibernate.dialect.MySQL5InnoDBDialect
2016-09-13 15:05:54.671 TRACE 26868 --- [    Test worker] org.hibernate.type.TypeFactory           : Scoping types to session factory org.hibernate.internal.SessionFactoryImpl@c97f85
2016-09-13 15:05:54.690  INFO 26868 --- [    Test worker] org.hibernate.tool.hbm2ddl.SchemaExport  : HHH000227: Running hbm2ddl schema export
2016-09-13 15:05:54.691 DEBUG 26868 --- [    Test worker] org.hibernate.SQL                        : 
    alter table post 
        drop 
        foreign key FKg8ln3nj8tjclai0nuvpw5s5uw
2016-09-13 15:05:54.693 DEBUG 26868 --- [    Test worker] org.hibernate.SQL                        : 
    alter table topic 
        drop 
        foreign key FK8n7r9utm8sjpdfstb4wcqd7qj
2016-09-13 15:05:54.694 DEBUG 26868 --- [    Test worker] org.hibernate.SQL                        : 
    drop table if exists category
2016-09-13 15:05:54.695 DEBUG 26868 --- [    Test worker] org.hibernate.SQL                        : 
    drop table if exists post
2016-09-13 15:05:54.696 DEBUG 26868 --- [    Test worker] org.hibernate.SQL                        : 
    drop table if exists topic
2016-09-13 15:05:54.698 DEBUG 26868 --- [    Test worker] org.hibernate.SQL                        : 
    create table category (
        id bigint not null auto_increment,
        created_at datetime,
        name varchar(255),
        updated_at datetime,
        primary key (id)
    ) ENGINE=InnoDB
2016-09-13 15:05:54.699 DEBUG 26868 --- [    Test worker] org.hibernate.SQL                        : 
    create table post (
        id bigint not null auto_increment,
        author varchar(255),
        created_at datetime,
        password varchar(255),
        text varchar(255),
        updated_at datetime,
        topic_id bigint not null,
        primary key (id)
    ) ENGINE=InnoDB
2016-09-13 15:05:54.700 DEBUG 26868 --- [    Test worker] org.hibernate.SQL                        : 
    create table topic (
        id bigint not null auto_increment,
        author varchar(255),
        created_at datetime,
        password varchar(255),
        title varchar(255),
        updated_at datetime,
        category_id bigint not null,
        primary key (id)
    ) ENGINE=InnoDB
2016-09-13 15:05:54.702 DEBUG 26868 --- [    Test worker] org.hibernate.SQL                        : 
    alter table post 
        add constraint FKg8ln3nj8tjclai0nuvpw5s5uw 
        foreign key (topic_id) 
        references topic (id)
2016-09-13 15:05:54.704 DEBUG 26868 --- [    Test worker] org.hibernate.SQL                        : 
    alter table topic 
        add constraint FK8n7r9utm8sjpdfstb4wcqd7qj 
        foreign key (category_id) 
        references category (id)
2016-09-13 15:05:54.706  INFO 26868 --- [    Test worker] org.hibernate.tool.hbm2ddl.SchemaExport  : HHH000230: Schema export complete
2016-09-13 15:05:54.709  WARN 26868 --- [    Test worker] o.h.j.i.EntityManagerFactoryRegistry     : HHH000436: Entity manager factory name (default) is already registered.  If entity manager will be clustered or passivated, specify a unique value for property 'hibernate.ejb.entitymanager_factory_name'
2016-09-13 15:05:54.709  INFO 26868 --- [    Test worker] j.LocalContainerEntityManagerFactoryBean : Initialized JPA EntityManagerFactory for persistence unit 'default'
2016-09-13 15:05:54.875  INFO 26868 --- [    Test worker] o.s.jdbc.datasource.init.ScriptUtils     : Executing SQL script from URL [file:/Users/ykpark/office/projects/ng-baeminfresh/baeminfresh-api/build/resources/main/data.sql]
2016-09-13 15:05:54.880  INFO 26868 --- [    Test worker] o.s.jdbc.datasource.init.ScriptUtils     : Executed SQL script from URL [file:/Users/ykpark/office/projects/ng-baeminfresh/baeminfresh-api/build/resources/main/data.sql] in 5 ms.
2016-09-13 15:05:54.997  INFO 26868 --- [    Test worker] s.w.s.m.m.a.RequestMappingHandlerAdapter : Looking for @ControllerAdvice: org.springframework.boot.context.embedded.AnnotationConfigEmbeddedWebApplicationContext@7b9c7f73: startup date [Tue Sep 13 15:05:52 KST 2016]; root of context hierarchy
2016-09-13 15:05:55.017 DEBUG 26868 --- [    Test worker] s.w.s.m.m.a.RequestMappingHandlerMapping : Looking for request mappings in application context: org.springframework.boot.context.embedded.AnnotationConfigEmbeddedWebApplicationContext@7b9c7f73: startup date [Tue Sep 13 15:05:52 KST 2016]; root of context hierarchy
2016-09-13 15:05:55.018 DEBUG 26868 --- [    Test worker] s.w.s.m.m.a.RequestMappingHandlerMapping : 1 request handler methods found on class com.woowahan.baeminfresh.api.support.GlobalErrorMessageRestController: {public org.springframework.http.ResponseEntity com.woowahan.baeminfresh.api.support.GlobalErrorMessageRestController.error(javax.servlet.http.HttpServletRequest,java.util.Locale)={[/error]}}
2016-09-13 15:05:55.018  INFO 26868 --- [    Test worker] s.w.s.m.m.a.RequestMappingHandlerMapping : Mapped "{[/error]}" onto public org.springframework.http.ResponseEntity<com.woowahan.baeminfresh.api.support.ErrorMessage> com.woowahan.baeminfresh.api.support.GlobalErrorMessageRestController.error(javax.servlet.http.HttpServletRequest,java.util.Locale)
2016-09-13 15:05:55.020 DEBUG 26868 --- [    Test worker] s.w.s.m.m.a.RequestMappingHandlerMapping : 6 request handler methods found on class com.woowahan.sample.api.ForumRestController: {public java.util.List com.woowahan.sample.api.ForumRestController.topics(java.lang.Long)={[/sample/forum/categories/{categoryId}/topics],methods=[GET]}, public java.util.List com.woowahan.sample.api.ForumRestController.posts(java.lang.Long,java.lang.Long)={[/sample/forum/categories/{categoryId}/topics/{topicId}/posts],methods=[GET]}, public java.util.List com.woowahan.sample.api.ForumRestController.categories()={[/sample/forum/categories],methods=[GET]}, public void com.woowahan.sample.api.ForumRestController.writeTopic(java.lang.Long,com.woowahan.sample.modules.forum.components.ForumService$TopicForm,org.springframework.validation.BindingResult) throws org.springframework.validation.BindException={[/sample/forum/categories/{categoryId}/topics],methods=[POST],consumes=[application/json]}, public void com.woowahan.sample.api.ForumRestController.editTopic(java.lang.Long,java.lang.Long,com.woowahan.sample.modules.forum.components.ForumService$TopicForm,org.springframework.validation.BindingResult) throws org.springframework.validation.BindException={[/sample/forum/categories/{categoryId}/topics/{topicId}],methods=[PUT],consumes=[application/json]}, public void com.woowahan.sample.api.ForumRestController.removeTopic(java.lang.Long,java.lang.Long,com.woowahan.sample.api.ForumRestController$TopicRemoveCommand)={[/sample/forum/categories/{categoryId}/topics/{topicId}],methods=[DELETE],consumes=[application/json]}}
2016-09-13 15:05:55.021  INFO 26868 --- [    Test worker] s.w.s.m.m.a.RequestMappingHandlerMapping : Mapped "{[/sample/forum/categories/{categoryId}/topics],methods=[GET]}" onto public java.util.List<com.woowahan.sample.api.ForumRestController$TopicData> com.woowahan.sample.api.ForumRestController.topics(java.lang.Long)
2016-09-13 15:05:55.021  INFO 26868 --- [    Test worker] s.w.s.m.m.a.RequestMappingHandlerMapping : Mapped "{[/sample/forum/categories/{categoryId}/topics/{topicId}/posts],methods=[GET]}" onto public java.util.List<com.woowahan.sample.api.ForumRestController$PostData> com.woowahan.sample.api.ForumRestController.posts(java.lang.Long,java.lang.Long)
2016-09-13 15:05:55.021  INFO 26868 --- [    Test worker] s.w.s.m.m.a.RequestMappingHandlerMapping : Mapped "{[/sample/forum/categories],methods=[GET]}" onto public java.util.List<com.woowahan.sample.modules.forum.Category> com.woowahan.sample.api.ForumRestController.categories()
2016-09-13 15:05:55.021  INFO 26868 --- [    Test worker] s.w.s.m.m.a.RequestMappingHandlerMapping : Mapped "{[/sample/forum/categories/{categoryId}/topics],methods=[POST],consumes=[application/json]}" onto public void com.woowahan.sample.api.ForumRestController.writeTopic(java.lang.Long,com.woowahan.sample.modules.forum.components.ForumService$TopicForm,org.springframework.validation.BindingResult) throws org.springframework.validation.BindException
2016-09-13 15:05:55.022  INFO 26868 --- [    Test worker] s.w.s.m.m.a.RequestMappingHandlerMapping : Mapped "{[/sample/forum/categories/{categoryId}/topics/{topicId}],methods=[PUT],consumes=[application/json]}" onto public void com.woowahan.sample.api.ForumRestController.editTopic(java.lang.Long,java.lang.Long,com.woowahan.sample.modules.forum.components.ForumService$TopicForm,org.springframework.validation.BindingResult) throws org.springframework.validation.BindException
2016-09-13 15:05:55.022  INFO 26868 --- [    Test worker] s.w.s.m.m.a.RequestMappingHandlerMapping : Mapped "{[/sample/forum/categories/{categoryId}/topics/{topicId}],methods=[DELETE],consumes=[application/json]}" onto public void com.woowahan.sample.api.ForumRestController.removeTopic(java.lang.Long,java.lang.Long,com.woowahan.sample.api.ForumRestController$TopicRemoveCommand)
2016-09-13 15:05:55.040 DEBUG 26868 --- [    Test worker] o.s.w.s.h.BeanNameUrlHandlerMapping      : Looking for URL mappings in application context: org.springframework.boot.context.embedded.AnnotationConfigEmbeddedWebApplicationContext@7b9c7f73: startup date [Tue Sep 13 15:05:52 KST 2016]; root of context hierarchy
2016-09-13 15:05:55.040 DEBUG 26868 --- [    Test worker] o.s.w.s.h.BeanNameUrlHandlerMapping      : Rejected bean name 'org.springframework.context.annotation.internalConfigurationAnnotationProcessor': no URL paths identified
2016-09-13 15:05:55.041 DEBUG 26868 --- [    Test worker] o.s.w.s.h.BeanNameUrlHandlerMapping      : Rejected bean name 'org.springframework.context.annotation.internalAutowiredAnnotationProcessor': no URL paths identified
2016-09-13 15:05:55.041 DEBUG 26868 --- [    Test worker] o.s.w.s.h.BeanNameUrlHandlerMapping      : Rejected bean name 'org.springframework.context.annotation.internalRequiredAnnotationProcessor': no URL paths identified
2016-09-13 15:05:55.041 DEBUG 26868 --- [    Test worker] o.s.w.s.h.BeanNameUrlHandlerMapping      : Rejected bean name 'org.springframework.context.annotation.internalCommonAnnotationProcessor': no URL paths identified
2016-09-13 15:05:55.041 DEBUG 26868 --- [    Test worker] o.s.w.s.h.BeanNameUrlHandlerMapping      : Rejected bean name 'org.springframework.context.annotation.internalPersistenceAnnotationProcessor': no URL paths identified
2016-09-13 15:05:55.041 DEBUG 26868 --- [    Test worker] o.s.w.s.h.BeanNameUrlHandlerMapping      : Rejected bean name 'org.springframework.context.event.internalEventListenerProcessor': no URL paths identified
2016-09-13 15:05:55.041 DEBUG 26868 --- [    Test worker] o.s.w.s.h.BeanNameUrlHandlerMapping      : Rejected bean name 'org.springframework.context.event.internalEventListenerFactory': no URL paths identified
2016-09-13 15:05:55.041 DEBUG 26868 --- [    Test worker] o.s.w.s.h.BeanNameUrlHandlerMapping      : Rejected bean name 'testRestTemplate': no URL paths identified
2016-09-13 15:05:55.041 DEBUG 26868 --- [    Test worker] o.s.w.s.h.BeanNameUrlHandlerMapping      : Rejected bean name 'org.springframework.boot.test.mock.mockito.MockitoPostProcessor$SpyPostProcessor': no URL paths identified
2016-09-13 15:05:55.041 DEBUG 26868 --- [    Test worker] o.s.w.s.h.BeanNameUrlHandlerMapping      : Rejected bean name 'org.springframework.boot.test.mock.mockito.MockitoPostProcessor': no URL paths identified
2016-09-13 15:05:55.041 DEBUG 26868 --- [    Test worker] o.s.w.s.h.BeanNameUrlHandlerMapping      : Rejected bean name 'baeminfreshAPIApplication': no URL paths identified
2016-09-13 15:05:55.041 DEBUG 26868 --- [    Test worker] o.s.w.s.h.BeanNameUrlHandlerMapping      : Rejected bean name 'org.springframework.boot.autoconfigure.internalCachingMetadataReaderFactory': no URL paths identified
2016-09-13 15:05:55.041 DEBUG 26868 --- [    Test worker] o.s.w.s.h.BeanNameUrlHandlerMapping      : Rejected bean name 'org.springframework.context.annotation.ConfigurationClassPostProcessor.importAwareProcessor': no URL paths identified
2016-09-13 15:05:55.041 DEBUG 26868 --- [    Test worker] o.s.w.s.h.BeanNameUrlHandlerMapping      : Rejected bean name 'org.springframework.context.annotation.ConfigurationClassPostProcessor.enhancedConfigurationProcessor': no URL paths identified
2016-09-13 15:05:55.041 DEBUG 26868 --- [    Test worker] o.s.w.s.h.BeanNameUrlHandlerMapping      : Rejected bean name 'webConfig': no URL paths identified
2016-09-13 15:05:55.041 DEBUG 26868 --- [    Test worker] o.s.w.s.h.BeanNameUrlHandlerMapping      : Rejected bean name 'globalErrorMessageRestController': no URL paths identified
2016-09-13 15:05:55.041 DEBUG 26868 --- [    Test worker] o.s.w.s.h.BeanNameUrlHandlerMapping      : Rejected bean name 'forumRestController': no URL paths identified
2016-09-13 15:05:55.041 DEBUG 26868 --- [    Test worker] o.s.w.s.h.BeanNameUrlHandlerMapping      : Rejected bean name 'forumConfig': no URL paths identified
2016-09-13 15:05:55.041 DEBUG 26868 --- [    Test worker] o.s.w.s.h.BeanNameUrlHandlerMapping      : Rejected bean name 'sampleForumService': no URL paths identified
2016-09-13 15:05:55.041 DEBUG 26868 --- [    Test worker] o.s.w.s.h.BeanNameUrlHandlerMapping      : Rejected bean name 'com.woowahan.swagger.Swagger': no URL paths identified
2016-09-13 15:05:55.041 DEBUG 26868 --- [    Test worker] o.s.w.s.h.BeanNameUrlHandlerMapping      : Rejected bean name 'swagger': no URL paths identified
2016-09-13 15:05:55.041 DEBUG 26868 --- [    Test worker] o.s.w.s.h.BeanNameUrlHandlerMapping      : Rejected bean name 'forumPasswordEncoder': no URL paths identified
2016-09-13 15:05:55.041 DEBUG 26868 --- [    Test worker] o.s.w.s.h.BeanNameUrlHandlerMapping      : Rejected bean name 'passwordHelper': no URL paths identified
2016-09-13 15:05:55.041 DEBUG 26868 --- [    Test worker] o.s.w.s.h.BeanNameUrlHandlerMapping      : Rejected bean name 'com.woowahan.sample.SampleSystemConfig': no URL paths identified
2016-09-13 15:05:55.041 DEBUG 26868 --- [    Test worker] o.s.w.s.h.BeanNameUrlHandlerMapping      : Rejected bean name 'org.springframework.boot.autoconfigure.AutoConfigurationPackages': no URL paths identified
2016-09-13 15:05:55.041 DEBUG 26868 --- [    Test worker] o.s.w.s.h.BeanNameUrlHandlerMapping      : Rejected bean name 'errorProperties': no URL paths identified
2016-09-13 15:05:55.042 DEBUG 26868 --- [    Test worker] o.s.w.s.h.BeanNameUrlHandlerMapping      : Rejected bean name 'validatorFactoryBean': no URL paths identified
2016-09-13 15:05:55.042 DEBUG 26868 --- [    Test worker] o.s.w.s.h.BeanNameUrlHandlerMapping      : Rejected bean name 'org.springframework.boot.autoconfigure.condition.BeanTypeRegistry': no URL paths identified
2016-09-13 15:05:55.042 DEBUG 26868 --- [    Test worker] o.s.w.s.h.BeanNameUrlHandlerMapping      : Rejected bean name 'org.springframework.boot.autoconfigure.MessageSourceAutoConfiguration': no URL paths identified
2016-09-13 15:05:55.042 DEBUG 26868 --- [    Test worker] o.s.w.s.h.BeanNameUrlHandlerMapping      : Rejected bean name 'messageSource': no URL paths identified
2016-09-13 15:05:55.042 DEBUG 26868 --- [    Test worker] o.s.w.s.h.BeanNameUrlHandlerMapping      : Rejected bean name 'org.springframework.boot.context.properties.ConfigurationPropertiesBindingPostProcessor': no URL paths identified
2016-09-13 15:05:55.042 DEBUG 26868 --- [    Test worker] o.s.w.s.h.BeanNameUrlHandlerMapping      : Rejected bean name 'org.springframework.boot.context.properties.ConfigurationPropertiesBindingPostProcessor.store': no URL paths identified
2016-09-13 15:05:55.042 DEBUG 26868 --- [    Test worker] o.s.w.s.h.BeanNameUrlHandlerMapping      : Rejected bean name 'org.springframework.boot.autoconfigure.PropertyPlaceholderAutoConfiguration': no URL paths identified
2016-09-13 15:05:55.042 DEBUG 26868 --- [    Test worker] o.s.w.s.h.BeanNameUrlHandlerMapping      : Rejected bean name 'propertySourcesPlaceholderConfigurer': no URL paths identified
2016-09-13 15:05:55.042 DEBUG 26868 --- [    Test worker] o.s.w.s.h.BeanNameUrlHandlerMapping      : Rejected bean name 'org.springframework.boot.autoconfigure.jackson.JacksonAutoConfiguration$Jackson2ObjectMapperBuilderCustomizerConfiguration': no URL paths identified
2016-09-13 15:05:55.042 DEBUG 26868 --- [    Test worker] o.s.w.s.h.BeanNameUrlHandlerMapping      : Rejected bean name 'standardJacksonObjectMapperBuilderCustomizer': no URL paths identified
2016-09-13 15:05:55.043 DEBUG 26868 --- [    Test worker] o.s.w.s.h.BeanNameUrlHandlerMapping      : Rejected bean name 'spring.jackson-org.springframework.boot.autoconfigure.jackson.JacksonProperties': no URL paths identified
2016-09-13 15:05:55.043 DEBUG 26868 --- [    Test worker] o.s.w.s.h.BeanNameUrlHandlerMapping      : Rejected bean name 'org.springframework.boot.autoconfigure.jackson.JacksonAutoConfiguration$JacksonObjectMapperBuilderConfiguration': no URL paths identified
2016-09-13 15:05:55.043 DEBUG 26868 --- [    Test worker] o.s.w.s.h.BeanNameUrlHandlerMapping      : Rejected bean name 'jacksonObjectMapperBuilder': no URL paths identified
2016-09-13 15:05:55.043 DEBUG 26868 --- [    Test worker] o.s.w.s.h.BeanNameUrlHandlerMapping      : Rejected bean name 'org.springframework.boot.autoconfigure.jackson.JacksonAutoConfiguration$JacksonObjectMapperConfiguration': no URL paths identified
2016-09-13 15:05:55.043 DEBUG 26868 --- [    Test worker] o.s.w.s.h.BeanNameUrlHandlerMapping      : Rejected bean name 'jacksonObjectMapper': no URL paths identified
2016-09-13 15:05:55.043 DEBUG 26868 --- [    Test worker] o.s.w.s.h.BeanNameUrlHandlerMapping      : Rejected bean name 'org.springframework.boot.autoconfigure.jackson.JacksonAutoConfiguration': no URL paths identified
2016-09-13 15:05:55.043 DEBUG 26868 --- [    Test worker] o.s.w.s.h.BeanNameUrlHandlerMapping      : Rejected bean name 'jsonComponentModule': no URL paths identified
2016-09-13 15:05:55.043 DEBUG 26868 --- [    Test worker] o.s.w.s.h.BeanNameUrlHandlerMapping      : Rejected bean name 'org.springframework.boot.autoconfigure.websocket.WebSocketAutoConfiguration$TomcatWebSocketConfiguration': no URL paths identified
2016-09-13 15:05:55.043 DEBUG 26868 --- [    Test worker] o.s.w.s.h.BeanNameUrlHandlerMapping      : Rejected bean name 'websocketContainerCustomizer': no URL paths identified
2016-09-13 15:05:55.043 DEBUG 26868 --- [    Test worker] o.s.w.s.h.BeanNameUrlHandlerMapping      : Rejected bean name 'org.springframework.boot.autoconfigure.websocket.WebSocketAutoConfiguration': no URL paths identified
2016-09-13 15:05:55.043 DEBUG 26868 --- [    Test worker] o.s.w.s.h.BeanNameUrlHandlerMapping      : Rejected bean name 'org.springframework.boot.autoconfigure.web.EmbeddedServletContainerAutoConfiguration$EmbeddedTomcat': no URL paths identified
2016-09-13 15:05:55.043 DEBUG 26868 --- [    Test worker] o.s.w.s.h.BeanNameUrlHandlerMapping      : Rejected bean name 'tomcatEmbeddedServletContainerFactory': no URL paths identified
2016-09-13 15:05:55.043 DEBUG 26868 --- [    Test worker] o.s.w.s.h.BeanNameUrlHandlerMapping      : Rejected bean name 'org.springframework.boot.autoconfigure.web.EmbeddedServletContainerAutoConfiguration': no URL paths identified
2016-09-13 15:05:55.043 DEBUG 26868 --- [    Test worker] o.s.w.s.h.BeanNameUrlHandlerMapping      : Rejected bean name 'embeddedServletContainerCustomizerBeanPostProcessor': no URL paths identified
2016-09-13 15:05:55.043 DEBUG 26868 --- [    Test worker] o.s.w.s.h.BeanNameUrlHandlerMapping      : Rejected bean name 'errorPageRegistrarBeanPostProcessor': no URL paths identified
2016-09-13 15:05:55.043 DEBUG 26868 --- [    Test worker] o.s.w.s.h.BeanNameUrlHandlerMapping      : Rejected bean name 'org.springframework.boot.autoconfigure.web.DispatcherServletAutoConfiguration$DispatcherServletConfiguration': no URL paths identified
2016-09-13 15:05:55.043 DEBUG 26868 --- [    Test worker] o.s.w.s.h.BeanNameUrlHandlerMapping      : Rejected bean name 'dispatcherServlet': no URL paths identified
2016-09-13 15:05:55.043 DEBUG 26868 --- [    Test worker] o.s.w.s.h.BeanNameUrlHandlerMapping      : Rejected bean name 'spring.mvc-org.springframework.boot.autoconfigure.web.WebMvcProperties': no URL paths identified
2016-09-13 15:05:55.043 DEBUG 26868 --- [    Test worker] o.s.w.s.h.BeanNameUrlHandlerMapping      : Rejected bean name 'org.springframework.boot.autoconfigure.web.DispatcherServletAutoConfiguration$DispatcherServletRegistrationConfiguration': no URL paths identified
2016-09-13 15:05:55.044 DEBUG 26868 --- [    Test worker] o.s.w.s.h.BeanNameUrlHandlerMapping      : Rejected bean name 'dispatcherServletRegistration': no URL paths identified
2016-09-13 15:05:55.044 DEBUG 26868 --- [    Test worker] o.s.w.s.h.BeanNameUrlHandlerMapping      : Rejected bean name 'org.springframework.boot.autoconfigure.web.DispatcherServletAutoConfiguration': no URL paths identified
2016-09-13 15:05:55.044 DEBUG 26868 --- [    Test worker] o.s.w.s.h.BeanNameUrlHandlerMapping      : Rejected bean name 'org.springframework.boot.autoconfigure.web.ErrorMvcAutoConfiguration$WhitelabelErrorViewConfiguration': no URL paths identified
2016-09-13 15:05:55.044 DEBUG 26868 --- [    Test worker] o.s.w.s.h.BeanNameUrlHandlerMapping      : Rejected bean name 'error': no URL paths identified
2016-09-13 15:05:55.044 DEBUG 26868 --- [    Test worker] o.s.w.s.h.BeanNameUrlHandlerMapping      : Rejected bean name 'beanNameViewResolver': no URL paths identified
2016-09-13 15:05:55.044 DEBUG 26868 --- [    Test worker] o.s.w.s.h.BeanNameUrlHandlerMapping      : Rejected bean name 'org.springframework.boot.autoconfigure.web.ErrorMvcAutoConfiguration': no URL paths identified
2016-09-13 15:05:55.044 DEBUG 26868 --- [    Test worker] o.s.w.s.h.BeanNameUrlHandlerMapping      : Rejected bean name 'errorAttributes': no URL paths identified
2016-09-13 15:05:55.044 DEBUG 26868 --- [    Test worker] o.s.w.s.h.BeanNameUrlHandlerMapping      : Rejected bean name 'errorPageCustomizer': no URL paths identified
2016-09-13 15:05:55.044 DEBUG 26868 --- [    Test worker] o.s.w.s.h.BeanNameUrlHandlerMapping      : Rejected bean name 'conventionErrorViewResolver': no URL paths identified
2016-09-13 15:05:55.044 DEBUG 26868 --- [    Test worker] o.s.w.s.h.BeanNameUrlHandlerMapping      : Rejected bean name 'preserveErrorControllerTargetClassPostProcessor': no URL paths identified
2016-09-13 15:05:55.044 DEBUG 26868 --- [    Test worker] o.s.w.s.h.BeanNameUrlHandlerMapping      : Rejected bean name 'spring.resources-org.springframework.boot.autoconfigure.web.ResourceProperties': no URL paths identified
2016-09-13 15:05:55.044 DEBUG 26868 --- [    Test worker] o.s.w.s.h.BeanNameUrlHandlerMapping      : Rejected bean name 'org.springframework.boot.autoconfigure.web.WebMvcAutoConfiguration$EnableWebMvcConfiguration': no URL paths identified
2016-09-13 15:05:55.044 DEBUG 26868 --- [    Test worker] o.s.w.s.h.BeanNameUrlHandlerMapping      : Rejected bean name 'requestMappingHandlerAdapter': no URL paths identified
2016-09-13 15:05:55.044 DEBUG 26868 --- [    Test worker] o.s.w.s.h.BeanNameUrlHandlerMapping      : Rejected bean name 'requestMappingHandlerMapping': no URL paths identified
2016-09-13 15:05:55.045 DEBUG 26868 --- [    Test worker] o.s.w.s.h.BeanNameUrlHandlerMapping      : Rejected bean name 'mvcContentNegotiationManager': no URL paths identified
2016-09-13 15:05:55.045 DEBUG 26868 --- [    Test worker] o.s.w.s.h.BeanNameUrlHandlerMapping      : Rejected bean name 'viewControllerHandlerMapping': no URL paths identified
2016-09-13 15:05:55.045 DEBUG 26868 --- [    Test worker] o.s.w.s.h.BeanNameUrlHandlerMapping      : Rejected bean name 'beanNameHandlerMapping': no URL paths identified
2016-09-13 15:05:55.045 DEBUG 26868 --- [    Test worker] o.s.w.s.h.BeanNameUrlHandlerMapping      : Rejected bean name 'resourceHandlerMapping': no URL paths identified
2016-09-13 15:05:55.045 DEBUG 26868 --- [    Test worker] o.s.w.s.h.BeanNameUrlHandlerMapping      : Rejected bean name 'mvcResourceUrlProvider': no URL paths identified
2016-09-13 15:05:55.045 DEBUG 26868 --- [    Test worker] o.s.w.s.h.BeanNameUrlHandlerMapping      : Rejected bean name 'defaultServletHandlerMapping': no URL paths identified
2016-09-13 15:05:55.045 DEBUG 26868 --- [    Test worker] o.s.w.s.h.BeanNameUrlHandlerMapping      : Rejected bean name 'mvcConversionService': no URL paths identified
2016-09-13 15:05:55.045 DEBUG 26868 --- [    Test worker] o.s.w.s.h.BeanNameUrlHandlerMapping      : Rejected bean name 'mvcValidator': no URL paths identified
2016-09-13 15:05:55.045 DEBUG 26868 --- [    Test worker] o.s.w.s.h.BeanNameUrlHandlerMapping      : Rejected bean name 'mvcPathMatcher': no URL paths identified
2016-09-13 15:05:55.045 DEBUG 26868 --- [    Test worker] o.s.w.s.h.BeanNameUrlHandlerMapping      : Rejected bean name 'mvcUrlPathHelper': no URL paths identified
2016-09-13 15:05:55.045 DEBUG 26868 --- [    Test worker] o.s.w.s.h.BeanNameUrlHandlerMapping      : Rejected bean name 'mvcUriComponentsContributor': no URL paths identified
2016-09-13 15:05:55.045 DEBUG 26868 --- [    Test worker] o.s.w.s.h.BeanNameUrlHandlerMapping      : Rejected bean name 'httpRequestHandlerAdapter': no URL paths identified
2016-09-13 15:05:55.045 DEBUG 26868 --- [    Test worker] o.s.w.s.h.BeanNameUrlHandlerMapping      : Rejected bean name 'simpleControllerHandlerAdapter': no URL paths identified
2016-09-13 15:05:55.046 DEBUG 26868 --- [    Test worker] o.s.w.s.h.BeanNameUrlHandlerMapping      : Rejected bean name 'handlerExceptionResolver': no URL paths identified
2016-09-13 15:05:55.046 DEBUG 26868 --- [    Test worker] o.s.w.s.h.BeanNameUrlHandlerMapping      : Rejected bean name 'mvcViewResolver': no URL paths identified
2016-09-13 15:05:55.046 DEBUG 26868 --- [    Test worker] o.s.w.s.h.BeanNameUrlHandlerMapping      : Rejected bean name 'org.springframework.boot.autoconfigure.web.WebMvcAutoConfiguration$WebMvcAutoConfigurationAdapter$FaviconConfiguration': no URL paths identified
2016-09-13 15:05:55.046 DEBUG 26868 --- [    Test worker] o.s.w.s.h.BeanNameUrlHandlerMapping      : Rejected bean name 'faviconHandlerMapping': no URL paths identified
2016-09-13 15:05:55.046 DEBUG 26868 --- [    Test worker] o.s.w.s.h.BeanNameUrlHandlerMapping      : Rejected bean name 'faviconRequestHandler': no URL paths identified
2016-09-13 15:05:55.046 DEBUG 26868 --- [    Test worker] o.s.w.s.h.BeanNameUrlHandlerMapping      : Rejected bean name 'org.springframework.boot.autoconfigure.web.WebMvcAutoConfiguration$WebMvcAutoConfigurationAdapter': no URL paths identified
2016-09-13 15:05:55.046 DEBUG 26868 --- [    Test worker] o.s.w.s.h.BeanNameUrlHandlerMapping      : Rejected bean name 'defaultViewResolver': no URL paths identified
2016-09-13 15:05:55.046 DEBUG 26868 --- [    Test worker] o.s.w.s.h.BeanNameUrlHandlerMapping      : Rejected bean name 'viewResolver': no URL paths identified
2016-09-13 15:05:55.046 DEBUG 26868 --- [    Test worker] o.s.w.s.h.BeanNameUrlHandlerMapping      : Rejected bean name 'requestContextFilter': no URL paths identified
2016-09-13 15:05:55.046 DEBUG 26868 --- [    Test worker] o.s.w.s.h.BeanNameUrlHandlerMapping      : Rejected bean name 'org.springframework.boot.autoconfigure.web.WebMvcAutoConfiguration': no URL paths identified
2016-09-13 15:05:55.046 DEBUG 26868 --- [    Test worker] o.s.w.s.h.BeanNameUrlHandlerMapping      : Rejected bean name 'hiddenHttpMethodFilter': no URL paths identified
2016-09-13 15:05:55.046 DEBUG 26868 --- [    Test worker] o.s.w.s.h.BeanNameUrlHandlerMapping      : Rejected bean name 'httpPutFormContentFilter': no URL paths identified
2016-09-13 15:05:55.047 DEBUG 26868 --- [    Test worker] o.s.w.s.h.BeanNameUrlHandlerMapping      : Rejected bean name 'org.springframework.boot.autoconfigure.aop.AopAutoConfiguration$JdkDynamicAutoProxyConfiguration': no URL paths identified
2016-09-13 15:05:55.047 DEBUG 26868 --- [    Test worker] o.s.w.s.h.BeanNameUrlHandlerMapping      : Rejected bean name 'org.springframework.aop.config.internalAutoProxyCreator': no URL paths identified
2016-09-13 15:05:55.047 DEBUG 26868 --- [    Test worker] o.s.w.s.h.BeanNameUrlHandlerMapping      : Rejected bean name 'org.springframework.boot.autoconfigure.aop.AopAutoConfiguration': no URL paths identified
2016-09-13 15:05:55.047 DEBUG 26868 --- [    Test worker] o.s.w.s.h.BeanNameUrlHandlerMapping      : Rejected bean name 'org.springframework.boot.autoconfigure.transaction.jta.JtaAutoConfiguration': no URL paths identified
2016-09-13 15:05:55.047 DEBUG 26868 --- [    Test worker] o.s.w.s.h.BeanNameUrlHandlerMapping      : Rejected bean name 'spring.jta-org.springframework.boot.autoconfigure.transaction.jta.JtaProperties': no URL paths identified
2016-09-13 15:05:55.047 DEBUG 26868 --- [    Test worker] o.s.w.s.h.BeanNameUrlHandlerMapping      : Rejected bean name 'org.springframework.boot.autoconfigure.jdbc.DataSourceConfiguration$Tomcat': no URL paths identified
2016-09-13 15:05:55.047 DEBUG 26868 --- [    Test worker] o.s.w.s.h.BeanNameUrlHandlerMapping      : Rejected bean name 'dataSource': no URL paths identified
2016-09-13 15:05:55.047 DEBUG 26868 --- [    Test worker] o.s.w.s.h.BeanNameUrlHandlerMapping      : Rejected bean name 'org.springframework.boot.autoconfigure.jdbc.DataSourceAutoConfiguration$PooledDataSourceConfiguration': no URL paths identified
2016-09-13 15:05:55.047 DEBUG 26868 --- [    Test worker] o.s.w.s.h.BeanNameUrlHandlerMapping      : Rejected bean name 'org.springframework.boot.autoconfigure.jdbc.metadata.DataSourcePoolMetadataProvidersConfiguration$TomcatDataSourcePoolMetadataProviderConfiguration': no URL paths identified
2016-09-13 15:05:55.047 DEBUG 26868 --- [    Test worker] o.s.w.s.h.BeanNameUrlHandlerMapping      : Rejected bean name 'tomcatPoolDataSourceMetadataProvider': no URL paths identified
2016-09-13 15:05:55.047 DEBUG 26868 --- [    Test worker] o.s.w.s.h.BeanNameUrlHandlerMapping      : Rejected bean name 'org.springframework.boot.autoconfigure.jdbc.metadata.DataSourcePoolMetadataProvidersConfiguration': no URL paths identified
2016-09-13 15:05:55.047 DEBUG 26868 --- [    Test worker] o.s.w.s.h.BeanNameUrlHandlerMapping      : Rejected bean name 'org.springframework.boot.autoconfigure.jdbc.DataSourceAutoConfiguration': no URL paths identified
2016-09-13 15:05:55.047 DEBUG 26868 --- [    Test worker] o.s.w.s.h.BeanNameUrlHandlerMapping      : Rejected bean name 'dataSourceInitializer': no URL paths identified
2016-09-13 15:05:55.047 DEBUG 26868 --- [    Test worker] o.s.w.s.h.BeanNameUrlHandlerMapping      : Rejected bean name 'spring.datasource-org.springframework.boot.autoconfigure.jdbc.DataSourceProperties': no URL paths identified
2016-09-13 15:05:55.047 DEBUG 26868 --- [    Test worker] o.s.w.s.h.BeanNameUrlHandlerMapping      : Rejected bean name 'dataSourceInitializerPostProcessor': no URL paths identified
2016-09-13 15:05:55.047 DEBUG 26868 --- [    Test worker] o.s.w.s.h.BeanNameUrlHandlerMapping      : Rejected bean name 'org.springframework.boot.autoconfigure.orm.jpa.JpaBaseConfiguration$JpaWebConfiguration$JpaWebMvcConfiguration': no URL paths identified
2016-09-13 15:05:55.047 DEBUG 26868 --- [    Test worker] o.s.w.s.h.BeanNameUrlHandlerMapping      : Rejected bean name 'openEntityManagerInViewInterceptor': no URL paths identified
2016-09-13 15:05:55.047 DEBUG 26868 --- [    Test worker] o.s.w.s.h.BeanNameUrlHandlerMapping      : Rejected bean name 'org.springframework.boot.autoconfigure.orm.jpa.JpaBaseConfiguration$JpaWebConfiguration': no URL paths identified
2016-09-13 15:05:55.048 DEBUG 26868 --- [    Test worker] o.s.w.s.h.BeanNameUrlHandlerMapping      : Rejected bean name 'org.springframework.boot.autoconfigure.orm.jpa.HibernateJpaAutoConfiguration': no URL paths identified
2016-09-13 15:05:55.048 DEBUG 26868 --- [    Test worker] o.s.w.s.h.BeanNameUrlHandlerMapping      : Rejected bean name 'transactionManager': no URL paths identified
2016-09-13 15:05:55.048 DEBUG 26868 --- [    Test worker] o.s.w.s.h.BeanNameUrlHandlerMapping      : Rejected bean name 'jpaVendorAdapter': no URL paths identified
2016-09-13 15:05:55.048 DEBUG 26868 --- [    Test worker] o.s.w.s.h.BeanNameUrlHandlerMapping      : Rejected bean name 'entityManagerFactoryBuilder': no URL paths identified
2016-09-13 15:05:55.048 DEBUG 26868 --- [    Test worker] o.s.w.s.h.BeanNameUrlHandlerMapping      : Rejected bean name 'entityManagerFactory': no URL paths identified
2016-09-13 15:05:55.048 DEBUG 26868 --- [    Test worker] o.s.w.s.h.BeanNameUrlHandlerMapping      : Rejected bean name 'spring.jpa-org.springframework.boot.autoconfigure.orm.jpa.JpaProperties': no URL paths identified
2016-09-13 15:05:55.048 DEBUG 26868 --- [    Test worker] o.s.w.s.h.BeanNameUrlHandlerMapping      : Rejected bean name 'dataSourceInitializedPublisher': no URL paths identified
2016-09-13 15:05:55.048 DEBUG 26868 --- [    Test worker] o.s.w.s.h.BeanNameUrlHandlerMapping      : Rejected bean name 'org.springframework.boot.autoconfigure.context.ConfigurationPropertiesAutoConfiguration': no URL paths identified
2016-09-13 15:05:55.048 DEBUG 26868 --- [    Test worker] o.s.w.s.h.BeanNameUrlHandlerMapping      : Rejected bean name 'org.springframework.boot.autoconfigure.dao.PersistenceExceptionTranslationAutoConfiguration': no URL paths identified
2016-09-13 15:05:55.048 DEBUG 26868 --- [    Test worker] o.s.w.s.h.BeanNameUrlHandlerMapping      : Rejected bean name 'persistenceExceptionTranslationPostProcessor': no URL paths identified
2016-09-13 15:05:55.048 DEBUG 26868 --- [    Test worker] o.s.w.s.h.BeanNameUrlHandlerMapping      : Rejected bean name 'org.springframework.boot.autoconfigure.data.jpa.JpaRepositoriesAutoConfiguration': no URL paths identified
2016-09-13 15:05:55.048 DEBUG 26868 --- [    Test worker] o.s.w.s.h.BeanNameUrlHandlerMapping      : Rejected bean name 'org.springframework.data.repository.core.support.RepositoryFactoryBeanSupport_Predictor': no URL paths identified
2016-09-13 15:05:55.048 DEBUG 26868 --- [    Test worker] o.s.w.s.h.BeanNameUrlHandlerMapping      : Rejected bean name 'emBeanDefinitionRegistrarPostProcessor': no URL paths identified
2016-09-13 15:05:55.048 DEBUG 26868 --- [    Test worker] o.s.w.s.h.BeanNameUrlHandlerMapping      : Rejected bean name 'jpaMappingContext': no URL paths identified
2016-09-13 15:05:55.048 DEBUG 26868 --- [    Test worker] o.s.w.s.h.BeanNameUrlHandlerMapping      : Rejected bean name 'jpaContext': no URL paths identified
2016-09-13 15:05:55.048 DEBUG 26868 --- [    Test worker] o.s.w.s.h.BeanNameUrlHandlerMapping      : Rejected bean name 'postRepository': no URL paths identified
2016-09-13 15:05:55.048 DEBUG 26868 --- [    Test worker] o.s.w.s.h.BeanNameUrlHandlerMapping      : Rejected bean name 'topicRepository': no URL paths identified
2016-09-13 15:05:55.048 DEBUG 26868 --- [    Test worker] o.s.w.s.h.BeanNameUrlHandlerMapping      : Rejected bean name 'categoryRepository': no URL paths identified
2016-09-13 15:05:55.048 DEBUG 26868 --- [    Test worker] o.s.w.s.h.BeanNameUrlHandlerMapping      : Rejected bean name 'org.springframework.boot.autoconfigure.web.HttpMessageConvertersAutoConfiguration$StringHttpMessageConverterConfiguration': no URL paths identified
2016-09-13 15:05:55.048 DEBUG 26868 --- [    Test worker] o.s.w.s.h.BeanNameUrlHandlerMapping      : Rejected bean name 'stringHttpMessageConverter': no URL paths identified
2016-09-13 15:05:55.048 DEBUG 26868 --- [    Test worker] o.s.w.s.h.BeanNameUrlHandlerMapping      : Rejected bean name 'spring.http.encoding-org.springframework.boot.autoconfigure.web.HttpEncodingProperties': no URL paths identified
2016-09-13 15:05:55.049 DEBUG 26868 --- [    Test worker] o.s.w.s.h.BeanNameUrlHandlerMapping      : Rejected bean name 'org.springframework.boot.autoconfigure.web.JacksonHttpMessageConvertersConfiguration$MappingJackson2HttpMessageConverterConfiguration': no URL paths identified
2016-09-13 15:05:55.049 DEBUG 26868 --- [    Test worker] o.s.w.s.h.BeanNameUrlHandlerMapping      : Rejected bean name 'mappingJackson2HttpMessageConverter': no URL paths identified
2016-09-13 15:05:55.049 DEBUG 26868 --- [    Test worker] o.s.w.s.h.BeanNameUrlHandlerMapping      : Rejected bean name 'org.springframework.boot.autoconfigure.web.JacksonHttpMessageConvertersConfiguration': no URL paths identified
2016-09-13 15:05:55.049 DEBUG 26868 --- [    Test worker] o.s.w.s.h.BeanNameUrlHandlerMapping      : Rejected bean name 'org.springframework.boot.autoconfigure.web.HttpMessageConvertersAutoConfiguration': no URL paths identified
2016-09-13 15:05:55.049 DEBUG 26868 --- [    Test worker] o.s.w.s.h.BeanNameUrlHandlerMapping      : Rejected bean name 'messageConverters': no URL paths identified
2016-09-13 15:05:55.049 DEBUG 26868 --- [    Test worker] o.s.w.s.h.BeanNameUrlHandlerMapping      : Rejected bean name 'org.springframework.data.web.config.SpringDataWebConfiguration': no URL paths identified
2016-09-13 15:05:55.049 DEBUG 26868 --- [    Test worker] o.s.w.s.h.BeanNameUrlHandlerMapping      : Rejected bean name 'pageableResolver': no URL paths identified
2016-09-13 15:05:55.049 DEBUG 26868 --- [    Test worker] o.s.w.s.h.BeanNameUrlHandlerMapping      : Rejected bean name 'sortResolver': no URL paths identified
2016-09-13 15:05:55.049 DEBUG 26868 --- [    Test worker] o.s.w.s.h.BeanNameUrlHandlerMapping      : Rejected bean name 'org.springframework.data.web.config.SpringDataJacksonConfiguration': no URL paths identified
2016-09-13 15:05:55.049 DEBUG 26868 --- [    Test worker] o.s.w.s.h.BeanNameUrlHandlerMapping      : Rejected bean name 'jacksonGeoModule': no URL paths identified
2016-09-13 15:05:55.049 DEBUG 26868 --- [    Test worker] o.s.w.s.h.BeanNameUrlHandlerMapping      : Rejected bean name 'org.springframework.boot.autoconfigure.data.web.SpringDataWebAutoConfiguration': no URL paths identified
2016-09-13 15:05:55.049 DEBUG 26868 --- [    Test worker] o.s.w.s.h.BeanNameUrlHandlerMapping      : Rejected bean name 'org.springframework.boot.autoconfigure.info.ProjectInfoAutoConfiguration': no URL paths identified
2016-09-13 15:05:55.049 DEBUG 26868 --- [    Test worker] o.s.w.s.h.BeanNameUrlHandlerMapping      : Rejected bean name 'spring.info-org.springframework.boot.autoconfigure.info.ProjectInfoProperties': no URL paths identified
2016-09-13 15:05:55.049 DEBUG 26868 --- [    Test worker] o.s.w.s.h.BeanNameUrlHandlerMapping      : Rejected bean name 'org.springframework.transaction.annotation.ProxyTransactionManagementConfiguration': no URL paths identified
2016-09-13 15:05:55.049 DEBUG 26868 --- [    Test worker] o.s.w.s.h.BeanNameUrlHandlerMapping      : Rejected bean name 'org.springframework.transaction.config.internalTransactionAdvisor': no URL paths identified
2016-09-13 15:05:55.049 DEBUG 26868 --- [    Test worker] o.s.w.s.h.BeanNameUrlHandlerMapping      : Rejected bean name 'transactionAttributeSource': no URL paths identified
2016-09-13 15:05:55.049 DEBUG 26868 --- [    Test worker] o.s.w.s.h.BeanNameUrlHandlerMapping      : Rejected bean name 'transactionInterceptor': no URL paths identified
2016-09-13 15:05:55.049 DEBUG 26868 --- [    Test worker] o.s.w.s.h.BeanNameUrlHandlerMapping      : Rejected bean name 'org.springframework.transaction.config.internalTransactionalEventListenerFactory': no URL paths identified
2016-09-13 15:05:55.049 DEBUG 26868 --- [    Test worker] o.s.w.s.h.BeanNameUrlHandlerMapping      : Rejected bean name 'org.springframework.boot.autoconfigure.jdbc.DataSourceTransactionManagerAutoConfiguration$TransactionManagementConfiguration': no URL paths identified
2016-09-13 15:05:55.050 DEBUG 26868 --- [    Test worker] o.s.w.s.h.BeanNameUrlHandlerMapping      : Rejected bean name 'org.springframework.boot.autoconfigure.jdbc.DataSourceTransactionManagerAutoConfiguration$DataSourceTransactionManagerConfiguration': no URL paths identified
2016-09-13 15:05:55.050 DEBUG 26868 --- [    Test worker] o.s.w.s.h.BeanNameUrlHandlerMapping      : Rejected bean name 'org.springframework.boot.autoconfigure.jdbc.DataSourceTransactionManagerAutoConfiguration': no URL paths identified
2016-09-13 15:05:55.050 DEBUG 26868 --- [    Test worker] o.s.w.s.h.BeanNameUrlHandlerMapping      : Rejected bean name 'org.springframework.boot.autoconfigure.jdbc.JdbcTemplateAutoConfiguration': no URL paths identified
2016-09-13 15:05:55.050 DEBUG 26868 --- [    Test worker] o.s.w.s.h.BeanNameUrlHandlerMapping      : Rejected bean name 'jdbcTemplate': no URL paths identified
2016-09-13 15:05:55.050 DEBUG 26868 --- [    Test worker] o.s.w.s.h.BeanNameUrlHandlerMapping      : Rejected bean name 'namedParameterJdbcTemplate': no URL paths identified
2016-09-13 15:05:55.050 DEBUG 26868 --- [    Test worker] o.s.w.s.h.BeanNameUrlHandlerMapping      : Rejected bean name 'org.springframework.boot.autoconfigure.transaction.TransactionAutoConfiguration': no URL paths identified
2016-09-13 15:05:55.050 DEBUG 26868 --- [    Test worker] o.s.w.s.h.BeanNameUrlHandlerMapping      : Rejected bean name 'transactionTemplate': no URL paths identified
2016-09-13 15:05:55.050 DEBUG 26868 --- [    Test worker] o.s.w.s.h.BeanNameUrlHandlerMapping      : Rejected bean name 'org.springframework.boot.autoconfigure.web.HttpEncodingAutoConfiguration': no URL paths identified
2016-09-13 15:05:55.050 DEBUG 26868 --- [    Test worker] o.s.w.s.h.BeanNameUrlHandlerMapping      : Rejected bean name 'characterEncodingFilter': no URL paths identified
2016-09-13 15:05:55.050 DEBUG 26868 --- [    Test worker] o.s.w.s.h.BeanNameUrlHandlerMapping      : Rejected bean name 'localeCharsetMappingsCustomizer': no URL paths identified
2016-09-13 15:05:55.050 DEBUG 26868 --- [    Test worker] o.s.w.s.h.BeanNameUrlHandlerMapping      : Rejected bean name 'org.springframework.boot.autoconfigure.web.MultipartAutoConfiguration': no URL paths identified
2016-09-13 15:05:55.050 DEBUG 26868 --- [    Test worker] o.s.w.s.h.BeanNameUrlHandlerMapping      : Rejected bean name 'multipartConfigElement': no URL paths identified
2016-09-13 15:05:55.050 DEBUG 26868 --- [    Test worker] o.s.w.s.h.BeanNameUrlHandlerMapping      : Rejected bean name 'multipartResolver': no URL paths identified
2016-09-13 15:05:55.050 DEBUG 26868 --- [    Test worker] o.s.w.s.h.BeanNameUrlHandlerMapping      : Rejected bean name 'spring.http.multipart-org.springframework.boot.autoconfigure.web.MultipartProperties': no URL paths identified
2016-09-13 15:05:55.050 DEBUG 26868 --- [    Test worker] o.s.w.s.h.BeanNameUrlHandlerMapping      : Rejected bean name 'org.springframework.boot.autoconfigure.web.ServerPropertiesAutoConfiguration': no URL paths identified
2016-09-13 15:05:55.050 DEBUG 26868 --- [    Test worker] o.s.w.s.h.BeanNameUrlHandlerMapping      : Rejected bean name 'serverProperties': no URL paths identified
2016-09-13 15:05:55.050 DEBUG 26868 --- [    Test worker] o.s.w.s.h.BeanNameUrlHandlerMapping      : Rejected bean name 'duplicateServerPropertiesDetector': no URL paths identified
2016-09-13 15:05:55.050 DEBUG 26868 --- [    Test worker] o.s.w.s.h.BeanNameUrlHandlerMapping      : Rejected bean name 'org.springframework.boot.autoconfigure.web.WebClientAutoConfiguration$RestTemplateConfiguration': no URL paths identified
2016-09-13 15:05:55.050 DEBUG 26868 --- [    Test worker] o.s.w.s.h.BeanNameUrlHandlerMapping      : Rejected bean name 'restTemplateBuilder': no URL paths identified
2016-09-13 15:05:55.050 DEBUG 26868 --- [    Test worker] o.s.w.s.h.BeanNameUrlHandlerMapping      : Rejected bean name 'org.springframework.boot.autoconfigure.web.WebClientAutoConfiguration': no URL paths identified
2016-09-13 15:05:55.050 DEBUG 26868 --- [    Test worker] o.s.w.s.h.BeanNameUrlHandlerMapping      : Rejected bean name 'org.springframework.orm.jpa.SharedEntityManagerCreator#0': no URL paths identified
2016-09-13 15:05:55.050 DEBUG 26868 --- [    Test worker] o.s.w.s.h.BeanNameUrlHandlerMapping      : Rejected bean name 'org.springframework.boot.test.context.filter.TestTypeExcludeFilter': no URL paths identified
2016-09-13 15:05:55.051 DEBUG 26868 --- [    Test worker] o.s.w.s.h.BeanNameUrlHandlerMapping      : Rejected bean name 'org.springframework.boot.test.autoconfigure.properties.PropertyMappingContextCustomizer$PropertyMappingCheckBeanPostProcessor': no URL paths identified
2016-09-13 15:05:55.051 DEBUG 26868 --- [    Test worker] o.s.w.s.h.BeanNameUrlHandlerMapping      : Rejected bean name 'autoConfigurationReport': no URL paths identified
2016-09-13 15:05:55.051 DEBUG 26868 --- [    Test worker] o.s.w.s.h.BeanNameUrlHandlerMapping      : Rejected bean name 'springApplicationArguments': no URL paths identified
2016-09-13 15:05:55.051 DEBUG 26868 --- [    Test worker] o.s.w.s.h.BeanNameUrlHandlerMapping      : Rejected bean name 'springBootBanner': no URL paths identified
2016-09-13 15:05:55.051 DEBUG 26868 --- [    Test worker] o.s.w.s.h.BeanNameUrlHandlerMapping      : Rejected bean name 'springBootLoggingSystem': no URL paths identified
2016-09-13 15:05:55.051 DEBUG 26868 --- [    Test worker] o.s.w.s.h.BeanNameUrlHandlerMapping      : Rejected bean name 'environment': no URL paths identified
2016-09-13 15:05:55.051 DEBUG 26868 --- [    Test worker] o.s.w.s.h.BeanNameUrlHandlerMapping      : Rejected bean name 'systemProperties': no URL paths identified
2016-09-13 15:05:55.051 DEBUG 26868 --- [    Test worker] o.s.w.s.h.BeanNameUrlHandlerMapping      : Rejected bean name 'systemEnvironment': no URL paths identified
2016-09-13 15:05:55.051 DEBUG 26868 --- [    Test worker] o.s.w.s.h.BeanNameUrlHandlerMapping      : Rejected bean name 'org.springframework.context.annotation.ConfigurationClassPostProcessor.importRegistry': no URL paths identified
2016-09-13 15:05:55.051 DEBUG 26868 --- [    Test worker] o.s.w.s.h.BeanNameUrlHandlerMapping      : Rejected bean name 'applicationEventMulticaster': no URL paths identified
2016-09-13 15:05:55.051 DEBUG 26868 --- [    Test worker] o.s.w.s.h.BeanNameUrlHandlerMapping      : Rejected bean name 'servletContext': no URL paths identified
2016-09-13 15:05:55.051 DEBUG 26868 --- [    Test worker] o.s.w.s.h.BeanNameUrlHandlerMapping      : Rejected bean name 'contextParameters': no URL paths identified
2016-09-13 15:05:55.051 DEBUG 26868 --- [    Test worker] o.s.w.s.h.BeanNameUrlHandlerMapping      : Rejected bean name 'contextAttributes': no URL paths identified
2016-09-13 15:05:55.060  INFO 26868 --- [    Test worker] o.s.w.s.handler.SimpleUrlHandlerMapping  : Mapped URL path [/webjars/**] onto handler of type [class org.springframework.web.servlet.resource.ResourceHttpRequestHandler]
2016-09-13 15:05:55.060  INFO 26868 --- [    Test worker] o.s.w.s.handler.SimpleUrlHandlerMapping  : Mapped URL path [/**] onto handler of type [class org.springframework.web.servlet.resource.ResourceHttpRequestHandler]
2016-09-13 15:05:55.069 DEBUG 26868 --- [    Test worker] .m.m.a.ExceptionHandlerExceptionResolver : Looking for exception mappings: org.springframework.boot.context.embedded.AnnotationConfigEmbeddedWebApplicationContext@7b9c7f73: startup date [Tue Sep 13 15:05:52 KST 2016]; root of context hierarchy
2016-09-13 15:05:55.086  INFO 26868 --- [    Test worker] o.s.w.s.handler.SimpleUrlHandlerMapping  : Mapped URL path [/**/favicon.ico] onto handler of type [class org.springframework.web.servlet.resource.ResourceHttpRequestHandler]
2016-09-13 15:05:55.290 DEBUG 26868 --- [    Test worker] ationConfigEmbeddedWebApplicationContext : Unable to locate LifecycleProcessor with name 'lifecycleProcessor': using default [org.springframework.context.support.DefaultLifecycleProcessor@1f969796]
2016-09-13 15:05:55.298 DEBUG 26868 --- [    Test worker] utoConfigurationReportLoggingInitializer : 


=========================
AUTO-CONFIGURATION REPORT
=========================


Positive matches:
-----------------

   AopAutoConfiguration matched
      - @ConditionalOnClass classes found: org.springframework.context.annotation.EnableAspectJAutoProxy,org.aspectj.lang.annotation.Aspect,org.aspectj.lang.reflect.Advice (OnClassCondition)
      - matched (OnPropertyCondition)

   AopAutoConfiguration.JdkDynamicAutoProxyConfiguration matched
      - matched (OnPropertyCondition)

   DataSourceAutoConfiguration matched
      - @ConditionalOnClass classes found: javax.sql.DataSource,org.springframework.jdbc.datasource.embedded.EmbeddedDatabaseType (OnClassCondition)

   DataSourceAutoConfiguration#dataSourceInitializer matched
      - @ConditionalOnMissingBean (types: org.springframework.boot.autoconfigure.jdbc.DataSourceInitializer; SearchStrategy: all) found no beans (OnBeanCondition)

   DataSourceAutoConfiguration.PooledDataSourceConfiguration matched
      - supported DataSource class found (DataSourceAutoConfiguration.PooledDataSourceCondition)
      - @ConditionalOnMissingBean (types: javax.sql.DataSource,javax.sql.XADataSource; SearchStrategy: all) found no beans (OnBeanCondition)

   DataSourceConfiguration.Tomcat matched
      - @ConditionalOnClass classes found: org.apache.tomcat.jdbc.pool.DataSource (OnClassCondition)
      - matched (OnPropertyCondition)

   DataSourcePoolMetadataProvidersConfiguration.TomcatDataSourcePoolMetadataProviderConfiguration matched
      - @ConditionalOnClass classes found: org.apache.tomcat.jdbc.pool.DataSource (OnClassCondition)

   DataSourceTransactionManagerAutoConfiguration matched
      - @ConditionalOnClass classes found: org.springframework.jdbc.core.JdbcTemplate,org.springframework.transaction.PlatformTransactionManager (OnClassCondition)

   DataSourceTransactionManagerAutoConfiguration.DataSourceTransactionManagerConfiguration matched
      - @ConditionalOnSingleCandidate (types: javax.sql.DataSource; SearchStrategy: all) found a primary candidate amongst the following [dataSource] (OnBeanCondition)

   DataSourceTransactionManagerAutoConfiguration.TransactionManagementConfiguration matched
      - @ConditionalOnMissingBean (types: org.springframework.transaction.annotation.AbstractTransactionManagementConfiguration; SearchStrategy: all) found no beans (OnBeanCondition)

   DispatcherServletAutoConfiguration matched
      - @ConditionalOnClass classes found: org.springframework.web.servlet.DispatcherServlet (OnClassCondition)
      - found web application WebApplicationContext (OnWebApplicationCondition)

   DispatcherServletAutoConfiguration.DispatcherServletConfiguration matched
      - @ConditionalOnClass classes found: javax.servlet.ServletRegistration (OnClassCondition)
      - no DispatcherServlet found (DispatcherServletAutoConfiguration.DefaultDispatcherServletCondition)

   DispatcherServletAutoConfiguration.DispatcherServletRegistrationConfiguration matched
      - @ConditionalOnClass classes found: javax.servlet.ServletRegistration (OnClassCondition)
      - no ServletRegistrationBean found (DispatcherServletAutoConfiguration.DispatcherServletRegistrationCondition)
      - one or more ServletRegistrationBeans is found and none is named dispatcherServletRegistration (DispatcherServletAutoConfiguration.DispatcherServletRegistrationCondition)

   DispatcherServletAutoConfiguration.DispatcherServletRegistrationConfiguration#dispatcherServletRegistration matched
      - @ConditionalOnBean (names: dispatcherServlet; types: org.springframework.web.servlet.DispatcherServlet; SearchStrategy: all) found the following [dispatcherServlet, dispatcherServlet] (OnBeanCondition)

   EmbeddedServletContainerAutoConfiguration matched
      - found web application WebApplicationContext (OnWebApplicationCondition)

   EmbeddedServletContainerAutoConfiguration.EmbeddedTomcat matched
      - @ConditionalOnClass classes found: javax.servlet.Servlet,org.apache.catalina.startup.Tomcat (OnClassCondition)
      - @ConditionalOnMissingBean (types: org.springframework.boot.context.embedded.EmbeddedServletContainerFactory; SearchStrategy: current) found no beans (OnBeanCondition)

   ErrorMvcAutoConfiguration matched
      - @ConditionalOnClass classes found: javax.servlet.Servlet,org.springframework.web.servlet.DispatcherServlet (OnClassCondition)
      - found web application WebApplicationContext (OnWebApplicationCondition)

   ErrorMvcAutoConfiguration#conventionErrorViewResolver matched
      - @ConditionalOnBean (types: org.springframework.web.servlet.DispatcherServlet; SearchStrategy: all) found the following [dispatcherServlet] @ConditionalOnMissingBean (types: org.springframework.boot.autoconfigure.web.DefaultErrorViewResolver; SearchStrategy: all) found no beans (OnBeanCondition)

   ErrorMvcAutoConfiguration#errorAttributes matched
      - @ConditionalOnMissingBean (types: org.springframework.boot.autoconfigure.web.ErrorAttributes; SearchStrategy: current) found no beans (OnBeanCondition)

   ErrorMvcAutoConfiguration.WhitelabelErrorViewConfiguration matched
      - No error template view detected (ErrorMvcAutoConfiguration.ErrorTemplateMissingCondition)
      - matched (OnPropertyCondition)

   ErrorMvcAutoConfiguration.WhitelabelErrorViewConfiguration#beanNameViewResolver matched
      - @ConditionalOnMissingBean (types: org.springframework.web.servlet.view.BeanNameViewResolver; SearchStrategy: all) found no beans (OnBeanCondition)

   ErrorMvcAutoConfiguration.WhitelabelErrorViewConfiguration#defaultErrorView matched
      - @ConditionalOnMissingBean (names: error; SearchStrategy: all) found no beans (OnBeanCondition)

   GenericCacheConfiguration matched
      - Automatic cache type (CacheCondition)

   HibernateJpaAutoConfiguration matched
      - @ConditionalOnClass classes found: org.springframework.orm.jpa.LocalContainerEntityManagerFactoryBean,org.springframework.transaction.annotation.EnableTransactionManagement,javax.persistence.EntityManager (OnClassCondition)
      - found HibernateEntityManager class (HibernateJpaAutoConfiguration.HibernateEntityManagerCondition)

   HttpEncodingAutoConfiguration matched
      - @ConditionalOnClass classes found: org.springframework.web.filter.CharacterEncodingFilter (OnClassCondition)
      - found web application WebApplicationContext (OnWebApplicationCondition)
      - matched (OnPropertyCondition)

   HttpEncodingAutoConfiguration#characterEncodingFilter matched
      - @ConditionalOnMissingBean (types: org.springframework.web.filter.CharacterEncodingFilter; SearchStrategy: all) found no beans (OnBeanCondition)

   HttpMessageConvertersAutoConfiguration matched
      - @ConditionalOnClass classes found: org.springframework.http.converter.HttpMessageConverter (OnClassCondition)

   HttpMessageConvertersAutoConfiguration#messageConverters matched
      - @ConditionalOnMissingBean (types: org.springframework.boot.autoconfigure.web.HttpMessageConverters; SearchStrategy: all) found no beans (OnBeanCondition)

   HttpMessageConvertersAutoConfiguration.StringHttpMessageConverterConfiguration matched
      - @ConditionalOnClass classes found: org.springframework.http.converter.StringHttpMessageConverter (OnClassCondition)

   HttpMessageConvertersAutoConfiguration.StringHttpMessageConverterConfiguration#stringHttpMessageConverter matched
      - @ConditionalOnMissingBean (types: org.springframework.http.converter.StringHttpMessageConverter; SearchStrategy: all) found no beans (OnBeanCondition)

   JacksonAutoConfiguration matched
      - @ConditionalOnClass classes found: com.fasterxml.jackson.databind.ObjectMapper (OnClassCondition)

   JacksonAutoConfiguration.Jackson2ObjectMapperBuilderCustomizerConfiguration matched
      - @ConditionalOnClass classes found: com.fasterxml.jackson.databind.ObjectMapper,org.springframework.http.converter.json.Jackson2ObjectMapperBuilder (OnClassCondition)

   JacksonAutoConfiguration.JacksonObjectMapperBuilderConfiguration matched
      - @ConditionalOnClass classes found: com.fasterxml.jackson.databind.ObjectMapper,org.springframework.http.converter.json.Jackson2ObjectMapperBuilder (OnClassCondition)

   JacksonAutoConfiguration.JacksonObjectMapperBuilderConfiguration#jacksonObjectMapperBuilder matched
      - @ConditionalOnMissingBean (types: org.springframework.http.converter.json.Jackson2ObjectMapperBuilder; SearchStrategy: all) found no beans (OnBeanCondition)

   JacksonAutoConfiguration.JacksonObjectMapperConfiguration matched
      - @ConditionalOnClass classes found: com.fasterxml.jackson.databind.ObjectMapper,org.springframework.http.converter.json.Jackson2ObjectMapperBuilder (OnClassCondition)

   JacksonAutoConfiguration.JacksonObjectMapperConfiguration#jacksonObjectMapper matched
      - @ConditionalOnMissingBean (types: com.fasterxml.jackson.databind.ObjectMapper; SearchStrategy: all) found no beans (OnBeanCondition)

   JacksonHttpMessageConvertersConfiguration.MappingJackson2HttpMessageConverterConfiguration matched
      - @ConditionalOnClass classes found: com.fasterxml.jackson.databind.ObjectMapper (OnClassCondition)
      - matched (OnPropertyCondition)
      - @ConditionalOnBean (types: com.fasterxml.jackson.databind.ObjectMapper; SearchStrategy: all) found the following [jacksonObjectMapper] (OnBeanCondition)

   JacksonHttpMessageConvertersConfiguration.MappingJackson2HttpMessageConverterConfiguration#mappingJackson2HttpMessageConverter matched
      - @ConditionalOnMissingBean (types: org.springframework.http.converter.json.MappingJackson2HttpMessageConverter; SearchStrategy: all) found no beans (OnBeanCondition)

   JdbcTemplateAutoConfiguration matched
      - @ConditionalOnClass classes found: javax.sql.DataSource (OnClassCondition)
      - @ConditionalOnSingleCandidate (types: javax.sql.DataSource; SearchStrategy: all) found a primary candidate amongst the following [dataSource] (OnBeanCondition)

   JdbcTemplateAutoConfiguration#jdbcTemplate matched
      - @ConditionalOnMissingBean (types: org.springframework.jdbc.core.JdbcOperations; SearchStrategy: all) found no beans (OnBeanCondition)

   JdbcTemplateAutoConfiguration#namedParameterJdbcTemplate matched
      - @ConditionalOnMissingBean (types: org.springframework.jdbc.core.namedparam.NamedParameterJdbcOperations; SearchStrategy: all) found no beans (OnBeanCondition)

   JpaBaseConfiguration#entityManagerFactory matched
      - @ConditionalOnMissingBean (types: org.springframework.orm.jpa.LocalContainerEntityManagerFactoryBean,javax.persistence.EntityManagerFactory; SearchStrategy: all) found no beans (OnBeanCondition)

   JpaBaseConfiguration#entityManagerFactoryBuilder matched
      - @ConditionalOnMissingBean (types: org.springframework.boot.orm.jpa.EntityManagerFactoryBuilder; SearchStrategy: all) found no beans (OnBeanCondition)

   JpaBaseConfiguration#jpaVendorAdapter matched
      - @ConditionalOnMissingBean (types: org.springframework.orm.jpa.JpaVendorAdapter; SearchStrategy: all) found no beans (OnBeanCondition)

   JpaBaseConfiguration#transactionManager matched
      - @ConditionalOnMissingBean (types: org.springframework.transaction.PlatformTransactionManager; SearchStrategy: all) found no beans (OnBeanCondition)

   JpaBaseConfiguration.JpaWebConfiguration matched
      - @ConditionalOnClass classes found: org.springframework.web.servlet.config.annotation.WebMvcConfigurerAdapter (OnClassCondition)
      - found web application WebApplicationContext (OnWebApplicationCondition)
      - matched (OnPropertyCondition)
      - @ConditionalOnMissingBean (types: org.springframework.orm.jpa.support.OpenEntityManagerInViewInterceptor,org.springframework.orm.jpa.support.OpenEntityManagerInViewFilter; SearchStrategy: all) found no beans (OnBeanCondition)

   JpaRepositoriesAutoConfiguration matched
      - @ConditionalOnClass classes found: org.springframework.data.jpa.repository.JpaRepository (OnClassCondition)
      - matched (OnPropertyCondition)
      - @ConditionalOnBean (types: javax.sql.DataSource; SearchStrategy: all) found the following [dataSource] @ConditionalOnMissingBean (types: org.springframework.data.jpa.repository.support.JpaRepositoryFactoryBean,org.springframework.data.jpa.repository.config.JpaRepositoryConfigExtension; SearchStrategy: all) found no beans (OnBeanCondition)

   JtaAutoConfiguration matched
      - @ConditionalOnClass classes found: javax.transaction.Transaction (OnClassCondition)
      - matched (OnPropertyCondition)

   MessageSourceAutoConfiguration matched
      - Bundle found for spring.messages.basename: messages (MessageSourceAutoConfiguration.ResourceBundleCondition)
      - @ConditionalOnMissingBean (types: org.springframework.context.MessageSource; SearchStrategy: current) found no beans (OnBeanCondition)

   MultipartAutoConfiguration matched
      - @ConditionalOnClass classes found: javax.servlet.Servlet,org.springframework.web.multipart.support.StandardServletMultipartResolver,javax.servlet.MultipartConfigElement (OnClassCondition)
      - matched (OnPropertyCondition)

   MultipartAutoConfiguration#multipartConfigElement matched
      - @ConditionalOnMissingBean (types: javax.servlet.MultipartConfigElement; SearchStrategy: all) found no beans (OnBeanCondition)

   MultipartAutoConfiguration#multipartResolver matched
      - @ConditionalOnMissingBean (types: org.springframework.web.multipart.MultipartResolver; SearchStrategy: all) found no beans (OnBeanCondition)

   NoOpCacheConfiguration matched
      - Automatic cache type (CacheCondition)

   PersistenceExceptionTranslationAutoConfiguration matched
      - @ConditionalOnClass classes found: org.springframework.dao.annotation.PersistenceExceptionTranslationPostProcessor (OnClassCondition)

   PersistenceExceptionTranslationAutoConfiguration#persistenceExceptionTranslationPostProcessor matched
      - @ConditionalOnMissingBean (types: org.springframework.dao.annotation.PersistenceExceptionTranslationPostProcessor; SearchStrategy: all) found no beans (OnBeanCondition)
      - matched (OnPropertyCondition)

   PropertyPlaceholderAutoConfiguration#propertySourcesPlaceholderConfigurer matched
      - @ConditionalOnMissingBean (types: org.springframework.context.support.PropertySourcesPlaceholderConfigurer; SearchStrategy: current) found no beans (OnBeanCondition)

   RedisCacheConfiguration matched
      - Automatic cache type (CacheCondition)

   ServerPropertiesAutoConfiguration matched
      - found web application WebApplicationContext (OnWebApplicationCondition)

   ServerPropertiesAutoConfiguration#serverProperties matched
      - @ConditionalOnMissingBean (types: org.springframework.boot.autoconfigure.web.ServerProperties; SearchStrategy: current) found no beans (OnBeanCondition)

   SimpleCacheConfiguration matched
      - Automatic cache type (CacheCondition)

   SpringDataWebAutoConfiguration matched
      - @ConditionalOnClass classes found: org.springframework.data.web.PageableHandlerMethodArgumentResolver,org.springframework.web.servlet.config.annotation.WebMvcConfigurerAdapter (OnClassCondition)
      - found web application WebApplicationContext (OnWebApplicationCondition)
      - @ConditionalOnMissingBean (types: org.springframework.data.web.PageableHandlerMethodArgumentResolver; SearchStrategy: all) found no beans (OnBeanCondition)

   TransactionAutoConfiguration matched
      - @ConditionalOnClass classes found: org.springframework.transaction.support.TransactionTemplate,org.springframework.transaction.PlatformTransactionManager (OnClassCondition)
      - @ConditionalOnSingleCandidate (types: org.springframework.transaction.PlatformTransactionManager; SearchStrategy: all) found a primary candidate amongst the following [transactionManager] (OnBeanCondition)

   TransactionAutoConfiguration#transactionTemplate matched
      - @ConditionalOnMissingBean (types: org.springframework.transaction.support.TransactionTemplate; SearchStrategy: all) found no beans (OnBeanCondition)

   WebClientAutoConfiguration.RestTemplateConfiguration matched
      - @ConditionalOnClass classes found: org.springframework.web.client.RestTemplate (OnClassCondition)

   WebClientAutoConfiguration.RestTemplateConfiguration#restTemplateBuilder matched
      - @ConditionalOnMissingBean (types: org.springframework.boot.web.client.RestTemplateBuilder; SearchStrategy: all) found no beans (OnBeanCondition)

   WebMvcAutoConfiguration matched
      - @ConditionalOnClass classes found: javax.servlet.Servlet,org.springframework.web.servlet.DispatcherServlet,org.springframework.web.servlet.config.annotation.WebMvcConfigurerAdapter (OnClassCondition)
      - found web application WebApplicationContext (OnWebApplicationCondition)
      - @ConditionalOnMissingBean (types: org.springframework.web.servlet.config.annotation.WebMvcConfigurationSupport; SearchStrategy: all) found no beans (OnBeanCondition)

   WebMvcAutoConfiguration#hiddenHttpMethodFilter matched
      - @ConditionalOnMissingBean (types: org.springframework.web.filter.HiddenHttpMethodFilter; SearchStrategy: all) found no beans (OnBeanCondition)

   WebMvcAutoConfiguration#httpPutFormContentFilter matched
      - @ConditionalOnMissingBean (types: org.springframework.web.filter.HttpPutFormContentFilter; SearchStrategy: all) found no beans (OnBeanCondition)

   WebMvcAutoConfiguration.WebMvcAutoConfigurationAdapter#defaultViewResolver matched
      - @ConditionalOnMissingBean (types: org.springframework.web.servlet.view.InternalResourceViewResolver; SearchStrategy: all) found no beans (OnBeanCondition)

   WebMvcAutoConfiguration.WebMvcAutoConfigurationAdapter#requestContextFilter matched
      - @ConditionalOnMissingBean (types: org.springframework.web.context.request.RequestContextListener,org.springframework.web.filter.RequestContextFilter; SearchStrategy: all) found no beans (OnBeanCondition)

   WebMvcAutoConfiguration.WebMvcAutoConfigurationAdapter#viewResolver matched
      - @ConditionalOnBean (types: org.springframework.web.servlet.ViewResolver; SearchStrategy: all) found the following [beanNameViewResolver, defaultViewResolver, mvcViewResolver] @ConditionalOnMissingBean (names: viewResolver; types: org.springframework.web.servlet.view.ContentNegotiatingViewResolver; SearchStrategy: all) found no beans (OnBeanCondition)

   WebMvcAutoConfiguration.WebMvcAutoConfigurationAdapter.FaviconConfiguration matched
      - matched (OnPropertyCondition)

   WebSocketAutoConfiguration matched
      - @ConditionalOnClass classes found: javax.servlet.Servlet,javax.websocket.server.ServerContainer (OnClassCondition)
      - found web application WebApplicationContext (OnWebApplicationCondition)

   WebSocketAutoConfiguration.TomcatWebSocketConfiguration matched
      - @ConditionalOnClass classes found: org.apache.catalina.startup.Tomcat,org.apache.tomcat.websocket.server.WsSci (OnClassCondition)

   WebSocketAutoConfiguration.TomcatWebSocketConfiguration#websocketContainerCustomizer matched
      - Required JVM version 1.7 or newer found 1.8 (OnJavaCondition)
      - @ConditionalOnMissingBean (names: websocketContainerCustomizer; SearchStrategy: all) found no beans (OnBeanCondition)


Negative matches:
-----------------

   ActiveMQAutoConfiguration did not match
      - required @ConditionalOnClass classes not found: javax.jms.ConnectionFactory,org.apache.activemq.ActiveMQConnectionFactory (OnClassCondition)

   AopAutoConfiguration.CglibAutoProxyConfiguration did not match
      - @ConditionalOnProperty missing required properties spring.aop.proxy-target-class (OnPropertyCondition)

   ArtemisAutoConfiguration did not match
      - required @ConditionalOnClass classes not found: javax.jms.ConnectionFactory,org.apache.activemq.artemis.jms.client.ActiveMQConnectionFactory (OnClassCondition)

   AtomikosJtaConfiguration did not match
      - required @ConditionalOnClass classes not found: com.atomikos.icatch.jta.UserTransactionManager (OnClassCondition)

   BatchAutoConfiguration did not match
      - required @ConditionalOnClass classes not found: org.springframework.batch.core.launch.JobLauncher (OnClassCondition)

   BitronixJtaConfiguration did not match
      - required @ConditionalOnClass classes not found: bitronix.tm.jndi.BitronixContext (OnClassCondition)

   CacheAutoConfiguration did not match
      - @ConditionalOnClass classes found: org.springframework.cache.CacheManager (OnClassCondition)
      - @ConditionalOnBean (types: org.springframework.cache.interceptor.CacheAspectSupport; SearchStrategy: all) found no beans (OnBeanCondition)

   CacheAutoConfiguration.CacheManagerJpaDependencyConfiguration did not match
      - @ConditionalOnClass classes found: org.springframework.orm.jpa.LocalContainerEntityManagerFactoryBean (OnClassCondition)
      - Ancestor 'org.springframework.boot.autoconfigure.cache.CacheAutoConfiguration' did not match (ConditionEvaluationReport.AncestorsMatchedCondition)

   CaffeineCacheConfiguration did not match
      - required @ConditionalOnClass classes not found: com.github.benmanes.caffeine.cache.Caffeine,org.springframework.cache.caffeine.CaffeineCacheManager (OnClassCondition)

   CassandraAutoConfiguration did not match
      - required @ConditionalOnClass classes not found: com.datastax.driver.core.Cluster (OnClassCondition)

   CassandraDataAutoConfiguration did not match
      - required @ConditionalOnClass classes not found: com.datastax.driver.core.Cluster,org.springframework.data.cassandra.core.CassandraAdminOperations (OnClassCondition)

   CassandraRepositoriesAutoConfiguration did not match
      - required @ConditionalOnClass classes not found: com.datastax.driver.core.Session,org.springframework.data.cassandra.repository.CassandraRepository (OnClassCondition)

   CloudAutoConfiguration did not match
      - required @ConditionalOnClass classes not found: org.springframework.cloud.config.java.CloudScanConfiguration (OnClassCondition)

   CouchbaseAutoConfiguration did not match
      - required @ConditionalOnClass classes not found: com.couchbase.client.java.CouchbaseBucket,com.couchbase.client.java.Cluster (OnClassCondition)

   CouchbaseCacheConfiguration did not match
      - required @ConditionalOnClass classes not found: com.couchbase.client.java.Bucket,com.couchbase.client.spring.cache.CouchbaseCacheManager (OnClassCondition)

   CouchbaseDataAutoConfiguration did not match
      - required @ConditionalOnClass classes not found: com.couchbase.client.java.Bucket,org.springframework.data.couchbase.repository.CouchbaseRepository (OnClassCondition)

   CouchbaseRepositoriesAutoConfiguration did not match
      - required @ConditionalOnClass classes not found: com.couchbase.client.java.Bucket,org.springframework.data.couchbase.repository.CouchbaseRepository (OnClassCondition)

   DataSourceAutoConfiguration.EmbeddedDatabaseConfiguration did not match
      - supported DataSource class found (DataSourceAutoConfiguration.EmbeddedDatabaseCondition)

   DataSourceAutoConfiguration.TomcatDataSourceJmxConfiguration did not match
      - @ConditionalOnClass classes found: org.apache.tomcat.jdbc.pool.DataSourceProxy (OnClassCondition)
      - existing auto database detected (DataSourceAutoConfiguration.DataSourceAvailableCondition)
      - @ConditionalOnProperty missing required properties spring.datasource.jmx-enabled (OnPropertyCondition)

   DataSourceConfiguration.Dbcp did not match
      - required @ConditionalOnClass classes not found: org.apache.commons.dbcp.BasicDataSource (OnClassCondition)

   DataSourceConfiguration.Dbcp2 did not match
      - required @ConditionalOnClass classes not found: org.apache.commons.dbcp2.BasicDataSource (OnClassCondition)

   DataSourceConfiguration.Hikari did not match
      - required @ConditionalOnClass classes not found: com.zaxxer.hikari.HikariDataSource (OnClassCondition)

   DataSourcePoolMetadataProvidersConfiguration.CommonsDbcp2PoolDataSourceMetadataProviderConfiguration did not match
      - required @ConditionalOnClass classes not found: org.apache.commons.dbcp2.BasicDataSource (OnClassCondition)

   DataSourcePoolMetadataProvidersConfiguration.CommonsDbcpPoolDataSourceMetadataProviderConfiguration did not match
      - required @ConditionalOnClass classes not found: org.apache.commons.dbcp.BasicDataSource (OnClassCondition)

   DataSourcePoolMetadataProvidersConfiguration.HikariPoolDataSourceMetadataProviderConfiguration did not match
      - required @ConditionalOnClass classes not found: com.zaxxer.hikari.HikariDataSource (OnClassCondition)

   DataSourceTransactionManagerAutoConfiguration.DataSourceTransactionManagerConfiguration#transactionManager did not match
      - @ConditionalOnMissingBean (types: org.springframework.transaction.PlatformTransactionManager; SearchStrategy: all) found the following [transactionManager] (OnBeanCondition)

   DeviceDelegatingViewResolverAutoConfiguration did not match
      - required @ConditionalOnClass classes not found: org.springframework.mobile.device.view.LiteDeviceDelegatingViewResolver (OnClassCondition)

   DeviceResolverAutoConfiguration did not match
      - required @ConditionalOnClass classes not found: org.springframework.mobile.device.DeviceResolverHandlerInterceptor,org.springframework.mobile.device.DeviceHandlerMethodArgumentResolver (OnClassCondition)

   DispatcherServletAutoConfiguration.DispatcherServletConfiguration#multipartResolver did not match
      - @ConditionalOnBean (types: org.springframework.web.multipart.MultipartResolver; SearchStrategy: all) found no beans (OnBeanCondition)

   EhCacheCacheConfiguration did not match
      - required @ConditionalOnClass classes not found: net.sf.ehcache.Cache,org.springframework.cache.ehcache.EhCacheCacheManager (OnClassCondition)

   ElasticsearchAutoConfiguration did not match
      - required @ConditionalOnClass classes not found: org.elasticsearch.client.Client,org.springframework.data.elasticsearch.client.TransportClientFactoryBean,org.springframework.data.elasticsearch.client.NodeClientFactoryBean (OnClassCondition)

   ElasticsearchDataAutoConfiguration did not match
      - required @ConditionalOnClass classes not found: org.elasticsearch.client.Client,org.springframework.data.elasticsearch.core.ElasticsearchTemplate (OnClassCondition)

   ElasticsearchRepositoriesAutoConfiguration did not match
      - required @ConditionalOnClass classes not found: org.elasticsearch.client.Client,org.springframework.data.elasticsearch.repository.ElasticsearchRepository (OnClassCondition)

   EmbeddedMongoAutoConfiguration did not match
      - required @ConditionalOnClass classes not found: com.mongodb.Mongo,de.flapdoodle.embed.mongo.MongodStarter (OnClassCondition)

   EmbeddedServletContainerAutoConfiguration.EmbeddedJetty did not match
      - required @ConditionalOnClass classes not found: org.eclipse.jetty.server.Server,org.eclipse.jetty.util.Loader,org.eclipse.jetty.webapp.WebAppContext (OnClassCondition)

   EmbeddedServletContainerAutoConfiguration.EmbeddedUndertow did not match
      - required @ConditionalOnClass classes not found: io.undertow.Undertow,org.xnio.SslClientAuthMode (OnClassCondition)

   ErrorMvcAutoConfiguration#basicErrorController did not match
      - @ConditionalOnMissingBean (types: org.springframework.boot.autoconfigure.web.ErrorController; SearchStrategy: current) found the following [globalErrorMessageRestController] (OnBeanCondition)

   FacebookAutoConfiguration did not match
      - required @ConditionalOnClass classes not found: org.springframework.social.config.annotation.SocialConfigurerAdapter,org.springframework.social.facebook.connect.FacebookConnectionFactory (OnClassCondition)

   FallbackWebSecurityAutoConfiguration did not match
      - required @ConditionalOnClass classes not found: org.springframework.security.config.annotation.web.configuration.EnableWebSecurity (OnClassCondition)

   FlywayAutoConfiguration did not match
      - required @ConditionalOnClass classes not found: org.flywaydb.core.Flyway (OnClassCondition)

   FreeMarkerAutoConfiguration did not match
      - required @ConditionalOnClass classes not found: freemarker.template.Configuration,org.springframework.ui.freemarker.FreeMarkerConfigurationFactory (OnClassCondition)

   GroovyTemplateAutoConfiguration did not match
      - required @ConditionalOnClass classes not found: groovy.text.markup.MarkupTemplateEngine (OnClassCondition)

   GsonAutoConfiguration did not match
      - required @ConditionalOnClass classes not found: com.google.gson.Gson (OnClassCondition)

   GsonHttpMessageConvertersConfiguration did not match
      - required @ConditionalOnClass classes not found: com.google.gson.Gson (OnClassCondition)

   GuavaCacheConfiguration did not match
      - required @ConditionalOnClass classes not found: com.google.common.cache.CacheBuilder,org.springframework.cache.guava.GuavaCacheManager (OnClassCondition)

   H2ConsoleAutoConfiguration did not match
      - @ConditionalOnClass classes found: org.h2.server.web.WebServlet (OnClassCondition)
      - found web application WebApplicationContext (OnWebApplicationCondition)
      - @ConditionalOnProperty missing required properties spring.h2.console.enabled (OnPropertyCondition)

   HazelcastAutoConfiguration did not match
      - required @ConditionalOnClass classes not found: com.hazelcast.core.HazelcastInstance (OnClassCondition)

   HazelcastCacheConfiguration did not match
      - required @ConditionalOnClass classes not found: com.hazelcast.core.HazelcastInstance,com.hazelcast.spring.cache.HazelcastCacheManager (OnClassCondition)

   HazelcastJpaDependencyAutoConfiguration did not match
      - required @ConditionalOnClass classes not found: com.hazelcast.core.HazelcastInstance (OnClassCondition)

   HornetQAutoConfiguration did not match
      - required @ConditionalOnClass classes not found: javax.jms.ConnectionFactory,org.hornetq.api.jms.HornetQJMSClient (OnClassCondition)

   HypermediaAutoConfiguration did not match
      - required @ConditionalOnClass classes not found: org.springframework.hateoas.Resource,org.springframework.plugin.core.Plugin (OnClassCondition)

   InfinispanCacheConfiguration did not match
      - required @ConditionalOnClass classes not found: org.infinispan.spring.provider.SpringEmbeddedCacheManager (OnClassCondition)

   IntegrationAutoConfiguration did not match
      - required @ConditionalOnClass classes not found: org.springframework.integration.config.EnableIntegration (OnClassCondition)

   JCacheCacheConfiguration did not match
      - required @ConditionalOnClass classes not found: javax.cache.Caching,org.springframework.cache.jcache.JCacheCacheManager (OnClassCondition)

   JacksonAutoConfiguration.JodaDateTimeJacksonConfiguration did not match
      - required @ConditionalOnClass classes not found: org.joda.time.DateTime,com.fasterxml.jackson.datatype.joda.ser.DateTimeSerializer,com.fasterxml.jackson.datatype.joda.cfg.JacksonJodaDateFormat (OnClassCondition)

   JacksonAutoConfiguration.ParameterNamesModuleConfiguration did not match
      - required @ConditionalOnClass classes not found: com.fasterxml.jackson.module.paramnames.ParameterNamesModule (OnClassCondition)

   JacksonHttpMessageConvertersConfiguration.MappingJackson2XmlHttpMessageConverterConfiguration did not match
      - required @ConditionalOnClass classes not found: com.fasterxml.jackson.dataformat.xml.XmlMapper (OnClassCondition)

   JerseyAutoConfiguration did not match
      - required @ConditionalOnClass classes not found: org.glassfish.jersey.server.spring.SpringComponentProvider (OnClassCondition)

   JestAutoConfiguration did not match
      - required @ConditionalOnClass classes not found: io.searchbox.client.JestClient (OnClassCondition)

   JmsAutoConfiguration did not match
      - required @ConditionalOnClass classes not found: org.springframework.jms.core.JmsTemplate (OnClassCondition)

   JmxAutoConfiguration did not match
      - @ConditionalOnClass classes found: org.springframework.jmx.export.MBeanExporter (OnClassCondition)
      - @ConditionalOnProperty expected 'true' for properties spring.jmx.enabled (OnPropertyCondition)

   JndiConnectionFactoryAutoConfiguration did not match
      - required @ConditionalOnClass classes not found: org.springframework.jms.core.JmsTemplate (OnClassCondition)

   JndiDataSourceAutoConfiguration did not match
      - @ConditionalOnClass classes found: javax.sql.DataSource,org.springframework.jdbc.datasource.embedded.EmbeddedDatabaseType (OnClassCondition)
      - @ConditionalOnProperty missing required properties spring.datasource.jndi-name (OnPropertyCondition)

   JndiJtaConfiguration did not match
      - @ConditionalOnClass classes found: org.springframework.transaction.jta.JtaTransactionManager (OnClassCondition)
      - JNDI environment is not available (OnJndiCondition)

   JooqAutoConfiguration did not match
      - required @ConditionalOnClass classes not found: org.jooq.DSLContext (OnClassCondition)

   LinkedInAutoConfiguration did not match
      - required @ConditionalOnClass classes not found: org.springframework.social.config.annotation.SocialConfigurerAdapter,org.springframework.social.linkedin.connect.LinkedInConnectionFactory (OnClassCondition)

   LiquibaseAutoConfiguration did not match
      - required @ConditionalOnClass classes not found: liquibase.integration.spring.SpringLiquibase (OnClassCondition)

   MailSenderAutoConfiguration did not match
      - required @ConditionalOnClass classes not found: javax.mail.internet.MimeMessage (OnClassCondition)

   MailSenderValidatorAutoConfiguration did not match
      - @ConditionalOnProperty missing required properties spring.mail.test-connection (OnPropertyCondition)

   MongoAutoConfiguration did not match
      - required @ConditionalOnClass classes not found: com.mongodb.MongoClient (OnClassCondition)

   MongoDataAutoConfiguration did not match
      - required @ConditionalOnClass classes not found: com.mongodb.Mongo,org.springframework.data.mongodb.core.MongoTemplate (OnClassCondition)

   MongoRepositoriesAutoConfiguration did not match
      - required @ConditionalOnClass classes not found: com.mongodb.Mongo,org.springframework.data.mongodb.repository.MongoRepository (OnClassCondition)

   MustacheAutoConfiguration did not match
      - required @ConditionalOnClass classes not found: com.samskivert.mustache.Mustache (OnClassCondition)

   NarayanaJtaConfiguration did not match
      - required @ConditionalOnClass classes not found: com.arjuna.ats.jta.UserTransaction (OnClassCondition)

   Neo4jDataAutoConfiguration did not match
      - required @ConditionalOnClass classes not found: org.neo4j.ogm.session.Neo4jSession,org.springframework.data.neo4j.template.Neo4jOperations (OnClassCondition)

   Neo4jRepositoriesAutoConfiguration did not match
      - required @ConditionalOnClass classes not found: org.neo4j.ogm.session.Neo4jSession,org.springframework.data.neo4j.repository.GraphRepository (OnClassCondition)

   OAuth2AutoConfiguration did not match
      - required @ConditionalOnClass classes not found: org.springframework.security.oauth2.common.OAuth2AccessToken (OnClassCondition)

   ProjectInfoAutoConfiguration#buildProperties did not match
      - resource not found: ${spring.info.build.location:classpath:META-INF/build-info.properties} (OnResourceCondition)

   ProjectInfoAutoConfiguration#gitProperties did not match
      - Git info not found at classpath:git.properties (ProjectInfoAutoConfiguration.GitResourceAvailableCondition)

   RabbitAutoConfiguration did not match
      - required @ConditionalOnClass classes not found: org.springframework.amqp.rabbit.core.RabbitTemplate,com.rabbitmq.client.Channel (OnClassCondition)

   ReactorAutoConfiguration did not match
      - required @ConditionalOnClass classes not found: reactor.spring.context.config.EnableReactor,reactor.Environment (OnClassCondition)

   RedisAutoConfiguration did not match
      - required @ConditionalOnClass classes not found: org.springframework.data.redis.connection.jedis.JedisConnection,org.springframework.data.redis.core.RedisOperations,redis.clients.jedis.Jedis (OnClassCondition)

   RedisRepositoriesAutoConfiguration did not match
      - required @ConditionalOnClass classes not found: redis.clients.jedis.Jedis,org.springframework.data.redis.repository.configuration.EnableRedisRepositories (OnClassCondition)

   RepositoryRestMvcAutoConfiguration did not match
      - required @ConditionalOnClass classes not found: org.springframework.data.rest.webmvc.config.RepositoryRestMvcConfiguration (OnClassCondition)

   SecurityAutoConfiguration did not match
      - required @ConditionalOnClass classes not found: org.springframework.security.authentication.AuthenticationManager,org.springframework.security.config.annotation.authentication.configurers.GlobalAuthenticationConfigurerAdapter (OnClassCondition)

   SecurityFilterAutoConfiguration did not match
      - required @ConditionalOnClass classes not found: org.springframework.security.web.context.AbstractSecurityWebApplicationInitializer,org.springframework.security.config.http.SessionCreationPolicy (OnClassCondition)

   SendGridAutoConfiguration did not match
      - required @ConditionalOnClass classes not found: com.sendgrid.SendGrid (OnClassCondition)

   SessionAutoConfiguration did not match
      - required @ConditionalOnClass classes not found: org.springframework.session.Session (OnClassCondition)

   SitePreferenceAutoConfiguration did not match
      - required @ConditionalOnClass classes not found: org.springframework.mobile.device.site.SitePreferenceHandlerInterceptor,org.springframework.mobile.device.site.SitePreferenceHandlerMethodArgumentResolver (OnClassCondition)

   SocialWebAutoConfiguration did not match
      - required @ConditionalOnClass classes not found: org.springframework.social.connect.web.ConnectController,org.springframework.social.config.annotation.SocialConfigurerAdapter (OnClassCondition)

   SolrAutoConfiguration did not match
      - required @ConditionalOnClass classes not found: org.apache.solr.client.solrj.impl.HttpSolrClient,org.apache.solr.client.solrj.impl.CloudSolrClient (OnClassCondition)

   SolrRepositoriesAutoConfiguration did not match
      - required @ConditionalOnClass classes not found: org.apache.solr.client.solrj.SolrClient,org.springframework.data.solr.repository.SolrRepository (OnClassCondition)

   SpringApplicationAdminJmxAutoConfiguration did not match
      - @ConditionalOnProperty missing required properties spring.application.admin.enabled (OnPropertyCondition)

   ThymeleafAutoConfiguration did not match
      - required @ConditionalOnClass classes not found: org.thymeleaf.spring4.SpringTemplateEngine (OnClassCondition)

   TwitterAutoConfiguration did not match
      - required @ConditionalOnClass classes not found: org.springframework.social.config.annotation.SocialConfigurerAdapter,org.springframework.social.twitter.connect.TwitterConnectionFactory (OnClassCondition)

   VelocityAutoConfiguration did not match
      - required @ConditionalOnClass classes not found: org.apache.velocity.app.VelocityEngine,org.springframework.ui.velocity.VelocityEngineFactory (OnClassCondition)

   WebMvcAutoConfiguration.ResourceChainCustomizerConfiguration did not match
      - Webjars locator (org.webjars.WebJarAssetLocator) is absent (OnEnabledResourceChainCondition)

   WebMvcAutoConfiguration.WebMvcAutoConfigurationAdapter#beanNameViewResolver did not match
      - @ConditionalOnMissingBean (types: org.springframework.web.servlet.view.BeanNameViewResolver; SearchStrategy: all) found the following [beanNameViewResolver] (OnBeanCondition)

   WebMvcAutoConfiguration.WebMvcAutoConfigurationAdapter#dateFormatter did not match
      - @ConditionalOnProperty missing required properties spring.mvc.date-format (OnPropertyCondition)

   WebMvcAutoConfiguration.WebMvcAutoConfigurationAdapter#localeResolver did not match
      - @ConditionalOnMissingBean (types: org.springframework.web.servlet.LocaleResolver; SearchStrategy: all) found no beans (OnBeanCondition)
      - @ConditionalOnProperty missing required properties spring.mvc.locale (OnPropertyCondition)

   WebServicesAutoConfiguration did not match
      - required @ConditionalOnClass classes not found: org.springframework.ws.transport.http.MessageDispatcherServlet (OnClassCondition)

   WebSocketAutoConfiguration.JettyWebSocketConfiguration did not match
      - required @ConditionalOnClass classes not found: org.eclipse.jetty.websocket.jsr356.server.deploy.WebSocketServerContainerInitializer (OnClassCondition)

   WebSocketAutoConfiguration.UndertowWebSocketConfiguration did not match
      - required @ConditionalOnClass classes not found: io.undertow.websockets.jsr.Bootstrap (OnClassCondition)

   WebSocketMessagingAutoConfiguration did not match
      - required @ConditionalOnClass classes not found: org.springframework.web.socket.config.annotation.WebSocketMessageBrokerConfigurer (OnClassCondition)

   XADataSourceAutoConfiguration did not match
      - @ConditionalOnClass classes found: javax.sql.DataSource,javax.transaction.TransactionManager,org.springframework.jdbc.datasource.embedded.EmbeddedDatabaseType (OnClassCondition)
      - @ConditionalOnBean (types: org.springframework.boot.jta.XADataSourceWrapper; SearchStrategy: all) found no beans (OnBeanCondition)


Exclusions:
-----------

    None


Unconditional classes:
----------------------

    org.springframework.boot.autoconfigure.PropertyPlaceholderAutoConfiguration

    org.springframework.boot.autoconfigure.web.WebClientAutoConfiguration

    org.springframework.boot.autoconfigure.context.ConfigurationPropertiesAutoConfiguration

    org.springframework.boot.autoconfigure.info.ProjectInfoAutoConfiguration



2016-09-13 15:05:55.306 DEBUG 26868 --- [    Test worker] o.s.w.s.resource.ResourceUrlProvider     : Looking for resource handler mappings
2016-09-13 15:05:55.307 DEBUG 26868 --- [    Test worker] o.s.w.s.resource.ResourceUrlProvider     : Found resource handler mapping: URL pattern="/**/favicon.ico", locations=[ServletContext resource [/], class path resource [META-INF/resources/], class path resource [resources/], class path resource [static/], class path resource [public/], class path resource []], resolvers=[org.springframework.web.servlet.resource.PathResourceResolver@3a55737f]
2016-09-13 15:05:55.307 DEBUG 26868 --- [    Test worker] o.s.w.s.resource.ResourceUrlProvider     : Found resource handler mapping: URL pattern="/webjars/**", locations=[class path resource [META-INF/resources/webjars/]], resolvers=[org.springframework.web.servlet.resource.PathResourceResolver@11d47984]
2016-09-13 15:05:55.307 DEBUG 26868 --- [    Test worker] o.s.w.s.resource.ResourceUrlProvider     : Found resource handler mapping: URL pattern="/**", locations=[ServletContext resource [/], class path resource [META-INF/resources/], class path resource [resources/], class path resource [static/], class path resource [public/]], resolvers=[org.springframework.web.servlet.resource.PathResourceResolver@22f9de94]
2016-09-13 15:05:55.357  INFO 26868 --- [    Test worker] s.b.c.e.t.TomcatEmbeddedServletContainer : Tomcat started on port(s): 59287 (http)
2016-09-13 15:05:55.363  INFO 26868 --- [    Test worker] c.w.sample.api.ForumRestControllerTest   : Started ForumRestControllerTest in 2.548 seconds (JVM running for 9.439)
2016-09-13 15:05:55.392 DEBUG 26868 --- [    Test worker] o.s.web.client.RestTemplate              : Created POST request for "http://localhost:59287/sample/forum/categories/1/topics"
2016-09-13 15:05:55.408 DEBUG 26868 --- [    Test worker] o.s.web.client.RestTemplate              : Setting request Accept header to [application/json, application/json, application/*+json, application/*+json]
2016-09-13 15:05:55.441 DEBUG 26868 --- [    Test worker] o.s.web.client.RestTemplate              : Writing [ForumService.TopicForm(id=null, title=null, author=null, password=null)] using [org.springframework.http.converter.json.MappingJackson2HttpMessageConverter@24fef240]
2016-09-13 15:05:55.525 DEBUG 26868 --- [o-auto-1-exec-1] o.s.web.servlet.DispatcherServlet        : Initializing servlet 'dispatcherServlet'
2016-09-13 15:05:55.526  INFO 26868 --- [o-auto-1-exec-1] o.a.c.c.C.[Tomcat].[localhost].[/]       : Initializing Spring FrameworkServlet 'dispatcherServlet'
2016-09-13 15:05:55.526  INFO 26868 --- [o-auto-1-exec-1] o.s.web.servlet.DispatcherServlet        : FrameworkServlet 'dispatcherServlet': initialization started
2016-09-13 15:05:55.526 DEBUG 26868 --- [o-auto-1-exec-1] o.s.web.servlet.DispatcherServlet        : Using MultipartResolver [org.springframework.web.multipart.support.StandardServletMultipartResolver@2207774d]
2016-09-13 15:05:55.531 DEBUG 26868 --- [o-auto-1-exec-1] o.s.web.servlet.DispatcherServlet        : Unable to locate LocaleResolver with name 'localeResolver': using default [org.springframework.web.servlet.i18n.AcceptHeaderLocaleResolver@2da2bd40]
2016-09-13 15:05:55.536 DEBUG 26868 --- [o-auto-1-exec-1] o.s.web.servlet.DispatcherServlet        : Unable to locate ThemeResolver with name 'themeResolver': using default [org.springframework.web.servlet.theme.FixedThemeResolver@14aeab91]
2016-09-13 15:05:55.543 DEBUG 26868 --- [o-auto-1-exec-1] o.s.web.servlet.DispatcherServlet        : Unable to locate RequestToViewNameTranslator with name 'viewNameTranslator': using default [org.springframework.web.servlet.view.DefaultRequestToViewNameTranslator@7d131adf]
2016-09-13 15:05:55.551 DEBUG 26868 --- [o-auto-1-exec-1] o.s.web.servlet.DispatcherServlet        : Unable to locate FlashMapManager with name 'flashMapManager': using default [org.springframework.web.servlet.support.SessionFlashMapManager@1f57d4c2]
2016-09-13 15:05:55.551 DEBUG 26868 --- [o-auto-1-exec-1] o.s.web.servlet.DispatcherServlet        : Published WebApplicationContext of servlet 'dispatcherServlet' as ServletContext attribute with name [org.springframework.web.servlet.FrameworkServlet.CONTEXT.dispatcherServlet]
2016-09-13 15:05:55.551  INFO 26868 --- [o-auto-1-exec-1] o.s.web.servlet.DispatcherServlet        : FrameworkServlet 'dispatcherServlet': initialization completed in 25 ms
2016-09-13 15:05:55.551 DEBUG 26868 --- [o-auto-1-exec-1] o.s.web.servlet.DispatcherServlet        : Servlet 'dispatcherServlet' configured successfully
2016-09-13 15:05:55.562 DEBUG 26868 --- [o-auto-1-exec-1] o.s.b.w.f.OrderedRequestContextFilter    : Bound request context to thread: org.apache.catalina.connector.RequestFacade@5678951a
2016-09-13 15:05:55.563 DEBUG 26868 --- [o-auto-1-exec-1] o.s.web.servlet.DispatcherServlet        : DispatcherServlet with name 'dispatcherServlet' processing POST request for [/sample/forum/categories/1/topics]
2016-09-13 15:05:55.567 DEBUG 26868 --- [o-auto-1-exec-1] s.w.s.m.m.a.RequestMappingHandlerMapping : Looking up handler method for path /sample/forum/categories/1/topics
2016-09-13 15:05:55.571 DEBUG 26868 --- [o-auto-1-exec-1] s.w.s.m.m.a.RequestMappingHandlerMapping : Returning handler method [public void com.woowahan.sample.api.ForumRestController.writeTopic(java.lang.Long,com.woowahan.sample.modules.forum.components.ForumService$TopicForm,org.springframework.validation.BindingResult) throws org.springframework.validation.BindException]
2016-09-13 15:05:55.623 DEBUG 26868 --- [o-auto-1-exec-1] m.m.a.RequestResponseBodyMethodProcessor : Read [class com.woowahan.sample.modules.forum.components.ForumService$TopicForm] as "application/json;charset=UTF-8" with [org.springframework.http.converter.json.MappingJackson2HttpMessageConverter@24fef240]
2016-09-13 15:05:55.681 DEBUG 26868 --- [o-auto-1-exec-1] .m.m.a.ExceptionHandlerExceptionResolver : Resolving exception from handler [public void com.woowahan.sample.api.ForumRestController.writeTopic(java.lang.Long,com.woowahan.sample.modules.forum.components.ForumService$TopicForm,org.springframework.validation.BindingResult) throws org.springframework.validation.BindException]: org.springframework.validation.BindException: org.springframework.validation.BeanPropertyBindingResult: 3 errors
Field error in object 'topicForm' on field 'title': rejected value [null]; codes [NotEmpty.topicForm.title,NotEmpty.title,NotEmpty.java.lang.String,NotEmpty]; arguments [org.springframework.context.support.DefaultMessageSourceResolvable: codes [topicForm.title,title]; arguments []; default message [title]]; default message [반드시 값이 존재하고 길이 혹은 크기가 0보다 커야 합니다.]
Field error in object 'topicForm' on field 'password': rejected value [null]; codes [NotEmpty.topicForm.password,NotEmpty.password,NotEmpty.java.lang.String,NotEmpty]; arguments [org.springframework.context.support.DefaultMessageSourceResolvable: codes [topicForm.password,password]; arguments []; default message [password]]; default message [반드시 값이 존재하고 길이 혹은 크기가 0보다 커야 합니다.]
Field error in object 'topicForm' on field 'author': rejected value [null]; codes [NotEmpty.topicForm.author,NotEmpty.author,NotEmpty.java.lang.String,NotEmpty]; arguments [org.springframework.context.support.DefaultMessageSourceResolvable: codes [topicForm.author,author]; arguments []; default message [author]]; default message [반드시 값이 존재하고 길이 혹은 크기가 0보다 커야 합니다.]
2016-09-13 15:05:55.684 DEBUG 26868 --- [o-auto-1-exec-1] .w.s.m.a.ResponseStatusExceptionResolver : Resolving exception from handler [public void com.woowahan.sample.api.ForumRestController.writeTopic(java.lang.Long,com.woowahan.sample.modules.forum.components.ForumService$TopicForm,org.springframework.validation.BindingResult) throws org.springframework.validation.BindException]: org.springframework.validation.BindException: org.springframework.validation.BeanPropertyBindingResult: 3 errors
Field error in object 'topicForm' on field 'title': rejected value [null]; codes [NotEmpty.topicForm.title,NotEmpty.title,NotEmpty.java.lang.String,NotEmpty]; arguments [org.springframework.context.support.DefaultMessageSourceResolvable: codes [topicForm.title,title]; arguments []; default message [title]]; default message [반드시 값이 존재하고 길이 혹은 크기가 0보다 커야 합니다.]
Field error in object 'topicForm' on field 'password': rejected value [null]; codes [NotEmpty.topicForm.password,NotEmpty.password,NotEmpty.java.lang.String,NotEmpty]; arguments [org.springframework.context.support.DefaultMessageSourceResolvable: codes [topicForm.password,password]; arguments []; default message [password]]; default message [반드시 값이 존재하고 길이 혹은 크기가 0보다 커야 합니다.]
Field error in object 'topicForm' on field 'author': rejected value [null]; codes [NotEmpty.topicForm.author,NotEmpty.author,NotEmpty.java.lang.String,NotEmpty]; arguments [org.springframework.context.support.DefaultMessageSourceResolvable: codes [topicForm.author,author]; arguments []; default message [author]]; default message [반드시 값이 존재하고 길이 혹은 크기가 0보다 커야 합니다.]
2016-09-13 15:05:55.684 DEBUG 26868 --- [o-auto-1-exec-1] .w.s.m.s.DefaultHandlerExceptionResolver : Resolving exception from handler [public void com.woowahan.sample.api.ForumRestController.writeTopic(java.lang.Long,com.woowahan.sample.modules.forum.components.ForumService$TopicForm,org.springframework.validation.BindingResult) throws org.springframework.validation.BindException]: org.springframework.validation.BindException: org.springframework.validation.BeanPropertyBindingResult: 3 errors
Field error in object 'topicForm' on field 'title': rejected value [null]; codes [NotEmpty.topicForm.title,NotEmpty.title,NotEmpty.java.lang.String,NotEmpty]; arguments [org.springframework.context.support.DefaultMessageSourceResolvable: codes [topicForm.title,title]; arguments []; default message [title]]; default message [반드시 값이 존재하고 길이 혹은 크기가 0보다 커야 합니다.]
Field error in object 'topicForm' on field 'password': rejected value [null]; codes [NotEmpty.topicForm.password,NotEmpty.password,NotEmpty.java.lang.String,NotEmpty]; arguments [org.springframework.context.support.DefaultMessageSourceResolvable: codes [topicForm.password,password]; arguments []; default message [password]]; default message [반드시 값이 존재하고 길이 혹은 크기가 0보다 커야 합니다.]
Field error in object 'topicForm' on field 'author': rejected value [null]; codes [NotEmpty.topicForm.author,NotEmpty.author,NotEmpty.java.lang.String,NotEmpty]; arguments [org.springframework.context.support.DefaultMessageSourceResolvable: codes [topicForm.author,author]; arguments []; default message [author]]; default message [반드시 값이 존재하고 길이 혹은 크기가 0보다 커야 합니다.]
2016-09-13 15:05:55.685 DEBUG 26868 --- [o-auto-1-exec-1] o.s.web.servlet.DispatcherServlet        : Null ModelAndView returned to DispatcherServlet with name 'dispatcherServlet': assuming HandlerAdapter completed request handling
2016-09-13 15:05:55.685 DEBUG 26868 --- [o-auto-1-exec-1] o.s.web.servlet.DispatcherServlet        : Successfully completed request
2016-09-13 15:05:55.686 DEBUG 26868 --- [o-auto-1-exec-1] o.s.b.w.f.OrderedRequestContextFilter    : Cleared thread-bound request context: org.apache.catalina.connector.RequestFacade@5678951a
2016-09-13 15:05:55.692 DEBUG 26868 --- [o-auto-1-exec-1] o.s.web.servlet.DispatcherServlet        : DispatcherServlet with name 'dispatcherServlet' processing POST request for [/error]
2016-09-13 15:05:55.692 DEBUG 26868 --- [o-auto-1-exec-1] s.w.s.m.m.a.RequestMappingHandlerMapping : Looking up handler method for path /error
2016-09-13 15:05:55.692 DEBUG 26868 --- [o-auto-1-exec-1] s.w.s.m.m.a.RequestMappingHandlerMapping : Returning handler method [public org.springframework.http.ResponseEntity<com.woowahan.baeminfresh.api.support.ErrorMessage> com.woowahan.baeminfresh.api.support.GlobalErrorMessageRestController.error(javax.servlet.http.HttpServletRequest,java.util.Locale)]
2016-09-13 15:05:55.715 ERROR 26868 --- [o-auto-1-exec-1] w.b.a.s.GlobalErrorMessageRestController : ErrorMessage { path='/sample/forum/categories/1/topics', status=400, error='Bad Request', message='null' }

org.springframework.validation.BindException: org.springframework.validation.BeanPropertyBindingResult: 3 errors
Field error in object 'topicForm' on field 'title': rejected value [null]; codes [NotEmpty.topicForm.title,NotEmpty.title,NotEmpty.java.lang.String,NotEmpty]; arguments [org.springframework.context.support.DefaultMessageSourceResolvable: codes [topicForm.title,title]; arguments []; default message [title]]; default message [반드시 값이 존재하고 길이 혹은 크기가 0보다 커야 합니다.]
Field error in object 'topicForm' on field 'password': rejected value [null]; codes [NotEmpty.topicForm.password,NotEmpty.password,NotEmpty.java.lang.String,NotEmpty]; arguments [org.springframework.context.support.DefaultMessageSourceResolvable: codes [topicForm.password,password]; arguments []; default message [password]]; default message [반드시 값이 존재하고 길이 혹은 크기가 0보다 커야 합니다.]
Field error in object 'topicForm' on field 'author': rejected value [null]; codes [NotEmpty.topicForm.author,NotEmpty.author,NotEmpty.java.lang.String,NotEmpty]; arguments [org.springframework.context.support.DefaultMessageSourceResolvable: codes [topicForm.author,author]; arguments []; default message [author]]; default message [반드시 값이 존재하고 길이 혹은 크기가 0보다 커야 합니다.]
	at com.woowahan.sample.api.ForumRestController.validateAndThrow(ForumRestController.java:88) ~[main/:na]
	at com.woowahan.sample.api.ForumRestController.writeTopic(ForumRestController.java:52) ~[main/:na]
	at sun.reflect.NativeMethodAccessorImpl.invoke0(Native Method) ~[na:1.8.0_102]
	at sun.reflect.NativeMethodAccessorImpl.invoke(NativeMethodAccessorImpl.java:62) ~[na:1.8.0_102]
	at sun.reflect.DelegatingMethodAccessorImpl.invoke(DelegatingMethodAccessorImpl.java:43) ~[na:1.8.0_102]
	at java.lang.reflect.Method.invoke(Method.java:498) ~[na:1.8.0_102]
	at org.springframework.web.method.support.InvocableHandlerMethod.doInvoke(InvocableHandlerMethod.java:221) ~[spring-web-4.3.2.RELEASE.jar:4.3.2.RELEASE]
	at org.springframework.web.method.support.InvocableHandlerMethod.invokeForRequest(InvocableHandlerMethod.java:136) ~[spring-web-4.3.2.RELEASE.jar:4.3.2.RELEASE]
	at org.springframework.web.servlet.mvc.method.annotation.ServletInvocableHandlerMethod.invokeAndHandle(ServletInvocableHandlerMethod.java:114) ~[spring-webmvc-4.3.2.RELEASE.jar:4.3.2.RELEASE]
	at org.springframework.web.servlet.mvc.method.annotation.RequestMappingHandlerAdapter.invokeHandlerMethod(RequestMappingHandlerAdapter.java:827) ~[spring-webmvc-4.3.2.RELEASE.jar:4.3.2.RELEASE]
	at org.springframework.web.servlet.mvc.method.annotation.RequestMappingHandlerAdapter.handleInternal(RequestMappingHandlerAdapter.java:738) ~[spring-webmvc-4.3.2.RELEASE.jar:4.3.2.RELEASE]
	at org.springframework.web.servlet.mvc.method.AbstractHandlerMethodAdapter.handle(AbstractHandlerMethodAdapter.java:85) ~[spring-webmvc-4.3.2.RELEASE.jar:4.3.2.RELEASE]
	at org.springframework.web.servlet.DispatcherServlet.doDispatch(DispatcherServlet.java:963) ~[spring-webmvc-4.3.2.RELEASE.jar:4.3.2.RELEASE]
	at org.springframework.web.servlet.DispatcherServlet.doService(DispatcherServlet.java:897) ~[spring-webmvc-4.3.2.RELEASE.jar:4.3.2.RELEASE]
	at org.springframework.web.servlet.FrameworkServlet.processRequest(FrameworkServlet.java:970) ~[spring-webmvc-4.3.2.RELEASE.jar:4.3.2.RELEASE]
	at org.springframework.web.servlet.FrameworkServlet.doPost(FrameworkServlet.java:872) ~[spring-webmvc-4.3.2.RELEASE.jar:4.3.2.RELEASE]
	at javax.servlet.http.HttpServlet.service(HttpServlet.java:648) ~[tomcat-embed-core-8.5.4.jar:8.5.4]
	at org.springframework.web.servlet.FrameworkServlet.service(FrameworkServlet.java:846) ~[spring-webmvc-4.3.2.RELEASE.jar:4.3.2.RELEASE]
	at javax.servlet.http.HttpServlet.service(HttpServlet.java:729) ~[tomcat-embed-core-8.5.4.jar:8.5.4]
	at org.apache.catalina.core.ApplicationFilterChain.internalDoFilter(ApplicationFilterChain.java:230) ~[tomcat-embed-core-8.5.4.jar:8.5.4]
	at org.apache.catalina.core.ApplicationFilterChain.doFilter(ApplicationFilterChain.java:165) ~[tomcat-embed-core-8.5.4.jar:8.5.4]
	at org.apache.tomcat.websocket.server.WsFilter.doFilter(WsFilter.java:52) ~[tomcat-embed-websocket-8.5.4.jar:8.5.4]
	at org.apache.catalina.core.ApplicationFilterChain.internalDoFilter(ApplicationFilterChain.java:192) ~[tomcat-embed-core-8.5.4.jar:8.5.4]
	at org.apache.catalina.core.ApplicationFilterChain.doFilter(ApplicationFilterChain.java:165) ~[tomcat-embed-core-8.5.4.jar:8.5.4]
	at org.springframework.web.filter.RequestContextFilter.doFilterInternal(RequestContextFilter.java:99) ~[spring-web-4.3.2.RELEASE.jar:4.3.2.RELEASE]
	at org.springframework.web.filter.OncePerRequestFilter.doFilter(OncePerRequestFilter.java:107) ~[spring-web-4.3.2.RELEASE.jar:4.3.2.RELEASE]
	at org.apache.catalina.core.ApplicationFilterChain.internalDoFilter(ApplicationFilterChain.java:192) ~[tomcat-embed-core-8.5.4.jar:8.5.4]
	at org.apache.catalina.core.ApplicationFilterChain.doFilter(ApplicationFilterChain.java:165) ~[tomcat-embed-core-8.5.4.jar:8.5.4]
	at org.springframework.web.filter.HttpPutFormContentFilter.doFilterInternal(HttpPutFormContentFilter.java:87) ~[spring-web-4.3.2.RELEASE.jar:4.3.2.RELEASE]
	at org.springframework.web.filter.OncePerRequestFilter.doFilter(OncePerRequestFilter.java:107) ~[spring-web-4.3.2.RELEASE.jar:4.3.2.RELEASE]
	at org.apache.catalina.core.ApplicationFilterChain.internalDoFilter(ApplicationFilterChain.java:192) ~[tomcat-embed-core-8.5.4.jar:8.5.4]
	at org.apache.catalina.core.ApplicationFilterChain.doFilter(ApplicationFilterChain.java:165) ~[tomcat-embed-core-8.5.4.jar:8.5.4]
	at org.springframework.web.filter.HiddenHttpMethodFilter.doFilterInternal(HiddenHttpMethodFilter.java:77) ~[spring-web-4.3.2.RELEASE.jar:4.3.2.RELEASE]
	at org.springframework.web.filter.OncePerRequestFilter.doFilter(OncePerRequestFilter.java:107) ~[spring-web-4.3.2.RELEASE.jar:4.3.2.RELEASE]
	at org.apache.catalina.core.ApplicationFilterChain.internalDoFilter(ApplicationFilterChain.java:192) ~[tomcat-embed-core-8.5.4.jar:8.5.4]
	at org.apache.catalina.core.ApplicationFilterChain.doFilter(ApplicationFilterChain.java:165) ~[tomcat-embed-core-8.5.4.jar:8.5.4]
	at org.springframework.web.filter.CharacterEncodingFilter.doFilterInternal(CharacterEncodingFilter.java:197) ~[spring-web-4.3.2.RELEASE.jar:4.3.2.RELEASE]
	at org.springframework.web.filter.OncePerRequestFilter.doFilter(OncePerRequestFilter.java:107) ~[spring-web-4.3.2.RELEASE.jar:4.3.2.RELEASE]
	at org.apache.catalina.core.ApplicationFilterChain.internalDoFilter(ApplicationFilterChain.java:192) ~[tomcat-embed-core-8.5.4.jar:8.5.4]
	at org.apache.catalina.core.ApplicationFilterChain.doFilter(ApplicationFilterChain.java:165) ~[tomcat-embed-core-8.5.4.jar:8.5.4]
	at org.apache.catalina.core.StandardWrapperValve.invoke(StandardWrapperValve.java:198) ~[tomcat-embed-core-8.5.4.jar:8.5.4]
	at org.apache.catalina.core.StandardContextValve.invoke(StandardContextValve.java:108) ~[tomcat-embed-core-8.5.4.jar:8.5.4]
	at org.apache.catalina.authenticator.AuthenticatorBase.invoke(AuthenticatorBase.java:522) ~[tomcat-embed-core-8.5.4.jar:8.5.4]
	at org.apache.catalina.core.StandardHostValve.invoke(StandardHostValve.java:140) ~[tomcat-embed-core-8.5.4.jar:8.5.4]
	at org.apache.catalina.valves.ErrorReportValve.invoke(ErrorReportValve.java:79) ~[tomcat-embed-core-8.5.4.jar:8.5.4]
	at org.apache.catalina.core.StandardEngineValve.invoke(StandardEngineValve.java:87) ~[tomcat-embed-core-8.5.4.jar:8.5.4]
	at org.apache.catalina.connector.CoyoteAdapter.service(CoyoteAdapter.java:349) ~[tomcat-embed-core-8.5.4.jar:8.5.4]
	at org.apache.coyote.http11.Http11Processor.service(Http11Processor.java:1110) ~[tomcat-embed-core-8.5.4.jar:8.5.4]
	at org.apache.coyote.AbstractProcessorLight.process(AbstractProcessorLight.java:66) [tomcat-embed-core-8.5.4.jar:8.5.4]
	at org.apache.coyote.AbstractProtocol$ConnectionHandler.process(AbstractProtocol.java:785) [tomcat-embed-core-8.5.4.jar:8.5.4]
	at org.apache.tomcat.util.net.NioEndpoint$SocketProcessor.doRun(NioEndpoint.java:1425) [tomcat-embed-core-8.5.4.jar:8.5.4]
	at org.apache.tomcat.util.net.SocketProcessorBase.run(SocketProcessorBase.java:49) [tomcat-embed-core-8.5.4.jar:8.5.4]
	at java.util.concurrent.ThreadPoolExecutor.runWorker(ThreadPoolExecutor.java:1142) [na:1.8.0_102]
	at java.util.concurrent.ThreadPoolExecutor$Worker.run(ThreadPoolExecutor.java:617) [na:1.8.0_102]
	at org.apache.tomcat.util.threads.TaskThread$WrappingRunnable.run(TaskThread.java:61) [tomcat-embed-core-8.5.4.jar:8.5.4]
	at java.lang.Thread.run(Thread.java:745) [na:1.8.0_102]

2016-09-13 15:05:55.720 DEBUG 26868 --- [o-auto-1-exec-1] o.s.w.a.FixedContentNegotiationStrategy  : Requested media types: [application/json;charset=UTF-8]
2016-09-13 15:05:55.762 DEBUG 26868 --- [o-auto-1-exec-1] o.s.w.s.m.m.a.HttpEntityMethodProcessor  : Written [ErrorMessage { path='/sample/forum/categories/1/topics', status=400, error='Bad Request', message='null' }] as "application/json;charset=UTF-8" using [org.springframework.http.converter.json.MappingJackson2HttpMessageConverter@24fef240]
2016-09-13 15:05:55.762 DEBUG 26868 --- [o-auto-1-exec-1] o.s.web.servlet.DispatcherServlet        : Null ModelAndView returned to DispatcherServlet with name 'dispatcherServlet': assuming HandlerAdapter completed request handling
2016-09-13 15:05:55.763 DEBUG 26868 --- [o-auto-1-exec-1] o.s.web.servlet.DispatcherServlet        : Successfully completed request
2016-09-13 15:05:55.763 DEBUG 26868 --- [    Test worker] o.s.web.client.RestTemplate              : POST request for "http://localhost:59287/sample/forum/categories/1/topics" resulted in 400 (null); invoking error handler
2016-09-13 15:05:55.765 DEBUG 26868 --- [    Test worker] o.s.web.client.RestTemplate              : Reading [class com.fasterxml.jackson.databind.JsonNode] as "application/json;charset=UTF-8" using [org.springframework.http.converter.json.MappingJackson2HttpMessageConverter@24fef240]
2016-09-13 15:05:55.817 DEBUG 26868 --- [    Test worker] o.s.web.client.RestTemplate              : Created GET request for "http://localhost:59287/sample/forum/categories/1/topics"
2016-09-13 15:05:55.817 DEBUG 26868 --- [    Test worker] o.s.web.client.RestTemplate              : Setting request Accept header to [application/json, application/json, application/*+json, application/*+json]
2016-09-13 15:05:55.819 DEBUG 26868 --- [o-auto-1-exec-2] o.s.b.w.f.OrderedRequestContextFilter    : Bound request context to thread: org.apache.catalina.connector.RequestFacade@5678951a
2016-09-13 15:05:55.819 DEBUG 26868 --- [o-auto-1-exec-2] o.s.web.servlet.DispatcherServlet        : DispatcherServlet with name 'dispatcherServlet' processing GET request for [/sample/forum/categories/1/topics]
2016-09-13 15:05:55.819 DEBUG 26868 --- [o-auto-1-exec-2] s.w.s.m.m.a.RequestMappingHandlerMapping : Looking up handler method for path /sample/forum/categories/1/topics
2016-09-13 15:05:55.820 DEBUG 26868 --- [o-auto-1-exec-2] s.w.s.m.m.a.RequestMappingHandlerMapping : Returning handler method [public java.util.List<com.woowahan.sample.api.ForumRestController$TopicData> com.woowahan.sample.api.ForumRestController.topics(java.lang.Long)]
2016-09-13 15:05:55.820 DEBUG 26868 --- [o-auto-1-exec-2] o.s.web.servlet.DispatcherServlet        : Last-Modified value for [/sample/forum/categories/1/topics] is: -1
2016-09-13 15:05:55.852  INFO 26868 --- [o-auto-1-exec-2] o.h.h.i.QueryTranslatorFactoryInitiator  : HHH000397: Using ASTQueryTranslatorFactory
2016-09-13 15:05:55.995 DEBUG 26868 --- [o-auto-1-exec-2] org.hibernate.SQL                        : 
    /* select
        generatedAlias0 
    from
        Category as generatedAlias0 
    where
        generatedAlias0.id=:param0 */ select
            category0_.id as id1_0_,
            category0_.created_at as created_2_0_,
            category0_.name as name3_0_,
            category0_.updated_at as updated_4_0_ 
        from
            category category0_ 
        where
            category0_.id=?
2016-09-13 15:05:55.999 TRACE 26868 --- [o-auto-1-exec-2] o.h.type.descriptor.sql.BasicBinder      : binding parameter [1] as [BIGINT] - [1]
2016-09-13 15:05:56.003 TRACE 26868 --- [o-auto-1-exec-2] o.h.type.descriptor.sql.BasicExtractor   : extracted value ([id1_0_] : [BIGINT]) - [1]
2016-09-13 15:05:56.010 TRACE 26868 --- [o-auto-1-exec-2] o.h.type.descriptor.sql.BasicExtractor   : extracted value ([created_2_0_] : [TIMESTAMP]) - [2016-09-13 15:05:54.876]
2016-09-13 15:05:56.011 TRACE 26868 --- [o-auto-1-exec-2] o.h.type.descriptor.sql.BasicExtractor   : extracted value ([name3_0_] : [VARCHAR]) - [Java]
2016-09-13 15:05:56.011 TRACE 26868 --- [o-auto-1-exec-2] o.h.type.descriptor.sql.BasicExtractor   : extracted value ([updated_4_0_] : [TIMESTAMP]) - [2016-09-13 15:05:54.876]
2016-09-13 15:05:56.027 DEBUG 26868 --- [o-auto-1-exec-2] org.hibernate.SQL                        : 
    /* select
        generatedAlias0 
    from
        Topic as generatedAlias0 
    where
        generatedAlias0.category=:param0 */ select
            topic0_.id as id1_2_,
            topic0_.author as author2_2_,
            topic0_.category_id as category7_2_,
            topic0_.created_at as created_3_2_,
            topic0_.password as password4_2_,
            topic0_.title as title5_2_,
            topic0_.updated_at as updated_6_2_ 
        from
            topic topic0_ 
        where
            topic0_.category_id=?
2016-09-13 15:05:56.029 TRACE 26868 --- [o-auto-1-exec-2] o.h.type.descriptor.sql.BasicBinder      : binding parameter [1] as [BIGINT] - [1]
2016-09-13 15:05:56.030 TRACE 26868 --- [o-auto-1-exec-2] o.h.type.descriptor.sql.BasicExtractor   : extracted value ([id1_2_] : [BIGINT]) - [1]
2016-09-13 15:05:56.030 TRACE 26868 --- [o-auto-1-exec-2] o.h.type.descriptor.sql.BasicExtractor   : extracted value ([author2_2_] : [VARCHAR]) - [arawn]
2016-09-13 15:05:56.030 TRACE 26868 --- [o-auto-1-exec-2] o.h.type.descriptor.sql.BasicExtractor   : extracted value ([category7_2_] : [BIGINT]) - [1]
2016-09-13 15:05:56.030 TRACE 26868 --- [o-auto-1-exec-2] o.h.type.descriptor.sql.BasicExtractor   : extracted value ([created_3_2_] : [TIMESTAMP]) - [2016-09-13 15:05:54.877]
2016-09-13 15:05:56.030 TRACE 26868 --- [o-auto-1-exec-2] o.h.type.descriptor.sql.BasicExtractor   : extracted value ([password4_2_] : [VARCHAR]) - [$2a$10$aZJLtvXsECrqJoWgn8vUeuqUhk6u/i3kRj7VTibjheeY6dYBEMzO2]
2016-09-13 15:05:56.030 TRACE 26868 --- [o-auto-1-exec-2] o.h.type.descriptor.sql.BasicExtractor   : extracted value ([title5_2_] : [VARCHAR]) - [Java 8은 많이 사용하시나요?]
2016-09-13 15:05:56.030 TRACE 26868 --- [o-auto-1-exec-2] o.h.type.descriptor.sql.BasicExtractor   : extracted value ([updated_6_2_] : [TIMESTAMP]) - [2016-09-13 15:05:54.877]
2016-09-13 15:05:56.035 DEBUG 26868 --- [o-auto-1-exec-2] o.s.w.a.FixedContentNegotiationStrategy  : Requested media types: [application/json;charset=UTF-8]
2016-09-13 15:05:56.041 DEBUG 26868 --- [o-auto-1-exec-2] m.m.a.RequestResponseBodyMethodProcessor : Written [[ForumRestController.TopicData(id=1, title=Java 8은 많이 사용하시나요?, author=arawn, createdAt=2016-09-13 15:05:54.877, updatedAt=2016-09-13 15:05:54.877)]] as "application/json;charset=UTF-8" using [org.springframework.http.converter.json.MappingJackson2HttpMessageConverter@24fef240]
2016-09-13 15:05:56.041 DEBUG 26868 --- [o-auto-1-exec-2] o.s.web.servlet.DispatcherServlet        : Null ModelAndView returned to DispatcherServlet with name 'dispatcherServlet': assuming HandlerAdapter completed request handling
2016-09-13 15:05:56.041 DEBUG 26868 --- [    Test worker] o.s.web.client.RestTemplate              : GET request for "http://localhost:59287/sample/forum/categories/1/topics" resulted in 200 (null)
2016-09-13 15:05:56.041 DEBUG 26868 --- [    Test worker] o.s.web.client.RestTemplate              : Reading [class com.fasterxml.jackson.databind.JsonNode] as "application/json;charset=UTF-8" using [org.springframework.http.converter.json.MappingJackson2HttpMessageConverter@24fef240]
2016-09-13 15:05:56.043 DEBUG 26868 --- [o-auto-1-exec-2] o.s.web.servlet.DispatcherServlet        : Successfully completed request
2016-09-13 15:05:56.043 DEBUG 26868 --- [o-auto-1-exec-2] o.s.b.w.f.OrderedRequestContextFilter    : Cleared thread-bound request context: org.apache.catalina.connector.RequestFacade@5678951a
2016-09-13 15:05:56.047 DEBUG 26868 --- [    Test worker] o.s.web.client.RestTemplate              : Created POST request for "http://localhost:59287/sample/forum/categories/1/topics"
2016-09-13 15:05:56.051 DEBUG 26868 --- [    Test worker] o.s.web.client.RestTemplate              : Setting request Accept header to [application/json, application/json, application/*+json, application/*+json]
2016-09-13 15:05:56.051 DEBUG 26868 --- [    Test worker] o.s.web.client.RestTemplate              : Writing [ForumService.TopicForm(id=null, title=write new topic!, author=junit, password=password)] using [org.springframework.http.converter.json.MappingJackson2HttpMessageConverter@24fef240]
2016-09-13 15:05:56.053 DEBUG 26868 --- [o-auto-1-exec-3] o.s.b.w.f.OrderedRequestContextFilter    : Bound request context to thread: org.apache.catalina.connector.RequestFacade@5678951a
2016-09-13 15:05:56.054 DEBUG 26868 --- [o-auto-1-exec-3] o.s.web.servlet.DispatcherServlet        : DispatcherServlet with name 'dispatcherServlet' processing POST request for [/sample/forum/categories/1/topics]
2016-09-13 15:05:56.054 DEBUG 26868 --- [o-auto-1-exec-3] s.w.s.m.m.a.RequestMappingHandlerMapping : Looking up handler method for path /sample/forum/categories/1/topics
2016-09-13 15:05:56.054 DEBUG 26868 --- [o-auto-1-exec-3] s.w.s.m.m.a.RequestMappingHandlerMapping : Returning handler method [public void com.woowahan.sample.api.ForumRestController.writeTopic(java.lang.Long,com.woowahan.sample.modules.forum.components.ForumService$TopicForm,org.springframework.validation.BindingResult) throws org.springframework.validation.BindException]
2016-09-13 15:05:56.055 DEBUG 26868 --- [o-auto-1-exec-3] m.m.a.RequestResponseBodyMethodProcessor : Read [class com.woowahan.sample.modules.forum.components.ForumService$TopicForm] as "application/json;charset=UTF-8" with [org.springframework.http.converter.json.MappingJackson2HttpMessageConverter@24fef240]
2016-09-13 15:05:56.059 DEBUG 26868 --- [o-auto-1-exec-3] org.hibernate.SQL                        : 
    /* select
        generatedAlias0 
    from
        Category as generatedAlias0 
    where
        generatedAlias0.id=:param0 */ select
            category0_.id as id1_0_,
            category0_.created_at as created_2_0_,
            category0_.name as name3_0_,
            category0_.updated_at as updated_4_0_ 
        from
            category category0_ 
        where
            category0_.id=?
2016-09-13 15:05:56.059 TRACE 26868 --- [o-auto-1-exec-3] o.h.type.descriptor.sql.BasicBinder      : binding parameter [1] as [BIGINT] - [1]
2016-09-13 15:05:56.059 TRACE 26868 --- [o-auto-1-exec-3] o.h.type.descriptor.sql.BasicExtractor   : extracted value ([id1_0_] : [BIGINT]) - [1]
2016-09-13 15:05:56.060 TRACE 26868 --- [o-auto-1-exec-3] o.h.type.descriptor.sql.BasicExtractor   : extracted value ([created_2_0_] : [TIMESTAMP]) - [2016-09-13 15:05:54.876]
2016-09-13 15:05:56.060 TRACE 26868 --- [o-auto-1-exec-3] o.h.type.descriptor.sql.BasicExtractor   : extracted value ([name3_0_] : [VARCHAR]) - [Java]
2016-09-13 15:05:56.060 TRACE 26868 --- [o-auto-1-exec-3] o.h.type.descriptor.sql.BasicExtractor   : extracted value ([updated_4_0_] : [TIMESTAMP]) - [2016-09-13 15:05:54.876]
2016-09-13 15:05:56.217 DEBUG 26868 --- [o-auto-1-exec-3] org.hibernate.SQL                        : 
    /* insert com.woowahan.sample.modules.forum.Topic
        */ insert 
        into
            topic
            (author, category_id, created_at, password, title, updated_at) 
        values
            (?, ?, ?, ?, ?, ?)
2016-09-13 15:05:56.218 TRACE 26868 --- [o-auto-1-exec-3] o.h.type.descriptor.sql.BasicBinder      : binding parameter [1] as [VARCHAR] - [junit]
2016-09-13 15:05:56.218 TRACE 26868 --- [o-auto-1-exec-3] o.h.type.descriptor.sql.BasicBinder      : binding parameter [2] as [BIGINT] - [1]
2016-09-13 15:05:56.219 TRACE 26868 --- [o-auto-1-exec-3] o.h.type.descriptor.sql.BasicBinder      : binding parameter [3] as [TIMESTAMP] - [Tue Sep 13 15:05:56 KST 2016]
2016-09-13 15:05:56.219 TRACE 26868 --- [o-auto-1-exec-3] o.h.type.descriptor.sql.BasicBinder      : binding parameter [4] as [VARCHAR] - [$2a$10$NSE7oBE4QC9JYy9SlqtOXu2b/Rt/TA4AkiqLrloHHgfRowoRGZZZi]
2016-09-13 15:05:56.219 TRACE 26868 --- [o-auto-1-exec-3] o.h.type.descriptor.sql.BasicBinder      : binding parameter [5] as [VARCHAR] - [write new topic!]
2016-09-13 15:05:56.219 TRACE 26868 --- [o-auto-1-exec-3] o.h.type.descriptor.sql.BasicBinder      : binding parameter [6] as [TIMESTAMP] - [Tue Sep 13 15:05:56 KST 2016]
2016-09-13 15:05:56.232 DEBUG 26868 --- [o-auto-1-exec-3] o.s.web.servlet.DispatcherServlet        : Null ModelAndView returned to DispatcherServlet with name 'dispatcherServlet': assuming HandlerAdapter completed request handling
2016-09-13 15:05:56.232 DEBUG 26868 --- [o-auto-1-exec-3] o.s.web.servlet.DispatcherServlet        : Successfully completed request
2016-09-13 15:05:56.233 DEBUG 26868 --- [o-auto-1-exec-3] o.s.b.w.f.OrderedRequestContextFilter    : Cleared thread-bound request context: org.apache.catalina.connector.RequestFacade@5678951a
2016-09-13 15:05:56.235 DEBUG 26868 --- [    Test worker] o.s.web.client.RestTemplate              : POST request for "http://localhost:59287/sample/forum/categories/1/topics" resulted in 201 (null)
]]></system-out>
  <system-err><![CDATA[]]></system-err>
</testsuite>
